============================= test session starts ==============================
platform linux -- Python 3.8.0, pytest-6.2.2, py-1.10.0, pluggy-0.13.1
rootdir: /dc-app-performance-toolkit/app
plugins: apiritif-0.9.6
collected 9 items

selenium_ui/confluence_ui.py first driver inits
1613034653010,327,selenium_login:open_login_page,Success,True
1613034654029,936,selenium_login:login_and_view_dashboard,Success,True
1613034654029,1346,selenium_login,Success,True
.test_0_selenium_a_login,Total:1 Passed:1 Failed:0
1613034654608,544,selenium_view_page,Success,True
.test_1_selenium_view_page,Total:2 Passed:2 Failed:0
1613034655409,799,selenium_create_page:open_create_page_editor,Success,True
1613034656608,568,selenium_create_page:save_created_page,Success,True
1613034656609,1998,selenium_create_page,Success,True
.test_1_selenium_create_page,Total:3 Passed:3 Failed:0
1613034659371,2761,selenium_edit_page:open_create_page_editor,Success,True
1613034660073,681,selenium_edit_page:save_edited_page,Success,True
1613034660073,3463,selenium_edit_page,Success,True
.test_1_selenium_edit_page,Total:4 Passed:4 Failed:0
1613034661098,644,selenium_create_comment:write_comment,Success,True
1613034661713,615,selenium_create_comment:save_comment,Success,True
1613034661713,1638,selenium_create_comment,Success,True
.test_1_selenium_create_comment,Total:5 Passed:5 Failed:0
1613034662357,642,selenium_view_blog,Success,True
.test_1_selenium_view_blog,Total:6 Passed:6 Failed:0
1613034664068,1709,selenium_view_dashboard,Success,True
.test_1_selenium_view_dashboard,Total:7 Passed:7 Failed:0
1613034666837,2767,selenium_app_custom_action:view_page,Success,True
1613034666837,2768,selenium_app_custom_action,Success,True
.test_1_selenium_custom_action,Total:8 Passed:8 Failed:0
1613034667039,200,selenium_log_out,Success,True
.test_2_selenium_z_log_out,Total:9 Passed:9 Failed:0


=============================== warnings summary ===============================
../../usr/local/lib/python3.8/dist-packages/_pytest/config/__init__.py:1114
  /usr/local/lib/python3.8/dist-packages/_pytest/config/__init__.py:1114: PytestAssertRewriteWarning: Module already imported so cannot be rewritten: apiritif
    self._mark_plugins_for_rewrite(hook)

-- Docs: https://docs.pytest.org/en/stable/warnings.html
======================== 9 passed, 1 warning in 15.49s =========================
============================= test session starts ==============================
platform linux -- Python 3.8.0, pytest-6.2.2, py-1.10.0, pluggy-0.13.1
rootdir: /dc-app-performance-toolkit/app
plugins: apiritif-0.9.6
collected 9 items

selenium_ui/confluence_ui.py get driver from global
1613034667220,126,selenium_login:open_login_page,Success,True
1613034668101,800,selenium_login:login_and_view_dashboard,Success,True
1613034668101,1007,selenium_login,Success,True
.test_0_selenium_a_login,Total:10 Passed:10 Failed:0
1613034669143,986,selenium_view_page,Success,True
.test_1_selenium_view_page,Total:11 Passed:11 Failed:0
1613034669917,772,selenium_create_page:open_create_page_editor,Success,True
1613034671182,634,selenium_create_page:save_created_page,Success,True
1613034671182,2038,selenium_create_page,Success,True
.test_1_selenium_create_page,Total:12 Passed:12 Failed:0
1613034672711,1527,selenium_edit_page:open_create_page_editor,Success,True
1613034673922,1190,selenium_edit_page:save_edited_page,Success,True
1613034673922,2739,selenium_edit_page,Success,True
.test_1_selenium_edit_page,Total:13 Passed:13 Failed:0
1613034675526,660,selenium_create_comment:write_comment,Success,True
1613034676139,612,selenium_create_comment:save_comment,Success,True
1613034676139,2215,selenium_create_comment,Success,True
.test_1_selenium_create_comment,Total:14 Passed:14 Failed:0
1613034677528,1387,selenium_view_blog,Success,True
.test_1_selenium_view_blog,Total:15 Passed:15 Failed:0
1613034679200,1670,selenium_view_dashboard,Success,True
.test_1_selenium_view_dashboard,Total:16 Passed:16 Failed:0
1613034681827,2626,selenium_app_custom_action:view_page,Success,True
1613034681827,2626,selenium_app_custom_action,Success,True
.test_1_selenium_custom_action,Total:17 Passed:17 Failed:0
1613034682023,194,selenium_log_out,Success,True
.test_2_selenium_z_log_out,Total:18 Passed:18 Failed:0


=============================== warnings summary ===============================
../../usr/local/lib/python3.8/dist-packages/_pytest/config/__init__.py:1114
  /usr/local/lib/python3.8/dist-packages/_pytest/config/__init__.py:1114: PytestAssertRewriteWarning: Module already imported so cannot be rewritten: apiritif
    self._mark_plugins_for_rewrite(hook)

-- Docs: https://docs.pytest.org/en/stable/warnings.html
======================== 9 passed, 1 warning in 14.94s =========================
============================= test session starts ==============================
platform linux -- Python 3.8.0, pytest-6.2.2, py-1.10.0, pluggy-0.13.1
rootdir: /dc-app-performance-toolkit/app
plugins: apiritif-0.9.6
collected 9 items

selenium_ui/confluence_ui.py get driver from global
1613034682196,122,selenium_login:open_login_page,Success,True
1613034683157,878,selenium_login:login_and_view_dashboard,Success,True
1613034683157,1083,selenium_login,Success,True
.test_0_selenium_a_login,Total:19 Passed:19 Failed:0
1613034683784,569,selenium_view_page,Success,True
.test_1_selenium_view_page,Total:20 Passed:20 Failed:0
1613034684574,788,selenium_create_page:open_create_page_editor,Success,True
1613034685830,618,selenium_create_page:save_created_page,Success,True
1613034685830,2044,selenium_create_page,Success,True
.test_1_selenium_create_page,Total:21 Passed:21 Failed:0
1613034687651,1819,selenium_edit_page:open_create_page_editor,Success,True
1613034688683,1011,selenium_edit_page:save_edited_page,Success,True
1613034688683,2852,selenium_edit_page,Success,True
.test_1_selenium_edit_page,Total:22 Passed:22 Failed:0
1613034689946,758,selenium_create_comment:write_comment,Success,True
1613034690561,615,selenium_create_comment:save_comment,Success,True
1613034690562,1876,selenium_create_comment,Success,True
.test_1_selenium_create_comment,Total:23 Passed:23 Failed:0
1613034691182,619,selenium_view_blog,Success,True
.test_1_selenium_view_blog,Total:24 Passed:24 Failed:0
1613034692848,1665,selenium_view_dashboard,Success,True
.test_1_selenium_view_dashboard,Total:25 Passed:25 Failed:0
1613034695742,2892,selenium_app_custom_action:view_page,Success,True
1613034695742,2892,selenium_app_custom_action,Success,True
.test_1_selenium_custom_action,Total:26 Passed:26 Failed:0
1613034695937,193,selenium_log_out,Success,True
.test_2_selenium_z_log_out,Total:27 Passed:27 Failed:0


=============================== warnings summary ===============================
../../usr/local/lib/python3.8/dist-packages/_pytest/config/__init__.py:1114
  /usr/local/lib/python3.8/dist-packages/_pytest/config/__init__.py:1114: PytestAssertRewriteWarning: Module already imported so cannot be rewritten: apiritif
    self._mark_plugins_for_rewrite(hook)

-- Docs: https://docs.pytest.org/en/stable/warnings.html
======================== 9 passed, 1 warning in 13.87s =========================
============================= test session starts ==============================
platform linux -- Python 3.8.0, pytest-6.2.2, py-1.10.0, pluggy-0.13.1
rootdir: /dc-app-performance-toolkit/app
plugins: apiritif-0.9.6
collected 9 items

selenium_ui/confluence_ui.py get driver from global
1613034696110,121,selenium_login:open_login_page,Success,True
1613034696979,789,selenium_login:login_and_view_dashboard,Success,True
1613034696979,990,selenium_login,Success,True
.test_0_selenium_a_login,Total:28 Passed:28 Failed:0
1613034697518,480,selenium_view_page,Success,True
.test_1_selenium_view_page,Total:29 Passed:29 Failed:0
1613034698175,655,selenium_create_page:open_create_page_editor,Success,True
1613034699425,626,selenium_create_page:save_created_page,Success,True
1613034699426,1906,selenium_create_page,Success,True
.test_1_selenium_create_page,Total:30 Passed:30 Failed:0
1613034701772,2345,selenium_edit_page:open_create_page_editor,Success,True
1613034702531,738,selenium_edit_page:save_edited_page,Success,True
1613034702531,3104,selenium_edit_page,Success,True
.test_1_selenium_edit_page,Total:31 Passed:31 Failed:0
1613034703691,733,selenium_create_comment:write_comment,Success,True
1613034704313,621,selenium_create_comment:save_comment,Success,True
1613034704313,1780,selenium_create_comment,Success,True
.test_1_selenium_create_comment,Total:32 Passed:32 Failed:0
1613034704995,680,selenium_view_blog,Success,True
.test_1_selenium_view_blog,Total:33 Passed:33 Failed:0
1613034706694,1698,selenium_view_dashboard,Success,True
.test_1_selenium_view_dashboard,Total:34 Passed:34 Failed:0
1613034709951,3255,selenium_app_custom_action:view_page,Success,True
1613034709951,3255,selenium_app_custom_action,Success,True
.test_1_selenium_custom_action,Total:35 Passed:35 Failed:0
1613034710149,196,selenium_log_out,Success,True
.test_2_selenium_z_log_out,Total:36 Passed:36 Failed:0


=============================== warnings summary ===============================
../../usr/local/lib/python3.8/dist-packages/_pytest/config/__init__.py:1114
  /usr/local/lib/python3.8/dist-packages/_pytest/config/__init__.py:1114: PytestAssertRewriteWarning: Module already imported so cannot be rewritten: apiritif
    self._mark_plugins_for_rewrite(hook)

-- Docs: https://docs.pytest.org/en/stable/warnings.html
======================== 9 passed, 1 warning in 14.17s =========================
============================= test session starts ==============================
platform linux -- Python 3.8.0, pytest-6.2.2, py-1.10.0, pluggy-0.13.1
rootdir: /dc-app-performance-toolkit/app
plugins: apiritif-0.9.6
collected 9 items

selenium_ui/confluence_ui.py get driver from global
1613034710325,123,selenium_login:open_login_page,Success,True
1613034711158,753,selenium_login:login_and_view_dashboard,Success,True
1613034711158,956,selenium_login,Success,True
.test_0_selenium_a_login,Total:37 Passed:37 Failed:0
1613034712118,901,selenium_view_page,Success,True
.test_1_selenium_view_page,Total:38 Passed:38 Failed:0
1613034712814,694,selenium_create_page:open_create_page_editor,Success,True
1613034714065,616,selenium_create_page:save_created_page,Success,True
1613034714065,1946,selenium_create_page,Success,True
.test_1_selenium_create_page,Total:39 Passed:39 Failed:0
1613034715600,1533,selenium_edit_page:open_create_page_editor,Success,True
1613034716793,1171,selenium_edit_page:save_edited_page,Success,True
1613034716793,2726,selenium_edit_page,Success,True
.test_1_selenium_edit_page,Total:40 Passed:40 Failed:0
1613034718360,698,selenium_create_comment:write_comment,Success,True
1613034718977,616,selenium_create_comment:save_comment,Success,True
1613034718977,2182,selenium_create_comment,Success,True
.test_1_selenium_create_comment,Total:41 Passed:41 Failed:0
1613034719547,568,selenium_view_blog,Success,True
.test_1_selenium_view_blog,Total:42 Passed:42 Failed:0
1613034721276,1727,selenium_view_dashboard,Success,True
.test_1_selenium_view_dashboard,Total:43 Passed:43 Failed:0
1613034724080,2802,selenium_app_custom_action:view_page,Success,True
1613034724080,2802,selenium_app_custom_action,Success,True
.test_1_selenium_custom_action,Total:44 Passed:44 Failed:0
1613034724276,195,selenium_log_out,Success,True
.test_2_selenium_z_log_out,Total:45 Passed:45 Failed:0


=============================== warnings summary ===============================
../../usr/local/lib/python3.8/dist-packages/_pytest/config/__init__.py:1114
  /usr/local/lib/python3.8/dist-packages/_pytest/config/__init__.py:1114: PytestAssertRewriteWarning: Module already imported so cannot be rewritten: apiritif
    self._mark_plugins_for_rewrite(hook)

-- Docs: https://docs.pytest.org/en/stable/warnings.html
======================== 9 passed, 1 warning in 14.08s =========================
============================= test session starts ==============================
platform linux -- Python 3.8.0, pytest-6.2.2, py-1.10.0, pluggy-0.13.1
rootdir: /dc-app-performance-toolkit/app
plugins: apiritif-0.9.6
collected 9 items

selenium_ui/confluence_ui.py get driver from global
1613034724451,122,selenium_login:open_login_page,Success,True
1613034725326,794,selenium_login:login_and_view_dashboard,Success,True
1613034725326,997,selenium_login,Success,True
.test_0_selenium_a_login,Total:46 Passed:46 Failed:0
1613034725969,584,selenium_view_page,Success,True
.test_1_selenium_view_page,Total:47 Passed:47 Failed:0
1613034726763,793,selenium_create_page:open_create_page_editor,Success,True
1613034728067,626,selenium_create_page:save_created_page,Success,True
1613034728067,2097,selenium_create_page,Success,True
.test_1_selenium_create_page,Total:48 Passed:48 Failed:0
1613034729779,1710,selenium_edit_page:open_create_page_editor,Success,True
1613034730921,1121,selenium_edit_page:save_edited_page,Success,True
1613034730921,2852,selenium_edit_page,Success,True
.test_1_selenium_edit_page,Total:49 Passed:49 Failed:0
1613034732294,804,selenium_create_comment:write_comment,Success,True
1613034732929,634,selenium_create_comment:save_comment,Success,True
1613034732929,2005,selenium_create_comment,Success,True
.test_1_selenium_create_comment,Total:50 Passed:50 Failed:0
1613034733731,801,selenium_view_blog,Success,True
.test_1_selenium_view_blog,Total:51 Passed:51 Failed:0
1613034735475,1741,selenium_view_dashboard,Success,True
.test_1_selenium_view_dashboard,Total:52 Passed:52 Failed:0
1613034738682,3205,selenium_app_custom_action:view_page,Success,True
1613034738682,3205,selenium_app_custom_action,Success,True
.test_1_selenium_custom_action,Total:53 Passed:53 Failed:0
1613034738888,205,selenium_log_out,Success,True
.test_2_selenium_z_log_out,Total:54 Passed:54 Failed:0


=============================== warnings summary ===============================
../../usr/local/lib/python3.8/dist-packages/_pytest/config/__init__.py:1114
  /usr/local/lib/python3.8/dist-packages/_pytest/config/__init__.py:1114: PytestAssertRewriteWarning: Module already imported so cannot be rewritten: apiritif
    self._mark_plugins_for_rewrite(hook)

-- Docs: https://docs.pytest.org/en/stable/warnings.html
======================== 9 passed, 1 warning in 14.57s =========================
============================= test session starts ==============================
platform linux -- Python 3.8.0, pytest-6.2.2, py-1.10.0, pluggy-0.13.1
rootdir: /dc-app-performance-toolkit/app
plugins: apiritif-0.9.6
collected 9 items

selenium_ui/confluence_ui.py get driver from global
1613034739082,139,selenium_login:open_login_page,Success,True
1613034740052,881,selenium_login:login_and_view_dashboard,Success,True
1613034740053,1109,selenium_login,Success,True
.test_0_selenium_a_login,Total:55 Passed:55 Failed:0
1613034740527,406,selenium_view_page,Success,True
.test_1_selenium_view_page,Total:56 Passed:56 Failed:0
1613034741334,804,selenium_create_page:open_create_page_editor,Success,True
1613034742659,681,selenium_create_page:save_created_page,Success,True
1613034742659,2129,selenium_create_page,Success,True
.test_1_selenium_create_page,Total:57 Passed:57 Failed:0
1613034743741,1080,selenium_edit_page:open_create_page_editor,Success,True
1613034744507,742,selenium_edit_page:save_edited_page,Success,True
1613034744507,1847,selenium_edit_page,Success,True
.test_1_selenium_edit_page,Total:58 Passed:58 Failed:0
1613034745601,674,selenium_create_comment:write_comment,Success,True
1613034746226,624,selenium_create_comment:save_comment,Success,True
1613034746226,1717,selenium_create_comment,Success,True
.test_1_selenium_create_comment,Total:59 Passed:59 Failed:0
1613034747005,777,selenium_view_blog,Success,True
.test_1_selenium_view_blog,Total:60 Passed:60 Failed:0
1613034748674,1667,selenium_view_dashboard,Success,True
.test_1_selenium_view_dashboard,Total:61 Passed:61 Failed:0
1613034751602,2926,selenium_app_custom_action:view_page,Success,True
1613034751602,2926,selenium_app_custom_action,Success,True
.test_1_selenium_custom_action,Total:62 Passed:62 Failed:0
1613034751808,204,selenium_log_out,Success,True
.test_2_selenium_z_log_out,Total:63 Passed:63 Failed:0


=============================== warnings summary ===============================
../../usr/local/lib/python3.8/dist-packages/_pytest/config/__init__.py:1114
  /usr/local/lib/python3.8/dist-packages/_pytest/config/__init__.py:1114: PytestAssertRewriteWarning: Module already imported so cannot be rewritten: apiritif
    self._mark_plugins_for_rewrite(hook)

-- Docs: https://docs.pytest.org/en/stable/warnings.html
======================== 9 passed, 1 warning in 12.87s =========================
============================= test session starts ==============================
platform linux -- Python 3.8.0, pytest-6.2.2, py-1.10.0, pluggy-0.13.1
rootdir: /dc-app-performance-toolkit/app
plugins: apiritif-0.9.6
collected 9 items

selenium_ui/confluence_ui.py get driver from global
1613034751983,122,selenium_login:open_login_page,Success,True
1613034752967,900,selenium_login:login_and_view_dashboard,Success,True
1613034752967,1107,selenium_login,Success,True
.test_0_selenium_a_login,Total:64 Passed:64 Failed:0
1613034753466,440,selenium_view_page,Success,True
.test_1_selenium_view_page,Total:65 Passed:65 Failed:0
1613034754154,686,selenium_create_page:open_create_page_editor,Success,True
1613034755421,640,selenium_create_page:save_created_page,Success,True
1613034755421,1953,selenium_create_page,Success,True
.test_1_selenium_create_page,Total:66 Passed:66 Failed:0
1613034756469,1045,selenium_edit_page:open_create_page_editor,Success,True
1613034757219,729,selenium_edit_page:save_edited_page,Success,True
1613034757219,1796,selenium_edit_page,Success,True
.test_1_selenium_edit_page,Total:67 Passed:67 Failed:0
1613034758346,711,selenium_create_comment:write_comment,Success,True
1613034758963,616,selenium_create_comment:save_comment,Success,True
1613034758963,1741,selenium_create_comment,Success,True
.test_1_selenium_create_comment,Total:68 Passed:68 Failed:0
1613034759594,630,selenium_view_blog,Success,True
.test_1_selenium_view_blog,Total:69 Passed:69 Failed:0
1613034761277,1681,selenium_view_dashboard,Success,True
.test_1_selenium_view_dashboard,Total:70 Passed:70 Failed:0
1613034764320,3041,selenium_app_custom_action:view_page,Success,True
1613034764320,3041,selenium_app_custom_action,Success,True
.test_1_selenium_custom_action,Total:71 Passed:71 Failed:0
1613034764516,194,selenium_log_out,Success,True
.test_2_selenium_z_log_out,Total:72 Passed:72 Failed:0


=============================== warnings summary ===============================
../../usr/local/lib/python3.8/dist-packages/_pytest/config/__init__.py:1114
  /usr/local/lib/python3.8/dist-packages/_pytest/config/__init__.py:1114: PytestAssertRewriteWarning: Module already imported so cannot be rewritten: apiritif
    self._mark_plugins_for_rewrite(hook)

-- Docs: https://docs.pytest.org/en/stable/warnings.html
======================== 9 passed, 1 warning in 12.66s =========================
============================= test session starts ==============================
platform linux -- Python 3.8.0, pytest-6.2.2, py-1.10.0, pluggy-0.13.1
rootdir: /dc-app-performance-toolkit/app
plugins: apiritif-0.9.6
collected 9 items

selenium_ui/confluence_ui.py get driver from global
1613034764690,123,selenium_login:open_login_page,Success,True
1613034765529,754,selenium_login:login_and_view_dashboard,Success,True
1613034765529,962,selenium_login,Success,True
.test_0_selenium_a_login,Total:73 Passed:73 Failed:0
1613034765962,373,selenium_view_page,Success,True
.test_1_selenium_view_page,Total:74 Passed:74 Failed:0
1613034766662,698,selenium_create_page:open_create_page_editor,Success,True
1613034767920,623,selenium_create_page:save_created_page,Success,True
1613034767920,1956,selenium_create_page,Success,True
.test_1_selenium_create_page,Total:75 Passed:75 Failed:0
1613034770002,2081,selenium_edit_page:open_create_page_editor,Success,True
1613034770772,749,selenium_edit_page:save_edited_page,Success,True
1613034770772,2851,selenium_edit_page,Success,True
.test_1_selenium_edit_page,Total:76 Passed:76 Failed:0
1613034771827,685,selenium_create_comment:write_comment,Success,True
1613034772443,616,selenium_create_comment:save_comment,Success,True
1613034772443,1670,selenium_create_comment,Success,True
.test_1_selenium_create_comment,Total:77 Passed:77 Failed:0
1613034773823,1378,selenium_view_blog,Success,True
.test_1_selenium_view_blog,Total:78 Passed:78 Failed:0
1613034775503,1678,selenium_view_dashboard,Success,True
.test_1_selenium_view_dashboard,Total:79 Passed:79 Failed:0
1613034778404,2900,selenium_app_custom_action:view_page,Success,True
1613034778404,2900,selenium_app_custom_action,Success,True
.test_1_selenium_custom_action,Total:80 Passed:80 Failed:0
1613034778604,198,selenium_log_out,Success,True
.test_2_selenium_z_log_out,Total:81 Passed:81 Failed:0


=============================== warnings summary ===============================
../../usr/local/lib/python3.8/dist-packages/_pytest/config/__init__.py:1114
  /usr/local/lib/python3.8/dist-packages/_pytest/config/__init__.py:1114: PytestAssertRewriteWarning: Module already imported so cannot be rewritten: apiritif
    self._mark_plugins_for_rewrite(hook)

-- Docs: https://docs.pytest.org/en/stable/warnings.html
======================== 9 passed, 1 warning in 14.05s =========================
============================= test session starts ==============================
platform linux -- Python 3.8.0, pytest-6.2.2, py-1.10.0, pluggy-0.13.1
rootdir: /dc-app-performance-toolkit/app
plugins: apiritif-0.9.6
collected 9 items

selenium_ui/confluence_ui.py get driver from global
1613034778785,123,selenium_login:open_login_page,Success,True
1613034779723,857,selenium_login:login_and_view_dashboard,Success,True
1613034779723,1061,selenium_login,Success,True
.test_0_selenium_a_login,Total:82 Passed:82 Failed:0
1613034780192,411,selenium_view_page,Success,True
.test_1_selenium_view_page,Total:83 Passed:83 Failed:0
1613034780942,748,selenium_create_page:open_create_page_editor,Success,True
1613034782186,611,selenium_create_page:save_created_page,Success,True
1613034782186,1993,selenium_create_page,Success,True
.test_1_selenium_create_page,Total:84 Passed:84 Failed:0
1613034783232,1044,selenium_edit_page:open_create_page_editor,Success,True
1613034783941,684,selenium_edit_page:save_edited_page,Success,True
1613034783941,1753,selenium_edit_page,Success,True
.test_1_selenium_edit_page,Total:85 Passed:85 Failed:0
1613034784978,646,selenium_create_comment:write_comment,Success,True
1613034785593,614,selenium_create_comment:save_comment,Success,True
1613034785593,1651,selenium_create_comment,Success,True
.test_1_selenium_create_comment,Total:86 Passed:86 Failed:0
1613034786227,632,selenium_view_blog,Success,True
.test_1_selenium_view_blog,Total:87 Passed:87 Failed:0
1613034787958,1730,selenium_view_dashboard,Success,True
.test_1_selenium_view_dashboard,Total:88 Passed:88 Failed:0
1613034790997,3037,selenium_app_custom_action:view_page,Success,True
1613034790997,3037,selenium_app_custom_action,Success,True
.test_1_selenium_custom_action,Total:89 Passed:89 Failed:0
1613034791193,193,selenium_log_out,Success,True
.test_2_selenium_z_log_out,Total:90 Passed:90 Failed:0


=============================== warnings summary ===============================
../../usr/local/lib/python3.8/dist-packages/_pytest/config/__init__.py:1114
  /usr/local/lib/python3.8/dist-packages/_pytest/config/__init__.py:1114: PytestAssertRewriteWarning: Module already imported so cannot be rewritten: apiritif
    self._mark_plugins_for_rewrite(hook)

-- Docs: https://docs.pytest.org/en/stable/warnings.html
======================== 9 passed, 1 warning in 12.54s =========================
============================= test session starts ==============================
platform linux -- Python 3.8.0, pytest-6.2.2, py-1.10.0, pluggy-0.13.1
rootdir: /dc-app-performance-toolkit/app
plugins: apiritif-0.9.6
collected 9 items

selenium_ui/confluence_ui.py get driver from global
1613034791370,125,selenium_login:open_login_page,Success,True
1613034792248,796,selenium_login:login_and_view_dashboard,Success,True
1613034792248,1003,selenium_login,Success,True
.test_0_selenium_a_login,Total:91 Passed:91 Failed:0
1613034792794,487,selenium_view_page,Success,True
.test_1_selenium_view_page,Total:92 Passed:92 Failed:0
1613034793493,697,selenium_create_page:open_create_page_editor,Success,True
1613034794857,726,selenium_create_page:save_created_page,Success,True
1613034794857,2062,selenium_create_page,Success,True
.test_1_selenium_create_page,Total:93 Passed:93 Failed:0
1613034796435,1576,selenium_edit_page:open_create_page_editor,Success,True
1613034797213,757,selenium_edit_page:save_edited_page,Success,True
1613034797213,2354,selenium_edit_page,Success,True
.test_1_selenium_edit_page,Total:94 Passed:94 Failed:0
1613034798334,697,selenium_create_comment:write_comment,Success,True
1613034798972,637,selenium_create_comment:save_comment,Success,True
1613034798972,1757,selenium_create_comment,Success,True
.test_1_selenium_create_comment,Total:95 Passed:95 Failed:0
1613034800386,1412,selenium_view_blog,Success,True
.test_1_selenium_view_blog,Total:96 Passed:96 Failed:0
1613034802103,1715,selenium_view_dashboard,Success,True
.test_1_selenium_view_dashboard,Total:97 Passed:97 Failed:0
1613034805306,3202,selenium_app_custom_action:view_page,Success,True
1613034805306,3202,selenium_app_custom_action,Success,True
.test_1_selenium_custom_action,Total:98 Passed:98 Failed:0
1613034805506,198,selenium_log_out,Success,True
.test_2_selenium_z_log_out,Total:99 Passed:99 Failed:0


=============================== warnings summary ===============================
../../usr/local/lib/python3.8/dist-packages/_pytest/config/__init__.py:1114
  /usr/local/lib/python3.8/dist-packages/_pytest/config/__init__.py:1114: PytestAssertRewriteWarning: Module already imported so cannot be rewritten: apiritif
    self._mark_plugins_for_rewrite(hook)

-- Docs: https://docs.pytest.org/en/stable/warnings.html
======================== 9 passed, 1 warning in 14.27s =========================
============================= test session starts ==============================
platform linux -- Python 3.8.0, pytest-6.2.2, py-1.10.0, pluggy-0.13.1
rootdir: /dc-app-performance-toolkit/app
plugins: apiritif-0.9.6
collected 9 items

selenium_ui/confluence_ui.py get driver from global
1613034805681,123,selenium_login:open_login_page,Success,True
1613034806552,791,selenium_login:login_and_view_dashboard,Success,True
1613034806552,994,selenium_login,Success,True
.test_0_selenium_a_login,Total:100 Passed:100 Failed:0
1613034807647,1065,selenium_view_page,Success,True
.test_1_selenium_view_page,Total:101 Passed:101 Failed:0
1613034808437,788,selenium_create_page:open_create_page_editor,Success,True
1613034809743,636,selenium_create_page:save_created_page,Success,True
1613034809743,2094,selenium_create_page,Success,True
.test_1_selenium_create_page,Total:102 Passed:102 Failed:0
1613034811279,1535,selenium_edit_page:open_create_page_editor,Success,True
1613034812488,1188,selenium_edit_page:save_edited_page,Success,True
1613034812488,2744,selenium_edit_page,Success,True
.test_1_selenium_edit_page,Total:103 Passed:103 Failed:0
1613034814215,656,selenium_create_comment:write_comment,Success,True
1613034814839,623,selenium_create_comment:save_comment,Success,True
1613034814839,2349,selenium_create_comment,Success,True
.test_1_selenium_create_comment,Total:104 Passed:104 Failed:0
1613034815560,719,selenium_view_blog,Success,True
.test_1_selenium_view_blog,Total:105 Passed:105 Failed:0
1613034817299,1738,selenium_view_dashboard,Success,True
.test_1_selenium_view_dashboard,Total:106 Passed:106 Failed:0
1613034819949,2648,selenium_app_custom_action:view_page,Success,True
1613034819949,2648,selenium_app_custom_action,Success,True
.test_1_selenium_custom_action,Total:107 Passed:107 Failed:0
1613034820150,199,selenium_log_out,Success,True
.test_2_selenium_z_log_out,Total:108 Passed:108 Failed:0


=============================== warnings summary ===============================
../../usr/local/lib/python3.8/dist-packages/_pytest/config/__init__.py:1114
  /usr/local/lib/python3.8/dist-packages/_pytest/config/__init__.py:1114: PytestAssertRewriteWarning: Module already imported so cannot be rewritten: apiritif
    self._mark_plugins_for_rewrite(hook)

-- Docs: https://docs.pytest.org/en/stable/warnings.html
======================== 9 passed, 1 warning in 14.60s =========================
============================= test session starts ==============================
platform linux -- Python 3.8.0, pytest-6.2.2, py-1.10.0, pluggy-0.13.1
rootdir: /dc-app-performance-toolkit/app
plugins: apiritif-0.9.6
collected 9 items

selenium_ui/confluence_ui.py get driver from global
1613034820351,127,selenium_login:open_login_page,Success,True
1613034821307,871,selenium_login:login_and_view_dashboard,Success,True
1613034821308,1083,selenium_login,Success,True
.test_0_selenium_a_login,Total:109 Passed:109 Failed:0
1613034821741,371,selenium_view_page,Success,True
.test_1_selenium_view_page,Total:110 Passed:110 Failed:0
1613034822436,693,selenium_create_page:open_create_page_editor,Success,True
1613034823723,647,selenium_create_page:save_created_page,Success,True
1613034823723,1980,selenium_create_page,Success,True
.test_1_selenium_create_page,Total:111 Passed:111 Failed:0
1613034826315,2590,selenium_edit_page:open_create_page_editor,Success,True
1613034826999,663,selenium_edit_page:save_edited_page,Success,True
1613034826999,3275,selenium_edit_page,Success,True
.test_1_selenium_edit_page,Total:112 Passed:112 Failed:0
1613034828043,658,selenium_create_comment:write_comment,Success,True
1613034828660,616,selenium_create_comment:save_comment,Success,True
1613034828660,1659,selenium_create_comment,Success,True
.test_1_selenium_create_comment,Total:113 Passed:113 Failed:0
1613034829344,682,selenium_view_blog,Success,True
.test_1_selenium_view_blog,Total:114 Passed:114 Failed:0
1613034831019,1673,selenium_view_dashboard,Success,True
.test_1_selenium_view_dashboard,Total:115 Passed:115 Failed:0
1613034834113,3092,selenium_app_custom_action:view_page,Success,True
1613034834113,3092,selenium_app_custom_action,Success,True
.test_1_selenium_custom_action,Total:116 Passed:116 Failed:0
1613034834312,198,selenium_log_out,Success,True
.test_2_selenium_z_log_out,Total:117 Passed:117 Failed:0


=============================== warnings summary ===============================
../../usr/local/lib/python3.8/dist-packages/_pytest/config/__init__.py:1114
  /usr/local/lib/python3.8/dist-packages/_pytest/config/__init__.py:1114: PytestAssertRewriteWarning: Module already imported so cannot be rewritten: apiritif
    self._mark_plugins_for_rewrite(hook)

-- Docs: https://docs.pytest.org/en/stable/warnings.html
======================== 9 passed, 1 warning in 14.10s =========================
============================= test session starts ==============================
platform linux -- Python 3.8.0, pytest-6.2.2, py-1.10.0, pluggy-0.13.1
rootdir: /dc-app-performance-toolkit/app
plugins: apiritif-0.9.6
collected 9 items

selenium_ui/confluence_ui.py get driver from global
1613034834488,123,selenium_login:open_login_page,Success,True
1613034835368,800,selenium_login:login_and_view_dashboard,Success,True
1613034835368,1004,selenium_login,Success,True
.test_0_selenium_a_login,Total:118 Passed:118 Failed:0
1613034835850,426,selenium_view_page,Success,True
.test_1_selenium_view_page,Total:119 Passed:119 Failed:0
1613034836565,712,selenium_create_page:open_create_page_editor,Success,True
1613034837887,661,selenium_create_page:save_created_page,Success,True
1613034837887,2035,selenium_create_page,Success,True
.test_1_selenium_create_page,Total:120 Passed:120 Failed:0
1613034839442,1553,selenium_edit_page:open_create_page_editor,Success,True
1613034840130,666,selenium_edit_page:save_edited_page,Success,True
1613034840130,2241,selenium_edit_page,Success,True
.test_1_selenium_edit_page,Total:121 Passed:121 Failed:0
1613034841226,665,selenium_create_comment:write_comment,Success,True
1613034841884,657,selenium_create_comment:save_comment,Success,True
1613034841884,1751,selenium_create_comment,Success,True
.test_1_selenium_create_comment,Total:122 Passed:122 Failed:0
1613034842642,756,selenium_view_blog,Success,True
.test_1_selenium_view_blog,Total:123 Passed:123 Failed:0
1613034844323,1680,selenium_view_dashboard,Success,True
.test_1_selenium_view_dashboard,Total:124 Passed:124 Failed:0
1613034847571,3246,selenium_app_custom_action:view_page,Success,True
1613034847571,3246,selenium_app_custom_action,Success,True
.test_1_selenium_custom_action,Total:125 Passed:125 Failed:0
1613034847768,195,selenium_log_out,Success,True
.test_2_selenium_z_log_out,Total:126 Passed:126 Failed:0


=============================== warnings summary ===============================
../../usr/local/lib/python3.8/dist-packages/_pytest/config/__init__.py:1114
  /usr/local/lib/python3.8/dist-packages/_pytest/config/__init__.py:1114: PytestAssertRewriteWarning: Module already imported so cannot be rewritten: apiritif
    self._mark_plugins_for_rewrite(hook)

-- Docs: https://docs.pytest.org/en/stable/warnings.html
======================== 9 passed, 1 warning in 13.41s =========================
============================= test session starts ==============================
platform linux -- Python 3.8.0, pytest-6.2.2, py-1.10.0, pluggy-0.13.1
rootdir: /dc-app-performance-toolkit/app
plugins: apiritif-0.9.6
collected 9 items

selenium_ui/confluence_ui.py get driver from global
1613034847949,125,selenium_login:open_login_page,Success,True
1613034848884,854,selenium_login:login_and_view_dashboard,Success,True
1613034848884,1060,selenium_login,Success,True
.test_0_selenium_a_login,Total:127 Passed:127 Failed:0
1613034849268,369,selenium_view_page,Success,True
.test_1_selenium_view_page,Total:128 Passed:128 Failed:0
1613034850065,795,selenium_create_page:open_create_page_editor,Success,True
1613034851384,650,selenium_create_page:save_created_page,Success,True
1613034851384,2113,selenium_create_page,Success,True
.test_1_selenium_create_page,Total:129 Passed:129 Failed:0
1613034852961,1575,selenium_edit_page:open_create_page_editor,Success,True
1613034853696,715,selenium_edit_page:save_edited_page,Success,True
1613034853696,2311,selenium_edit_page,Success,True
.test_1_selenium_edit_page,Total:130 Passed:130 Failed:0
1613034854706,692,selenium_create_comment:write_comment,Success,True
1613034855328,621,selenium_create_comment:save_comment,Success,True
1613034855328,1630,selenium_create_comment,Success,True
.test_1_selenium_create_comment,Total:131 Passed:131 Failed:0
1613034856102,771,selenium_view_blog,Success,True
.test_1_selenium_view_blog,Total:132 Passed:132 Failed:0
1613034857877,1774,selenium_view_dashboard,Success,True
.test_1_selenium_view_dashboard,Total:133 Passed:133 Failed:0
1613034861072,3193,selenium_app_custom_action:view_page,Success,True
1613034861072,3193,selenium_app_custom_action,Success,True
.test_1_selenium_custom_action,Total:134 Passed:134 Failed:0
1613034861268,194,selenium_log_out,Success,True
.test_2_selenium_z_log_out,Total:135 Passed:135 Failed:0


=============================== warnings summary ===============================
../../usr/local/lib/python3.8/dist-packages/_pytest/config/__init__.py:1114
  /usr/local/lib/python3.8/dist-packages/_pytest/config/__init__.py:1114: PytestAssertRewriteWarning: Module already imported so cannot be rewritten: apiritif
    self._mark_plugins_for_rewrite(hook)

-- Docs: https://docs.pytest.org/en/stable/warnings.html
======================== 9 passed, 1 warning in 13.45s =========================
============================= test session starts ==============================
platform linux -- Python 3.8.0, pytest-6.2.2, py-1.10.0, pluggy-0.13.1
rootdir: /dc-app-performance-toolkit/app
plugins: apiritif-0.9.6
collected 9 items

selenium_ui/confluence_ui.py get driver from global
1613034861446,126,selenium_login:open_login_page,Success,True
1613034862341,813,selenium_login:login_and_view_dashboard,Success,True
1613034862342,1022,selenium_login,Success,True
.test_0_selenium_a_login,Total:136 Passed:136 Failed:0
1613034863024,622,selenium_view_page,Success,True
.test_1_selenium_view_page,Total:137 Passed:137 Failed:0
1613034863795,770,selenium_create_page:open_create_page_editor,Success,True
1613034865057,634,selenium_create_page:save_created_page,Success,True
1613034865057,2031,selenium_create_page,Success,True
.test_1_selenium_create_page,Total:138 Passed:138 Failed:0
1613034866533,1475,selenium_edit_page:open_create_page_editor,Success,True
1613034867615,1058,selenium_edit_page:save_edited_page,Success,True
1613034867615,2556,selenium_edit_page,Success,True
.test_1_selenium_edit_page,Total:139 Passed:139 Failed:0
1613034868738,690,selenium_create_comment:write_comment,Success,True
1613034869374,635,selenium_create_comment:save_comment,Success,True
1613034869374,1757,selenium_create_comment,Success,True
.test_1_selenium_create_comment,Total:140 Passed:140 Failed:0
1613034870131,756,selenium_view_blog,Success,True
.test_1_selenium_view_blog,Total:141 Passed:141 Failed:0
1613034871832,1699,selenium_view_dashboard,Success,True
.test_1_selenium_view_dashboard,Total:142 Passed:142 Failed:0
1613034874941,3107,selenium_app_custom_action:view_page,Success,True
1613034874941,3108,selenium_app_custom_action,Success,True
.test_1_selenium_custom_action,Total:143 Passed:143 Failed:0
1613034875142,199,selenium_log_out,Success,True
.test_2_selenium_z_log_out,Total:144 Passed:144 Failed:0


=============================== warnings summary ===============================
../../usr/local/lib/python3.8/dist-packages/_pytest/config/__init__.py:1114
  /usr/local/lib/python3.8/dist-packages/_pytest/config/__init__.py:1114: PytestAssertRewriteWarning: Module already imported so cannot be rewritten: apiritif
    self._mark_plugins_for_rewrite(hook)

-- Docs: https://docs.pytest.org/en/stable/warnings.html
======================== 9 passed, 1 warning in 13.83s =========================
============================= test session starts ==============================
platform linux -- Python 3.8.0, pytest-6.2.2, py-1.10.0, pluggy-0.13.1
rootdir: /dc-app-performance-toolkit/app
plugins: apiritif-0.9.6
collected 9 items

selenium_ui/confluence_ui.py get driver from global
1613034875316,123,selenium_login:open_login_page,Success,True
1613034876225,828,selenium_login:login_and_view_dashboard,Success,True
1613034876225,1032,selenium_login,Success,True
.test_0_selenium_a_login,Total:145 Passed:145 Failed:0
1613034876868,576,selenium_view_page,Success,True
.test_1_selenium_view_page,Total:146 Passed:146 Failed:0
1613034877680,810,selenium_create_page:open_create_page_editor,Success,True
1613034878989,654,selenium_create_page:save_created_page,Success,True
1613034878989,2119,selenium_create_page,Success,True
.test_1_selenium_create_page,Total:147 Passed:147 Failed:0
1613034881214,2223,selenium_edit_page:open_create_page_editor,Success,True
1613034882522,1287,selenium_edit_page:save_edited_page,Success,True
1613034882522,3531,selenium_edit_page,Success,True
.test_1_selenium_edit_page,Total:148 Passed:148 Failed:0
1613034883771,739,selenium_create_comment:write_comment,Success,True
1613034884402,631,selenium_create_comment:save_comment,Success,True
1613034884402,1878,selenium_create_comment,Success,True
.test_1_selenium_create_comment,Total:149 Passed:149 Failed:0
1613034885148,745,selenium_view_blog,Success,True
.test_1_selenium_view_blog,Total:150 Passed:150 Failed:0
1613034886837,1687,selenium_view_dashboard,Success,True
.test_1_selenium_view_dashboard,Total:151 Passed:151 Failed:0
1613034889986,3148,selenium_app_custom_action:view_page,Success,True
1613034889987,3148,selenium_app_custom_action,Success,True
.test_1_selenium_custom_action,Total:152 Passed:152 Failed:0
1613034890194,206,selenium_log_out,Success,True
.test_2_selenium_z_log_out,Total:153 Passed:153 Failed:0


=============================== warnings summary ===============================
../../usr/local/lib/python3.8/dist-packages/_pytest/config/__init__.py:1114
  /usr/local/lib/python3.8/dist-packages/_pytest/config/__init__.py:1114: PytestAssertRewriteWarning: Module already imported so cannot be rewritten: apiritif
    self._mark_plugins_for_rewrite(hook)

-- Docs: https://docs.pytest.org/en/stable/warnings.html
======================== 9 passed, 1 warning in 15.01s =========================
============================= test session starts ==============================
platform linux -- Python 3.8.0, pytest-6.2.2, py-1.10.0, pluggy-0.13.1
rootdir: /dc-app-performance-toolkit/app
plugins: apiritif-0.9.6
collected 9 items

selenium_ui/confluence_ui.py get driver from global
1613034890372,125,selenium_login:open_login_page,Success,True
1613034891284,828,selenium_login:login_and_view_dashboard,Success,True
1613034891284,1038,selenium_login,Success,True
.test_0_selenium_a_login,Total:154 Passed:154 Failed:0
1613034891792,447,selenium_view_page,Success,True
.test_1_selenium_view_page,Total:155 Passed:155 Failed:0
1613034892513,718,selenium_create_page:open_create_page_editor,Success,True
1613034893864,719,selenium_create_page:save_created_page,Success,True
1613034893864,2069,selenium_create_page,Success,True
.test_1_selenium_create_page,Total:156 Passed:156 Failed:0
1613034895396,1531,selenium_edit_page:open_create_page_editor,Success,True
1613034896130,713,selenium_edit_page:save_edited_page,Success,True
1613034896131,2265,selenium_edit_page,Success,True
.test_1_selenium_edit_page,Total:157 Passed:157 Failed:0
1613034897285,734,selenium_create_comment:write_comment,Success,True
1613034897907,621,selenium_create_comment:save_comment,Success,True
1613034897907,1775,selenium_create_comment,Success,True
.test_1_selenium_create_comment,Total:158 Passed:158 Failed:0
1613034898513,604,selenium_view_blog,Success,True
.test_1_selenium_view_blog,Total:159 Passed:159 Failed:0
1613034900290,1775,selenium_view_dashboard,Success,True
.test_1_selenium_view_dashboard,Total:160 Passed:160 Failed:0
1613034903708,3416,selenium_app_custom_action:view_page,Success,True
1613034903708,3416,selenium_app_custom_action,Success,True
.test_1_selenium_custom_action,Total:161 Passed:161 Failed:0
1613034903912,203,selenium_log_out,Success,True
.test_2_selenium_z_log_out,Total:162 Passed:162 Failed:0


=============================== warnings summary ===============================
../../usr/local/lib/python3.8/dist-packages/_pytest/config/__init__.py:1114
  /usr/local/lib/python3.8/dist-packages/_pytest/config/__init__.py:1114: PytestAssertRewriteWarning: Module already imported so cannot be rewritten: apiritif
    self._mark_plugins_for_rewrite(hook)

-- Docs: https://docs.pytest.org/en/stable/warnings.html
======================== 9 passed, 1 warning in 13.68s =========================
============================= test session starts ==============================
platform linux -- Python 3.8.0, pytest-6.2.2, py-1.10.0, pluggy-0.13.1
rootdir: /dc-app-performance-toolkit/app
plugins: apiritif-0.9.6
collected 9 items

selenium_ui/confluence_ui.py get driver from global
1613034904105,135,selenium_login:open_login_page,Success,True
1613034905028,830,selenium_login:login_and_view_dashboard,Success,True
1613034905028,1058,selenium_login,Success,True
.test_0_selenium_a_login,Total:163 Passed:163 Failed:0
1613034905525,462,selenium_view_page,Success,True
.test_1_selenium_view_page,Total:164 Passed:164 Failed:0
1613034906278,751,selenium_create_page:open_create_page_editor,Success,True
1613034907560,648,selenium_create_page:save_created_page,Success,True
1613034907560,2033,selenium_create_page,Success,True
.test_1_selenium_create_page,Total:165 Passed:165 Failed:0
1613034909147,1585,selenium_edit_page:open_create_page_editor,Success,True
1613034909847,678,selenium_edit_page:save_edited_page,Success,True
1613034909847,2285,selenium_edit_page,Success,True
.test_1_selenium_edit_page,Total:166 Passed:166 Failed:0
1613034910917,649,selenium_create_comment:write_comment,Success,True
1613034911549,631,selenium_create_comment:save_comment,Success,True
1613034911549,1701,selenium_create_comment,Success,True
.test_1_selenium_create_comment,Total:167 Passed:167 Failed:0
1613034912227,676,selenium_view_blog,Success,True
.test_1_selenium_view_blog,Total:168 Passed:168 Failed:0
1613034913927,1699,selenium_view_dashboard,Success,True
.test_1_selenium_view_dashboard,Total:169 Passed:169 Failed:0
1613034917428,3499,selenium_app_custom_action:view_page,Success,True
1613034917428,3499,selenium_app_custom_action,Success,True
.test_1_selenium_custom_action,Total:170 Passed:170 Failed:0
1613034917629,199,selenium_log_out,Success,True
.test_2_selenium_z_log_out,Total:171 Passed:171 Failed:0


=============================== warnings summary ===============================
../../usr/local/lib/python3.8/dist-packages/_pytest/config/__init__.py:1114
  /usr/local/lib/python3.8/dist-packages/_pytest/config/__init__.py:1114: PytestAssertRewriteWarning: Module already imported so cannot be rewritten: apiritif
    self._mark_plugins_for_rewrite(hook)

-- Docs: https://docs.pytest.org/en/stable/warnings.html
======================== 9 passed, 1 warning in 13.67s =========================
============================= test session starts ==============================
platform linux -- Python 3.8.0, pytest-6.2.2, py-1.10.0, pluggy-0.13.1
rootdir: /dc-app-performance-toolkit/app
plugins: apiritif-0.9.6
collected 9 items

selenium_ui/confluence_ui.py get driver from global
1613034917811,129,selenium_login:open_login_page,Success,True
1613034918774,876,selenium_login:login_and_view_dashboard,Success,True
1613034918774,1092,selenium_login,Success,True
.test_0_selenium_a_login,Total:172 Passed:172 Failed:0
1613034919185,379,selenium_view_page,Success,True
.test_1_selenium_view_page,Total:173 Passed:173 Failed:0
1613034919928,742,selenium_create_page:open_create_page_editor,Success,True
1613034921215,650,selenium_create_page:save_created_page,Success,True
1613034921215,2029,selenium_create_page,Success,True
.test_1_selenium_create_page,Total:174 Passed:174 Failed:0
1613034922264,1047,selenium_edit_page:open_create_page_editor,Success,True
1613034922988,699,selenium_edit_page:save_edited_page,Success,True
1613034922988,1771,selenium_edit_page,Success,True
.test_1_selenium_edit_page,Total:175 Passed:175 Failed:0
1613034924153,755,selenium_create_comment:write_comment,Success,True
1613034924784,630,selenium_create_comment:save_comment,Success,True
1613034924784,1794,selenium_create_comment,Success,True
.test_1_selenium_create_comment,Total:176 Passed:176 Failed:0
1613034925407,620,selenium_view_blog,Success,True
.test_1_selenium_view_blog,Total:177 Passed:177 Failed:0
1613034927161,1753,selenium_view_dashboard,Success,True
.test_1_selenium_view_dashboard,Total:178 Passed:178 Failed:0
1613034930556,3393,selenium_app_custom_action:view_page,Success,True
1613034930556,3393,selenium_app_custom_action,Success,True
.test_1_selenium_custom_action,Total:179 Passed:179 Failed:0
1613034930756,198,selenium_log_out,Success,True
.test_2_selenium_z_log_out,Total:180 Passed:180 Failed:0


=============================== warnings summary ===============================
../../usr/local/lib/python3.8/dist-packages/_pytest/config/__init__.py:1114
  /usr/local/lib/python3.8/dist-packages/_pytest/config/__init__.py:1114: PytestAssertRewriteWarning: Module already imported so cannot be rewritten: apiritif
    self._mark_plugins_for_rewrite(hook)

-- Docs: https://docs.pytest.org/en/stable/warnings.html
======================== 9 passed, 1 warning in 13.08s =========================
============================= test session starts ==============================
platform linux -- Python 3.8.0, pytest-6.2.2, py-1.10.0, pluggy-0.13.1
rootdir: /dc-app-performance-toolkit/app
plugins: apiritif-0.9.6
collected 9 items

selenium_ui/confluence_ui.py get driver from global
1613034930932,125,selenium_login:open_login_page,Success,True
1613034931835,820,selenium_login:login_and_view_dashboard,Success,True
1613034931835,1027,selenium_login,Success,True
.test_0_selenium_a_login,Total:181 Passed:181 Failed:0
1613034932861,967,selenium_view_page,Success,True
.test_1_selenium_view_page,Total:182 Passed:182 Failed:0
1613034933632,768,selenium_create_page:open_create_page_editor,Success,True
1613034934954,652,selenium_create_page:save_created_page,Success,True
1613034934954,2091,selenium_create_page,Success,True
.test_1_selenium_create_page,Total:183 Passed:183 Failed:0
1613034935969,1013,selenium_edit_page:open_create_page_editor,Success,True
1613034937225,1236,selenium_edit_page:save_edited_page,Success,True
1613034937226,2270,selenium_edit_page,Success,True
.test_1_selenium_edit_page,Total:184 Passed:184 Failed:0
1613034939041,699,selenium_create_comment:write_comment,Success,True
1613034939682,641,selenium_create_comment:save_comment,Success,True
1613034939682,2455,selenium_create_comment,Success,True
.test_1_selenium_create_comment,Total:185 Passed:185 Failed:0
1613034940441,757,selenium_view_blog,Success,True
.test_1_selenium_view_blog,Total:186 Passed:186 Failed:0
1613034942262,1819,selenium_view_dashboard,Success,True
.test_1_selenium_view_dashboard,Total:187 Passed:187 Failed:0
1613034945812,3548,selenium_app_custom_action:view_page,Success,True
1613034945812,3548,selenium_app_custom_action,Success,True
.test_1_selenium_custom_action,Total:188 Passed:188 Failed:0
1613034946012,199,selenium_log_out,Success,True
.test_2_selenium_z_log_out,Total:189 Passed:189 Failed:0


=============================== warnings summary ===============================
../../usr/local/lib/python3.8/dist-packages/_pytest/config/__init__.py:1114
  /usr/local/lib/python3.8/dist-packages/_pytest/config/__init__.py:1114: PytestAssertRewriteWarning: Module already imported so cannot be rewritten: apiritif
    self._mark_plugins_for_rewrite(hook)

-- Docs: https://docs.pytest.org/en/stable/warnings.html
======================== 9 passed, 1 warning in 15.21s =========================
============================= test session starts ==============================
platform linux -- Python 3.8.0, pytest-6.2.2, py-1.10.0, pluggy-0.13.1
rootdir: /dc-app-performance-toolkit/app
plugins: apiritif-0.9.6
collected 9 items

selenium_ui/confluence_ui.py get driver from global
1613034946189,125,selenium_login:open_login_page,Success,True
1613034947056,781,selenium_login:login_and_view_dashboard,Success,True
1613034947056,991,selenium_login,Success,True
.test_0_selenium_a_login,Total:190 Passed:190 Failed:0
1613034948132,1016,selenium_view_page,Success,True
.test_1_selenium_view_page,Total:191 Passed:191 Failed:0
1613034948939,805,selenium_create_page:open_create_page_editor,Success,True
1613034950275,625,selenium_create_page:save_created_page,Success,True
1613034950275,2141,selenium_create_page,Success,True
.test_1_selenium_create_page,Total:192 Passed:192 Failed:0
1613034951822,1545,selenium_edit_page:open_create_page_editor,Success,True
1613034953110,1265,selenium_edit_page:save_edited_page,Success,True
1613034953110,2833,selenium_edit_page,Success,True
.test_1_selenium_edit_page,Total:193 Passed:193 Failed:0
1613034954867,716,selenium_create_comment:write_comment,Success,True
1613034955486,618,selenium_create_comment:save_comment,Success,True
1613034955486,2374,selenium_create_comment,Success,True
.test_1_selenium_create_comment,Total:194 Passed:194 Failed:0
1613034956064,576,selenium_view_blog,Success,True
.test_1_selenium_view_blog,Total:195 Passed:195 Failed:0
1613034957787,1721,selenium_view_dashboard,Success,True
.test_1_selenium_view_dashboard,Total:196 Passed:196 Failed:0
1613034961087,3299,selenium_app_custom_action:view_page,Success,True
1613034961087,3299,selenium_app_custom_action,Success,True
.test_1_selenium_custom_action,Total:197 Passed:197 Failed:0
1613034961290,201,selenium_log_out,Success,True
.test_2_selenium_z_log_out,Total:198 Passed:198 Failed:0


=============================== warnings summary ===============================
../../usr/local/lib/python3.8/dist-packages/_pytest/config/__init__.py:1114
  /usr/local/lib/python3.8/dist-packages/_pytest/config/__init__.py:1114: PytestAssertRewriteWarning: Module already imported so cannot be rewritten: apiritif
    self._mark_plugins_for_rewrite(hook)

-- Docs: https://docs.pytest.org/en/stable/warnings.html
======================== 9 passed, 1 warning in 15.23s =========================
============================= test session starts ==============================
platform linux -- Python 3.8.0, pytest-6.2.2, py-1.10.0, pluggy-0.13.1
rootdir: /dc-app-performance-toolkit/app
plugins: apiritif-0.9.6
collected 9 items

selenium_ui/confluence_ui.py get driver from global
1613034961468,126,selenium_login:open_login_page,Success,True
1613034962407,850,selenium_login:login_and_view_dashboard,Success,True
1613034962407,1065,selenium_login,Success,True
.test_0_selenium_a_login,Total:199 Passed:199 Failed:0
1613034963047,580,selenium_view_page,Success,True
.test_1_selenium_view_page,Total:200 Passed:200 Failed:0
1613034963897,848,selenium_create_page:open_create_page_editor,Success,True
1613034965150,620,selenium_create_page:save_created_page,Success,True
1613034965150,2101,selenium_create_page,Success,True
.test_1_selenium_create_page,Total:201 Passed:201 Failed:0
1613034967086,1934,selenium_edit_page:open_create_page_editor,Success,True
1613034968064,955,selenium_edit_page:save_edited_page,Success,True
1613034968064,2912,selenium_edit_page,Success,True
.test_1_selenium_edit_page,Total:202 Passed:202 Failed:0
1613034969128,673,selenium_create_comment:write_comment,Success,True
1613034969759,630,selenium_create_comment:save_comment,Success,True
1613034969759,1693,selenium_create_comment,Success,True
.test_1_selenium_create_comment,Total:203 Passed:203 Failed:0
1613034970654,893,selenium_view_blog,Success,True
.test_1_selenium_view_blog,Total:204 Passed:204 Failed:0
1613034972359,1704,selenium_view_dashboard,Success,True
.test_1_selenium_view_dashboard,Total:205 Passed:205 Failed:0
1613034975789,3428,selenium_app_custom_action:view_page,Success,True
1613034975789,3428,selenium_app_custom_action,Success,True
.test_1_selenium_custom_action,Total:206 Passed:206 Failed:0
1613034975990,199,selenium_log_out,Success,True
.test_2_selenium_z_log_out,Total:207 Passed:207 Failed:0


=============================== warnings summary ===============================
../../usr/local/lib/python3.8/dist-packages/_pytest/config/__init__.py:1114
  /usr/local/lib/python3.8/dist-packages/_pytest/config/__init__.py:1114: PytestAssertRewriteWarning: Module already imported so cannot be rewritten: apiritif
    self._mark_plugins_for_rewrite(hook)

-- Docs: https://docs.pytest.org/en/stable/warnings.html
======================== 9 passed, 1 warning in 14.66s =========================
============================= test session starts ==============================
platform linux -- Python 3.8.0, pytest-6.2.2, py-1.10.0, pluggy-0.13.1
rootdir: /dc-app-performance-toolkit/app
plugins: apiritif-0.9.6
collected 9 items

selenium_ui/confluence_ui.py get driver from global
1613034976178,129,selenium_login:open_login_page,Success,True
1613034977085,822,selenium_login:login_and_view_dashboard,Success,True
1613034977085,1036,selenium_login,Success,True
.test_0_selenium_a_login,Total:208 Passed:208 Failed:0
1613034977667,519,selenium_view_page,Success,True
.test_1_selenium_view_page,Total:209 Passed:209 Failed:0
1613034978401,731,selenium_create_page:open_create_page_editor,Success,True
1613034979757,675,selenium_create_page:save_created_page,Success,True
1613034979757,2087,selenium_create_page,Success,True
.test_1_selenium_create_page,Total:210 Passed:210 Failed:0
1613034981410,1651,selenium_edit_page:open_create_page_editor,Success,True
1613034982128,694,selenium_edit_page:save_edited_page,Success,True
1613034982128,2369,selenium_edit_page,Success,True
.test_1_selenium_edit_page,Total:211 Passed:211 Failed:0
1613034982957,341,selenium_create_comment:write_comment,Success,True
1613034983583,625,selenium_create_comment:save_comment,Success,True
1613034983583,1453,selenium_create_comment,Success,True
.test_1_selenium_create_comment,Total:212 Passed:212 Failed:0
1613034984389,805,selenium_view_blog,Success,True
.test_1_selenium_view_blog,Total:213 Passed:213 Failed:0
1613034986104,1713,selenium_view_dashboard,Success,True
.test_1_selenium_view_dashboard,Total:214 Passed:214 Failed:0
1613034989528,3422,selenium_app_custom_action:view_page,Success,True
1613034989528,3422,selenium_app_custom_action,Success,True
.test_1_selenium_custom_action,Total:215 Passed:215 Failed:0
1613034989723,193,selenium_log_out,Success,True
.test_2_selenium_z_log_out,Total:216 Passed:216 Failed:0


=============================== warnings summary ===============================
../../usr/local/lib/python3.8/dist-packages/_pytest/config/__init__.py:1114
  /usr/local/lib/python3.8/dist-packages/_pytest/config/__init__.py:1114: PytestAssertRewriteWarning: Module already imported so cannot be rewritten: apiritif
    self._mark_plugins_for_rewrite(hook)

-- Docs: https://docs.pytest.org/en/stable/warnings.html
======================== 9 passed, 1 warning in 13.68s =========================
============================= test session starts ==============================
platform linux -- Python 3.8.0, pytest-6.2.2, py-1.10.0, pluggy-0.13.1
rootdir: /dc-app-performance-toolkit/app
plugins: apiritif-0.9.6
collected 9 items

selenium_ui/confluence_ui.py get driver from global
1613034989899,124,selenium_login:open_login_page,Success,True
1613034990758,774,selenium_login:login_and_view_dashboard,Success,True
1613034990758,983,selenium_login,Success,True
.test_0_selenium_a_login,Total:217 Passed:217 Failed:0
1613034991334,516,selenium_view_page,Success,True
.test_1_selenium_view_page,Total:218 Passed:218 Failed:0
1613034992012,676,selenium_create_page:open_create_page_editor,Success,True
1613034993284,637,selenium_create_page:save_created_page,Success,True
1613034993284,1949,selenium_create_page,Success,True
.test_1_selenium_create_page,Total:219 Passed:219 Failed:0
1613034994566,1280,selenium_edit_page:open_create_page_editor,Success,True
1613034995281,693,selenium_edit_page:save_edited_page,Success,True
1613034995281,1995,selenium_edit_page,Success,True
.test_1_selenium_edit_page,Total:220 Passed:220 Failed:0
1613034996275,617,selenium_create_comment:write_comment,Success,True
1613034996918,641,selenium_create_comment:save_comment,Success,True
1613034996918,1635,selenium_create_comment,Success,True
.test_1_selenium_create_comment,Total:221 Passed:221 Failed:0
1613034997481,561,selenium_view_blog,Success,True
.test_1_selenium_view_blog,Total:222 Passed:222 Failed:0
1613034999238,1756,selenium_view_dashboard,Success,True
.test_1_selenium_view_dashboard,Total:223 Passed:223 Failed:0
1613035002571,3332,selenium_app_custom_action:view_page,Success,True
1613035002572,3332,selenium_app_custom_action,Success,True
.test_1_selenium_custom_action,Total:224 Passed:224 Failed:0
1613035002767,194,selenium_log_out,Success,True
.test_2_selenium_z_log_out,Total:225 Passed:225 Failed:0


=============================== warnings summary ===============================
../../usr/local/lib/python3.8/dist-packages/_pytest/config/__init__.py:1114
  /usr/local/lib/python3.8/dist-packages/_pytest/config/__init__.py:1114: PytestAssertRewriteWarning: Module already imported so cannot be rewritten: apiritif
    self._mark_plugins_for_rewrite(hook)

-- Docs: https://docs.pytest.org/en/stable/warnings.html
======================== 9 passed, 1 warning in 13.00s =========================
============================= test session starts ==============================
platform linux -- Python 3.8.0, pytest-6.2.2, py-1.10.0, pluggy-0.13.1
rootdir: /dc-app-performance-toolkit/app
plugins: apiritif-0.9.6
collected 9 items

selenium_ui/confluence_ui.py get driver from global
1613035002953,126,selenium_login:open_login_page,Success,True
1613035003943,908,selenium_login:login_and_view_dashboard,Success,True
1613035003943,1117,selenium_login,Success,True
.test_0_selenium_a_login,Total:226 Passed:226 Failed:0
1613035004438,433,selenium_view_page,Success,True
.test_1_selenium_view_page,Total:227 Passed:227 Failed:0
1613035005260,820,selenium_create_page:open_create_page_editor,Success,True
1613035006571,657,selenium_create_page:save_created_page,Success,True
1613035006571,2131,selenium_create_page,Success,True
.test_1_selenium_create_page,Total:228 Passed:228 Failed:0
1613035008129,1556,selenium_edit_page:open_create_page_editor,Success,True
1613035008897,747,selenium_edit_page:save_edited_page,Success,True
1613035008897,2324,selenium_edit_page,Success,True
.test_1_selenium_edit_page,Total:229 Passed:229 Failed:0
1613035010048,747,selenium_create_comment:write_comment,Success,True
1613035010696,647,selenium_create_comment:save_comment,Success,True
1613035010696,1797,selenium_create_comment,Success,True
.test_1_selenium_create_comment,Total:230 Passed:230 Failed:0
1613035011365,667,selenium_view_blog,Success,True
.test_1_selenium_view_blog,Total:231 Passed:231 Failed:0
1613035013044,1677,selenium_view_dashboard,Success,True
.test_1_selenium_view_dashboard,Total:232 Passed:232 Failed:0
1613035016760,3714,selenium_app_custom_action:view_page,Success,True
1613035016760,3714,selenium_app_custom_action,Success,True
.test_1_selenium_custom_action,Total:233 Passed:233 Failed:0
1613035016974,212,selenium_log_out,Success,True
.test_2_selenium_z_log_out,Total:234 Passed:234 Failed:0


=============================== warnings summary ===============================
../../usr/local/lib/python3.8/dist-packages/_pytest/config/__init__.py:1114
  /usr/local/lib/python3.8/dist-packages/_pytest/config/__init__.py:1114: PytestAssertRewriteWarning: Module already imported so cannot be rewritten: apiritif
    self._mark_plugins_for_rewrite(hook)

-- Docs: https://docs.pytest.org/en/stable/warnings.html
======================== 9 passed, 1 warning in 14.16s =========================
============================= test session starts ==============================
platform linux -- Python 3.8.0, pytest-6.2.2, py-1.10.0, pluggy-0.13.1
rootdir: /dc-app-performance-toolkit/app
plugins: apiritif-0.9.6
collected 9 items

selenium_ui/confluence_ui.py get driver from global
1613035017190,131,selenium_login:open_login_page,Success,True
1613035018173,900,selenium_login:login_and_view_dashboard,Success,True
1613035018173,1114,selenium_login,Success,True
.test_0_selenium_a_login,Total:235 Passed:235 Failed:0
1613035018822,589,selenium_view_page,Success,True
.test_1_selenium_view_page,Total:236 Passed:236 Failed:0
1613035019556,732,selenium_create_page:open_create_page_editor,Success,True
1613035020899,710,selenium_create_page:save_created_page,Success,True
1613035020899,2075,selenium_create_page,Success,True
.test_1_selenium_create_page,Total:237 Passed:237 Failed:0
1613035022637,1736,selenium_edit_page:open_create_page_editor,Success,True
1613035023676,1017,selenium_edit_page:save_edited_page,Success,True
1613035023676,2775,selenium_edit_page,Success,True
.test_1_selenium_edit_page,Total:238 Passed:238 Failed:0
1613035025042,827,selenium_create_comment:write_comment,Success,True
1613035025679,637,selenium_create_comment:save_comment,Success,True
1613035025679,2002,selenium_create_comment,Success,True
.test_1_selenium_create_comment,Total:239 Passed:239 Failed:0
1613035026291,610,selenium_view_blog,Success,True
.test_1_selenium_view_blog,Total:240 Passed:240 Failed:0
1613035027985,1692,selenium_view_dashboard,Success,True
.test_1_selenium_view_dashboard,Total:241 Passed:241 Failed:0
1613035031431,3444,selenium_app_custom_action:view_page,Success,True
1613035031431,3444,selenium_app_custom_action,Success,True
.test_1_selenium_custom_action,Total:242 Passed:242 Failed:0
1613035031641,208,selenium_log_out,Success,True
.test_2_selenium_z_log_out,Total:243 Passed:243 Failed:0


=============================== warnings summary ===============================
../../usr/local/lib/python3.8/dist-packages/_pytest/config/__init__.py:1114
  /usr/local/lib/python3.8/dist-packages/_pytest/config/__init__.py:1114: PytestAssertRewriteWarning: Module already imported so cannot be rewritten: apiritif
    self._mark_plugins_for_rewrite(hook)

-- Docs: https://docs.pytest.org/en/stable/warnings.html
======================== 9 passed, 1 warning in 14.59s =========================
============================= test session starts ==============================
platform linux -- Python 3.8.0, pytest-6.2.2, py-1.10.0, pluggy-0.13.1
rootdir: /dc-app-performance-toolkit/app
plugins: apiritif-0.9.6
collected 9 items

selenium_ui/confluence_ui.py get driver from global
1613035031818,125,selenium_login:open_login_page,Success,True
1613035032773,871,selenium_login:login_and_view_dashboard,Success,True
1613035032773,1080,selenium_login,Success,True
.test_0_selenium_a_login,Total:244 Passed:244 Failed:0
1613035033212,374,selenium_view_page,Success,True
.test_1_selenium_view_page,Total:245 Passed:245 Failed:0
1613035033902,688,selenium_create_page:open_create_page_editor,Success,True
1613035035250,677,selenium_create_page:save_created_page,Success,True
1613035035250,2037,selenium_create_page,Success,True
.test_1_selenium_create_page,Total:246 Passed:246 Failed:0
1613035037869,2617,selenium_edit_page:open_create_page_editor,Success,True
1613035038728,837,selenium_edit_page:save_edited_page,Success,True
1613035038728,3476,selenium_edit_page,Success,True
.test_1_selenium_edit_page,Total:247 Passed:247 Failed:0
1613035039788,714,selenium_create_comment:write_comment,Success,True
1613035040411,621,selenium_create_comment:save_comment,Success,True
1613035040411,1681,selenium_create_comment,Success,True
.test_1_selenium_create_comment,Total:248 Passed:248 Failed:0
1613035041009,597,selenium_view_blog,Success,True
.test_1_selenium_view_blog,Total:249 Passed:249 Failed:0
1613035042733,1722,selenium_view_dashboard,Success,True
.test_1_selenium_view_dashboard,Total:250 Passed:250 Failed:0
1613035046133,3398,selenium_app_custom_action:view_page,Success,True
1613035046133,3398,selenium_app_custom_action,Success,True
.test_1_selenium_custom_action,Total:251 Passed:251 Failed:0
1613035046335,200,selenium_log_out,Success,True
.test_2_selenium_z_log_out,Total:252 Passed:252 Failed:0


=============================== warnings summary ===============================
../../usr/local/lib/python3.8/dist-packages/_pytest/config/__init__.py:1114
  /usr/local/lib/python3.8/dist-packages/_pytest/config/__init__.py:1114: PytestAssertRewriteWarning: Module already imported so cannot be rewritten: apiritif
    self._mark_plugins_for_rewrite(hook)

-- Docs: https://docs.pytest.org/en/stable/warnings.html
======================== 9 passed, 1 warning in 14.65s =========================
============================= test session starts ==============================
platform linux -- Python 3.8.0, pytest-6.2.2, py-1.10.0, pluggy-0.13.1
rootdir: /dc-app-performance-toolkit/app
plugins: apiritif-0.9.6
collected 9 items

selenium_ui/confluence_ui.py get driver from global
1613035046511,124,selenium_login:open_login_page,Success,True
1613035047408,812,selenium_login:login_and_view_dashboard,Success,True
1613035047408,1021,selenium_login,Success,True
.test_0_selenium_a_login,Total:253 Passed:253 Failed:0
1613035047901,438,selenium_view_page,Success,True
.test_1_selenium_view_page,Total:254 Passed:254 Failed:0
1613035048745,842,selenium_create_page:open_create_page_editor,Success,True
1613035050048,672,selenium_create_page:save_created_page,Success,True
1613035050048,2145,selenium_create_page,Success,True
.test_1_selenium_create_page,Total:255 Passed:255 Failed:0
1613035052278,2228,selenium_edit_page:open_create_page_editor,Success,True
1613035053059,759,selenium_edit_page:save_edited_page,Success,True
1613035053059,3009,selenium_edit_page,Success,True
.test_1_selenium_edit_page,Total:256 Passed:256 Failed:0
1613035054250,727,selenium_create_comment:write_comment,Success,True
1613035054873,622,selenium_create_comment:save_comment,Success,True
1613035054873,1812,selenium_create_comment,Success,True
.test_1_selenium_create_comment,Total:257 Passed:257 Failed:0
1613035055478,603,selenium_view_blog,Success,True
.test_1_selenium_view_blog,Total:258 Passed:258 Failed:0
1613035057204,1724,selenium_view_dashboard,Success,True
.test_1_selenium_view_dashboard,Total:259 Passed:259 Failed:0
1613035060527,3322,selenium_app_custom_action:view_page,Success,True
1613035060527,3322,selenium_app_custom_action,Success,True
.test_1_selenium_custom_action,Total:260 Passed:260 Failed:0
1613035060726,196,selenium_log_out,Success,True
.test_2_selenium_z_log_out,Total:261 Passed:261 Failed:0


=============================== warnings summary ===============================
../../usr/local/lib/python3.8/dist-packages/_pytest/config/__init__.py:1114
  /usr/local/lib/python3.8/dist-packages/_pytest/config/__init__.py:1114: PytestAssertRewriteWarning: Module already imported so cannot be rewritten: apiritif
    self._mark_plugins_for_rewrite(hook)

-- Docs: https://docs.pytest.org/en/stable/warnings.html
======================== 9 passed, 1 warning in 14.35s =========================
============================= test session starts ==============================
platform linux -- Python 3.8.0, pytest-6.2.2, py-1.10.0, pluggy-0.13.1
rootdir: /dc-app-performance-toolkit/app
plugins: apiritif-0.9.6
collected 9 items

selenium_ui/confluence_ui.py get driver from global
1613035060902,124,selenium_login:open_login_page,Success,True
1613035061880,894,selenium_login:login_and_view_dashboard,Success,True
1613035061880,1102,selenium_login,Success,True
.test_0_selenium_a_login,Total:262 Passed:262 Failed:0
1613035062461,522,selenium_view_page,Success,True
.test_1_selenium_view_page,Total:263 Passed:263 Failed:0
1613035063257,794,selenium_create_page:open_create_page_editor,Success,True
1613035064547,629,selenium_create_page:save_created_page,Success,True
1613035064547,2084,selenium_create_page,Success,True
.test_1_selenium_create_page,Total:264 Passed:264 Failed:0
1613035066160,1611,selenium_edit_page:open_create_page_editor,Success,True
1613035066937,753,selenium_edit_page:save_edited_page,Success,True
1613035066937,2389,selenium_edit_page,Success,True
.test_1_selenium_edit_page,Total:265 Passed:265 Failed:0
1613035067983,629,selenium_create_comment:write_comment,Success,True
1613035068612,628,selenium_create_comment:save_comment,Success,True
1613035068612,1673,selenium_create_comment,Success,True
.test_1_selenium_create_comment,Total:266 Passed:266 Failed:0
1613035069326,712,selenium_view_blog,Success,True
.test_1_selenium_view_blog,Total:267 Passed:267 Failed:0
1613035071039,1710,selenium_view_dashboard,Success,True
.test_1_selenium_view_dashboard,Total:268 Passed:268 Failed:0
1613035074350,3310,selenium_app_custom_action:view_page,Success,True
1613035074351,3310,selenium_app_custom_action,Success,True
.test_1_selenium_custom_action,Total:269 Passed:269 Failed:0
1613035074550,198,selenium_log_out,Success,True
.test_2_selenium_z_log_out,Total:270 Passed:270 Failed:0


=============================== warnings summary ===============================
../../usr/local/lib/python3.8/dist-packages/_pytest/config/__init__.py:1114
  /usr/local/lib/python3.8/dist-packages/_pytest/config/__init__.py:1114: PytestAssertRewriteWarning: Module already imported so cannot be rewritten: apiritif
    self._mark_plugins_for_rewrite(hook)

-- Docs: https://docs.pytest.org/en/stable/warnings.html
======================== 9 passed, 1 warning in 13.78s =========================
============================= test session starts ==============================
platform linux -- Python 3.8.0, pytest-6.2.2, py-1.10.0, pluggy-0.13.1
rootdir: /dc-app-performance-toolkit/app
plugins: apiritif-0.9.6
collected 9 items

selenium_ui/confluence_ui.py get driver from global
1613035074727,124,selenium_login:open_login_page,Success,True
1613035075661,847,selenium_login:login_and_view_dashboard,Success,True
1613035075661,1058,selenium_login,Success,True
.test_0_selenium_a_login,Total:271 Passed:271 Failed:0
1613035076118,396,selenium_view_page,Success,True
.test_1_selenium_view_page,Total:272 Passed:272 Failed:0
1613035076919,800,selenium_create_page:open_create_page_editor,Success,True
1613035078162,612,selenium_create_page:save_created_page,Success,True
1613035078162,2042,selenium_create_page,Success,True
.test_1_selenium_create_page,Total:273 Passed:273 Failed:0
1613035079826,1663,selenium_edit_page:open_create_page_editor,Success,True
1613035080546,698,selenium_edit_page:save_edited_page,Success,True
1613035080546,2383,selenium_edit_page,Success,True
.test_1_selenium_edit_page,Total:274 Passed:274 Failed:0
1613035081612,720,selenium_create_comment:write_comment,Success,True
1613035082236,623,selenium_create_comment:save_comment,Success,True
1613035082236,1688,selenium_create_comment,Success,True
.test_1_selenium_create_comment,Total:275 Passed:275 Failed:0
1613035082896,659,selenium_view_blog,Success,True
.test_1_selenium_view_blog,Total:276 Passed:276 Failed:0
1613035084701,1803,selenium_view_dashboard,Success,True
.test_1_selenium_view_dashboard,Total:277 Passed:277 Failed:0
1613035087853,3150,selenium_app_custom_action:view_page,Success,True
1613035087853,3150,selenium_app_custom_action,Success,True
.test_1_selenium_custom_action,Total:278 Passed:278 Failed:0
1613035088058,203,selenium_log_out,Success,True
.test_2_selenium_z_log_out,Total:279 Passed:279 Failed:0


=============================== warnings summary ===============================
../../usr/local/lib/python3.8/dist-packages/_pytest/config/__init__.py:1114
  /usr/local/lib/python3.8/dist-packages/_pytest/config/__init__.py:1114: PytestAssertRewriteWarning: Module already imported so cannot be rewritten: apiritif
    self._mark_plugins_for_rewrite(hook)

-- Docs: https://docs.pytest.org/en/stable/warnings.html
======================== 9 passed, 1 warning in 13.46s =========================
============================= test session starts ==============================
platform linux -- Python 3.8.0, pytest-6.2.2, py-1.10.0, pluggy-0.13.1
rootdir: /dc-app-performance-toolkit/app
plugins: apiritif-0.9.6
collected 9 items

selenium_ui/confluence_ui.py get driver from global
1613035088242,125,selenium_login:open_login_page,Success,True
1613035089325,1000,selenium_login:login_and_view_dashboard,Success,True
1613035089325,1209,selenium_login,Success,True
.test_0_selenium_a_login,Total:280 Passed:280 Failed:0
1613035089904,521,selenium_view_page,Success,True
.test_1_selenium_view_page,Total:281 Passed:281 Failed:0
1613035090671,765,selenium_create_page:open_create_page_editor,Success,True
1613035091915,608,selenium_create_page:save_created_page,Success,True
1613035091915,2009,selenium_create_page,Success,True
.test_1_selenium_create_page,Total:282 Passed:282 Failed:0
1613035093508,1591,selenium_edit_page:open_create_page_editor,Success,True
1613035094520,990,selenium_edit_page:save_edited_page,Success,True
1613035094520,2603,selenium_edit_page,Success,True
.test_1_selenium_edit_page,Total:283 Passed:283 Failed:0
1613035095799,788,selenium_create_comment:write_comment,Success,True
1613035096515,715,selenium_create_comment:save_comment,Success,True
1613035096515,1993,selenium_create_comment,Success,True
.test_1_selenium_create_comment,Total:284 Passed:284 Failed:0
1613035097207,691,selenium_view_blog,Success,True
.test_1_selenium_view_blog,Total:285 Passed:285 Failed:0
1613035099110,1901,selenium_view_dashboard,Success,True
.test_1_selenium_view_dashboard,Total:286 Passed:286 Failed:0
1613035102011,2899,selenium_app_custom_action:view_page,Success,True
1613035102011,2899,selenium_app_custom_action,Success,True
.test_1_selenium_custom_action,Total:287 Passed:287 Failed:0
1613035102219,206,selenium_log_out,Success,True
.test_2_selenium_z_log_out,Total:288 Passed:288 Failed:0


=============================== warnings summary ===============================
../../usr/local/lib/python3.8/dist-packages/_pytest/config/__init__.py:1114
  /usr/local/lib/python3.8/dist-packages/_pytest/config/__init__.py:1114: PytestAssertRewriteWarning: Module already imported so cannot be rewritten: apiritif
    self._mark_plugins_for_rewrite(hook)

-- Docs: https://docs.pytest.org/en/stable/warnings.html
======================== 9 passed, 1 warning in 14.11s =========================
============================= test session starts ==============================
platform linux -- Python 3.8.0, pytest-6.2.2, py-1.10.0, pluggy-0.13.1
rootdir: /dc-app-performance-toolkit/app
plugins: apiritif-0.9.6
collected 9 items

selenium_ui/confluence_ui.py get driver from global
1613035102401,122,selenium_login:open_login_page,Success,True
1613035103324,841,selenium_login:login_and_view_dashboard,Success,True
1613035103324,1046,selenium_login,Success,True
.test_0_selenium_a_login,Total:289 Passed:289 Failed:0
1613035103731,378,selenium_view_page,Success,True
.test_1_selenium_view_page,Total:290 Passed:290 Failed:0
1613035104411,678,selenium_create_page:open_create_page_editor,Success,True
1613035105697,653,selenium_create_page:save_created_page,Success,True
1613035105697,1964,selenium_create_page,Success,True
.test_1_selenium_create_page,Total:291 Passed:291 Failed:0
1613035107771,2072,selenium_edit_page:open_create_page_editor,Success,True
1613035108571,778,selenium_edit_page:save_edited_page,Success,True
1613035108571,2872,selenium_edit_page,Success,True
.test_1_selenium_edit_page,Total:292 Passed:292 Failed:0
1613035109599,677,selenium_create_comment:write_comment,Success,True
1613035110248,649,selenium_create_comment:save_comment,Success,True
1613035110248,1675,selenium_create_comment,Success,True
.test_1_selenium_create_comment,Total:293 Passed:293 Failed:0
1613035110981,731,selenium_view_blog,Success,True
.test_1_selenium_view_blog,Total:294 Passed:294 Failed:0
1613035112713,1730,selenium_view_dashboard,Success,True
.test_1_selenium_view_dashboard,Total:295 Passed:295 Failed:0
1613035116058,3344,selenium_app_custom_action:view_page,Success,True
1613035116058,3344,selenium_app_custom_action,Success,True
.test_1_selenium_custom_action,Total:296 Passed:296 Failed:0
1613035116261,201,selenium_log_out,Success,True
.test_2_selenium_z_log_out,Total:297 Passed:297 Failed:0


=============================== warnings summary ===============================
../../usr/local/lib/python3.8/dist-packages/_pytest/config/__init__.py:1114
  /usr/local/lib/python3.8/dist-packages/_pytest/config/__init__.py:1114: PytestAssertRewriteWarning: Module already imported so cannot be rewritten: apiritif
    self._mark_plugins_for_rewrite(hook)

-- Docs: https://docs.pytest.org/en/stable/warnings.html
======================== 9 passed, 1 warning in 13.99s =========================
============================= test session starts ==============================
platform linux -- Python 3.8.0, pytest-6.2.2, py-1.10.0, pluggy-0.13.1
rootdir: /dc-app-performance-toolkit/app
plugins: apiritif-0.9.6
collected 9 items

selenium_ui/confluence_ui.py get driver from global
1613035116437,124,selenium_login:open_login_page,Success,True
1613035117276,756,selenium_login:login_and_view_dashboard,Success,True
1613035117276,964,selenium_login,Success,True
.test_0_selenium_a_login,Total:298 Passed:298 Failed:0
1613035117720,383,selenium_view_page,Success,True
.test_1_selenium_view_page,Total:299 Passed:299 Failed:0
[...]
.test_1_selenium_custom_action,Total:314 Passed:314 Failed:0
1613035145263,195,selenium_log_out,Success,True
.test_2_selenium_z_log_out,Total:315 Passed:315 Failed:0


=============================== warnings summary ===============================
../../usr/local/lib/python3.8/dist-packages/_pytest/config/__init__.py:1114
  /usr/local/lib/python3.8/dist-packages/_pytest/config/__init__.py:1114: PytestAssertRewriteWarning: Module already imported so cannot be rewritten: apiritif
    self._mark_plugins_for_rewrite(hook)

-- Docs: https://docs.pytest.org/en/stable/warnings.html
======================== 9 passed, 1 warning in 14.54s =========================
============================= test session starts ==============================
platform linux -- Python 3.8.0, pytest-6.2.2, py-1.10.0, pluggy-0.13.1
rootdir: /dc-app-performance-toolkit/app
plugins: apiritif-0.9.6
collected 9 items

selenium_ui/confluence_ui.py get driver from global
1613035145448,123,selenium_login:open_login_page,Success,True
1613035146334,800,selenium_login:login_and_view_dashboard,Success,True
1613035146334,1010,selenium_login,Success,True
.test_0_selenium_a_login,Total:316 Passed:316 Failed:0
1613035146768,372,selenium_view_page,Success,True
.test_1_selenium_view_page,Total:317 Passed:317 Failed:0
1613035147482,712,selenium_create_page:open_create_page_editor,Success,True
1613035148758,649,selenium_create_page:save_created_page,Success,True
1613035148758,1988,selenium_create_page,Success,True
.test_1_selenium_create_page,Total:318 Passed:318 Failed:0
1613035150365,1605,selenium_edit_page:open_create_page_editor,Success,True
1613035151081,694,selenium_edit_page:save_edited_page,Success,True
1613035151081,2321,selenium_edit_page,Success,True
.test_1_selenium_edit_page,Total:319 Passed:319 Failed:0
1613035152228,687,selenium_create_comment:write_comment,Success,True
1613035152849,620,selenium_create_comment:save_comment,Success,True
1613035152849,1767,selenium_create_comment,Success,True
.test_1_selenium_create_comment,Total:320 Passed:320 Failed:0
1613035153451,600,selenium_view_blog,Success,True
.test_1_selenium_view_blog,Total:321 Passed:321 Failed:0
1613035155165,1712,selenium_view_dashboard,Success,True
.test_1_selenium_view_dashboard,Total:322 Passed:322 Failed:0
1613035158379,3212,selenium_app_custom_action:view_page,Success,True
1613035158379,3212,selenium_app_custom_action,Success,True
.test_1_selenium_custom_action,Total:323 Passed:323 Failed:0
1613035158589,208,selenium_log_out,Success,True
.test_2_selenium_z_log_out,Total:324 Passed:324 Failed:0


=============================== warnings summary ===============================
../../usr/local/lib/python3.8/dist-packages/_pytest/config/__init__.py:1114
  /usr/local/lib/python3.8/dist-packages/_pytest/config/__init__.py:1114: PytestAssertRewriteWarning: Module already imported so cannot be rewritten: apiritif
    self._mark_plugins_for_rewrite(hook)

-- Docs: https://docs.pytest.org/en/stable/warnings.html
======================== 9 passed, 1 warning in 13.28s =========================
============================= test session starts ==============================
platform linux -- Python 3.8.0, pytest-6.2.2, py-1.10.0, pluggy-0.13.1
rootdir: /dc-app-performance-toolkit/app
plugins: apiritif-0.9.6
collected 9 items

selenium_ui/confluence_ui.py get driver from global
1613035158779,130,selenium_login:open_login_page,Success,True
1613035159850,979,selenium_login:login_and_view_dashboard,Success,True
1613035159850,1202,selenium_login,Success,True
.test_0_selenium_a_login,Total:325 Passed:325 Failed:0
1613035161032,1108,selenium_view_page,Success,True
.test_1_selenium_view_page,Total:326 Passed:326 Failed:0
1613035161797,763,selenium_create_page:open_create_page_editor,Success,True
1613035163110,644,selenium_create_page:save_created_page,Success,True
1613035163110,2076,selenium_create_page,Success,True
.test_1_selenium_create_page,Total:327 Passed:327 Failed:0
1613035164112,1001,selenium_edit_page:open_create_page_editor,Success,True
1613035165515,1382,selenium_edit_page:save_edited_page,Success,True
1613035165515,2404,selenium_edit_page,Success,True
.test_1_selenium_edit_page,Total:328 Passed:328 Failed:0
1613035167237,723,selenium_create_comment:write_comment,Success,True
1613035167874,637,selenium_create_comment:save_comment,Success,True
1613035167874,2357,selenium_create_comment,Success,True
.test_1_selenium_create_comment,Total:329 Passed:329 Failed:0
1613035168539,664,selenium_view_blog,Success,True
.test_1_selenium_view_blog,Total:330 Passed:330 Failed:0
1613035170447,1906,selenium_view_dashboard,Success,True
.test_1_selenium_view_dashboard,Total:331 Passed:331 Failed:0
1613035173838,3389,selenium_app_custom_action:view_page,Success,True
1613035173838,3390,selenium_app_custom_action,Success,True
.test_1_selenium_custom_action,Total:332 Passed:332 Failed:0
1613035174039,199,selenium_log_out,Success,True
.test_2_selenium_z_log_out,Total:333 Passed:333 Failed:0


=============================== warnings summary ===============================
../../usr/local/lib/python3.8/dist-packages/_pytest/config/__init__.py:1114
  /usr/local/lib/python3.8/dist-packages/_pytest/config/__init__.py:1114: PytestAssertRewriteWarning: Module already imported so cannot be rewritten: apiritif
    self._mark_plugins_for_rewrite(hook)

-- Docs: https://docs.pytest.org/en/stable/warnings.html
======================== 9 passed, 1 warning in 15.40s =========================
============================= test session starts ==============================
platform linux -- Python 3.8.0, pytest-6.2.2, py-1.10.0, pluggy-0.13.1
rootdir: /dc-app-performance-toolkit/app
plugins: apiritif-0.9.6
collected 9 items

selenium_ui/confluence_ui.py get driver from global
1613035174212,122,selenium_login:open_login_page,Success,True
1613035175102,806,selenium_login:login_and_view_dashboard,Success,True
1613035175102,1012,selenium_login,Success,True
.test_0_selenium_a_login,Total:334 Passed:334 Failed:0
1613035175524,395,selenium_view_page,Success,True
.test_1_selenium_view_page,Total:335 Passed:335 Failed:0
1613035176244,718,selenium_create_page:open_create_page_editor,Success,True
1613035177513,635,selenium_create_page:save_created_page,Success,True
1613035177513,1987,selenium_create_page,Success,True
.test_1_selenium_create_page,Total:336 Passed:336 Failed:0
1613035178549,1034,selenium_edit_page:open_create_page_editor,Success,True
1613035179361,784,selenium_edit_page:save_edited_page,Success,True
1613035179361,1847,selenium_edit_page,Success,True
.test_1_selenium_edit_page,Total:337 Passed:337 Failed:0
1613035180512,734,selenium_create_comment:write_comment,Success,True
1613035181133,619,selenium_create_comment:save_comment,Success,True
1613035181133,1769,selenium_create_comment,Success,True
.test_1_selenium_create_comment,Total:338 Passed:338 Failed:0
1613035181733,598,selenium_view_blog,Success,True
.test_1_selenium_view_blog,Total:339 Passed:339 Failed:0
1613035183469,1734,selenium_view_dashboard,Success,True
.test_1_selenium_view_dashboard,Total:340 Passed:340 Failed:0
1613035186730,3259,selenium_app_custom_action:view_page,Success,True
1613035186730,3260,selenium_app_custom_action,Success,True
.test_1_selenium_custom_action,Total:341 Passed:341 Failed:0
1613035186929,197,selenium_log_out,Success,True
.test_2_selenium_z_log_out,Total:342 Passed:342 Failed:0


=============================== warnings summary ===============================
../../usr/local/lib/python3.8/dist-packages/_pytest/config/__init__.py:1114
  /usr/local/lib/python3.8/dist-packages/_pytest/config/__init__.py:1114: PytestAssertRewriteWarning: Module already imported so cannot be rewritten: apiritif
    self._mark_plugins_for_rewrite(hook)

-- Docs: https://docs.pytest.org/en/stable/warnings.html
======================== 9 passed, 1 warning in 12.85s =========================
============================= test session starts ==============================
platform linux -- Python 3.8.0, pytest-6.2.2, py-1.10.0, pluggy-0.13.1
rootdir: /dc-app-performance-toolkit/app
plugins: apiritif-0.9.6
collected 9 items

selenium_ui/confluence_ui.py get driver from global
1613035187107,126,selenium_login:open_login_page,Success,True
1613035187990,798,selenium_login:login_and_view_dashboard,Success,True
1613035187990,1010,selenium_login,Success,True
.test_0_selenium_a_login,Total:343 Passed:343 Failed:0
1613035188565,516,selenium_view_page,Success,True
.test_1_selenium_view_page,Total:344 Passed:344 Failed:0
1613035189240,674,selenium_create_page:open_create_page_editor,Success,True
1613035190556,649,selenium_create_page:save_created_page,Success,True
1613035190556,1989,selenium_create_page,Success,True
.test_1_selenium_create_page,Total:345 Passed:345 Failed:0
1613035192224,1666,selenium_edit_page:open_create_page_editor,Success,True
1613035192962,717,selenium_edit_page:save_edited_page,Success,True
1613035192962,2405,selenium_edit_page,Success,True
.test_1_selenium_edit_page,Total:346 Passed:346 Failed:0
1613035194042,652,selenium_create_comment:write_comment,Success,True
1613035194663,620,selenium_create_comment:save_comment,Success,True
1613035194663,1699,selenium_create_comment,Success,True
.test_1_selenium_create_comment,Total:347 Passed:347 Failed:0
1613035195285,620,selenium_view_blog,Success,True
.test_1_selenium_view_blog,Total:348 Passed:348 Failed:0
1613035197003,1715,selenium_view_dashboard,Success,True
.test_1_selenium_view_dashboard,Total:349 Passed:349 Failed:0
1613035200443,3439,selenium_app_custom_action:view_page,Success,True
1613035200443,3439,selenium_app_custom_action,Success,True
.test_1_selenium_custom_action,Total:350 Passed:350 Failed:0
1613035200713,268,selenium_log_out,Success,True
.test_2_selenium_z_log_out,Total:351 Passed:351 Failed:0


=============================== warnings summary ===============================
../../usr/local/lib/python3.8/dist-packages/_pytest/config/__init__.py:1114
  /usr/local/lib/python3.8/dist-packages/_pytest/config/__init__.py:1114: PytestAssertRewriteWarning: Module already imported so cannot be rewritten: apiritif
    self._mark_plugins_for_rewrite(hook)

-- Docs: https://docs.pytest.org/en/stable/warnings.html
======================== 9 passed, 1 warning in 13.74s =========================
============================= test session starts ==============================
platform linux -- Python 3.8.0, pytest-6.2.2, py-1.10.0, pluggy-0.13.1
rootdir: /dc-app-performance-toolkit/app
plugins: apiritif-0.9.6
collected 9 items

selenium_ui/confluence_ui.py get driver from global
1613035200905,139,selenium_login:open_login_page,Success,True
1613035201988,999,selenium_login:login_and_view_dashboard,Success,True
1613035201988,1222,selenium_login,Success,True
.test_0_selenium_a_login,Total:352 Passed:352 Failed:0
1613035202473,471,selenium_view_page,Success,True
.test_1_selenium_view_page,Total:353 Passed:353 Failed:0
1613035203322,847,selenium_create_page:open_create_page_editor,Success,True
1613035204610,660,selenium_create_page:save_created_page,Success,True
1613035204610,2134,selenium_create_page,Success,True
.test_1_selenium_create_page,Total:354 Passed:354 Failed:0
1613035205639,1028,selenium_edit_page:open_create_page_editor,Success,True
1613035206406,745,selenium_edit_page:save_edited_page,Success,True
1613035206406,1795,selenium_edit_page,Success,True
.test_1_selenium_edit_page,Total:355 Passed:355 Failed:0
1613035207488,657,selenium_create_comment:write_comment,Success,True
1613035208120,631,selenium_create_comment:save_comment,Success,True
1613035208120,1712,selenium_create_comment,Success,True
.test_1_selenium_create_comment,Total:356 Passed:356 Failed:0
1613035208630,508,selenium_view_blog,Success,True
.test_1_selenium_view_blog,Total:357 Passed:357 Failed:0
1613035210340,1707,selenium_view_dashboard,Success,True
.test_1_selenium_view_dashboard,Total:358 Passed:358 Failed:0
1613035213714,3373,selenium_app_custom_action:view_page,Success,True
1613035213714,3373,selenium_app_custom_action,Success,True
.test_1_selenium_custom_action,Total:359 Passed:359 Failed:0
1613035213912,195,selenium_log_out,Success,True
.test_2_selenium_z_log_out,Total:360 Passed:360 Failed:0


=============================== warnings summary ===============================
../../usr/local/lib/python3.8/dist-packages/_pytest/config/__init__.py:1114
  /usr/local/lib/python3.8/dist-packages/_pytest/config/__init__.py:1114: PytestAssertRewriteWarning: Module already imported so cannot be rewritten: apiritif
    self._mark_plugins_for_rewrite(hook)

-- Docs: https://docs.pytest.org/en/stable/warnings.html
======================== 9 passed, 1 warning in 13.16s =========================
============================= test session starts ==============================
platform linux -- Python 3.8.0, pytest-6.2.2, py-1.10.0, pluggy-0.13.1
rootdir: /dc-app-performance-toolkit/app
plugins: apiritif-0.9.6
collected 9 items

selenium_ui/confluence_ui.py get driver from global
1613035214127,124,selenium_login:open_login_page,Success,True
1613035215089,879,selenium_login:login_and_view_dashboard,Success,True
1613035215089,1087,selenium_login,Success,True
.test_0_selenium_a_login,Total:361 Passed:361 Failed:0
1613035215550,402,selenium_view_page,Success,True
.test_1_selenium_view_page,Total:362 Passed:362 Failed:0
1613035216433,881,selenium_create_page:open_create_page_editor,Success,True
1613035217720,633,selenium_create_page:save_created_page,Success,True
1613035217720,2167,selenium_create_page,Success,True
.test_1_selenium_create_page,Total:363 Passed:363 Failed:0
1613035220385,2663,selenium_edit_page:open_create_page_editor,Success,True
1613035221223,816,selenium_edit_page:save_edited_page,Success,True
1613035221223,3502,selenium_edit_page,Success,True
.test_1_selenium_edit_page,Total:364 Passed:364 Failed:0
1613035222321,699,selenium_create_comment:write_comment,Success,True
1613035222968,646,selenium_create_comment:save_comment,Success,True
1613035222968,1742,selenium_create_comment,Success,True
.test_1_selenium_create_comment,Total:365 Passed:365 Failed:0
1613035223557,587,selenium_view_blog,Success,True
.test_1_selenium_view_blog,Total:366 Passed:366 Failed:0
1613035225279,1720,selenium_view_dashboard,Success,True
.test_1_selenium_view_dashboard,Total:367 Passed:367 Failed:0
1613035228549,3268,selenium_app_custom_action:view_page,Success,True
1613035228550,3269,selenium_app_custom_action,Success,True
.test_1_selenium_custom_action,Total:368 Passed:368 Failed:0
1613035228746,195,selenium_log_out,Success,True
.test_2_selenium_z_log_out,Total:369 Passed:369 Failed:0


=============================== warnings summary ===============================
../../usr/local/lib/python3.8/dist-packages/_pytest/config/__init__.py:1114
  /usr/local/lib/python3.8/dist-packages/_pytest/config/__init__.py:1114: PytestAssertRewriteWarning: Module already imported so cannot be rewritten: apiritif
    self._mark_plugins_for_rewrite(hook)

-- Docs: https://docs.pytest.org/en/stable/warnings.html
======================== 9 passed, 1 warning in 14.75s =========================
============================= test session starts ==============================
platform linux -- Python 3.8.0, pytest-6.2.2, py-1.10.0, pluggy-0.13.1
rootdir: /dc-app-performance-toolkit/app
plugins: apiritif-0.9.6
collected 9 items

selenium_ui/confluence_ui.py get driver from global
1613035228930,131,selenium_login:open_login_page,Success,True
1613035229942,926,selenium_login:login_and_view_dashboard,Success,True
1613035229943,1144,selenium_login,Success,True
.test_0_selenium_a_login,Total:370 Passed:370 Failed:0
1613035230454,446,selenium_view_page,Success,True
.test_1_selenium_view_page,Total:371 Passed:371 Failed:0
1613035231199,743,selenium_create_page:open_create_page_editor,Success,True
1613035232483,655,selenium_create_page:save_created_page,Success,True
1613035232484,2027,selenium_create_page,Success,True
.test_1_selenium_create_page,Total:372 Passed:372 Failed:0
1613035233591,1105,selenium_edit_page:open_create_page_editor,Success,True
1613035234283,671,selenium_edit_page:save_edited_page,Success,True
1613035234283,1798,selenium_edit_page,Success,True
.test_1_selenium_edit_page,Total:373 Passed:373 Failed:0
1613035235356,670,selenium_create_comment:write_comment,Success,True
1613035235997,640,selenium_create_comment:save_comment,Success,True
1613035235997,1712,selenium_create_comment,Success,True
.test_1_selenium_create_comment,Total:374 Passed:374 Failed:0
1613035237447,1449,selenium_view_blog,Success,True
.test_1_selenium_view_blog,Total:375 Passed:375 Failed:0
1613035239179,1730,selenium_view_dashboard,Success,True
.test_1_selenium_view_dashboard,Total:376 Passed:376 Failed:0
1613035242352,3171,selenium_app_custom_action:view_page,Success,True
1613035242352,3171,selenium_app_custom_action,Success,True
.test_1_selenium_custom_action,Total:377 Passed:377 Failed:0
1613035242551,197,selenium_log_out,Success,True
.test_2_selenium_z_log_out,Total:378 Passed:378 Failed:0


=============================== warnings summary ===============================
../../usr/local/lib/python3.8/dist-packages/_pytest/config/__init__.py:1114
  /usr/local/lib/python3.8/dist-packages/_pytest/config/__init__.py:1114: PytestAssertRewriteWarning: Module already imported so cannot be rewritten: apiritif
    self._mark_plugins_for_rewrite(hook)

-- Docs: https://docs.pytest.org/en/stable/warnings.html
======================== 9 passed, 1 warning in 13.76s =========================
============================= test session starts ==============================
platform linux -- Python 3.8.0, pytest-6.2.2, py-1.10.0, pluggy-0.13.1
rootdir: /dc-app-performance-toolkit/app
plugins: apiritif-0.9.6
collected 9 items

selenium_ui/confluence_ui.py get driver from global
1613035242732,125,selenium_login:open_login_page,Success,True
1613035243603,788,selenium_login:login_and_view_dashboard,Success,True
1613035243603,996,selenium_login,Success,True
.test_0_selenium_a_login,Total:379 Passed:379 Failed:0
1613035244164,505,selenium_view_page,Success,True
.test_1_selenium_view_page,Total:380 Passed:380 Failed:0
1613035245012,846,selenium_create_page:open_create_page_editor,Success,True
1613035246279,625,selenium_create_page:save_created_page,Success,True
1613035246279,2114,selenium_create_page,Success,True
.test_1_selenium_create_page,Total:381 Passed:381 Failed:0
1613035248640,2360,selenium_edit_page:open_create_page_editor,Success,True
1613035249949,1287,selenium_edit_page:save_edited_page,Success,True
1613035249949,3668,selenium_edit_page,Success,True
.test_1_selenium_edit_page,Total:382 Passed:382 Failed:0
1613035250990,423,selenium_create_comment:write_comment,Success,True
1613035251613,622,selenium_create_comment:save_comment,Success,True
1613035251613,1663,selenium_create_comment,Success,True
.test_1_selenium_create_comment,Total:383 Passed:383 Failed:0
1613035252190,575,selenium_view_blog,Success,True
.test_1_selenium_view_blog,Total:384 Passed:384 Failed:0
1613035253951,1759,selenium_view_dashboard,Success,True
.test_1_selenium_view_dashboard,Total:385 Passed:385 Failed:0
1613035257449,3497,selenium_app_custom_action:view_page,Success,True
1613035257449,3497,selenium_app_custom_action,Success,True
.test_1_selenium_custom_action,Total:386 Passed:386 Failed:0
1613035257648,197,selenium_log_out,Success,True
.test_2_selenium_z_log_out,Total:387 Passed:387 Failed:0


=============================== warnings summary ===============================
../../usr/local/lib/python3.8/dist-packages/_pytest/config/__init__.py:1114
  /usr/local/lib/python3.8/dist-packages/_pytest/config/__init__.py:1114: PytestAssertRewriteWarning: Module already imported so cannot be rewritten: apiritif
    self._mark_plugins_for_rewrite(hook)

-- Docs: https://docs.pytest.org/en/stable/warnings.html
======================== 9 passed, 1 warning in 15.05s =========================
