============================= test session starts ==============================
platform linux -- Python 3.8.0, pytest-6.2.2, py-1.10.0, pluggy-0.13.1
rootdir: /dc-app-performance-toolkit/app
plugins: apiritif-0.9.6
collected 9 items

selenium_ui/confluence_ui.py first driver inits
1613137824122,331,selenium_login:open_login_page,Success,True
1613137825077,869,selenium_login:login_and_view_dashboard,Success,True
1613137825077,1287,selenium_login,Success,True
.test_0_selenium_a_login,Total:1 Passed:1 Failed:0
1613137826087,994,selenium_view_page,Success,True
.test_1_selenium_view_page,Total:2 Passed:2 Failed:0
1613137826885,796,selenium_create_page:open_create_page_editor,Success,True
1613137828175,619,selenium_create_page:save_created_page,Success,True
1613137828175,2087,selenium_create_page,Success,True
.test_1_selenium_create_page,Total:3 Passed:3 Failed:0
1613137830928,2750,selenium_edit_page:open_create_page_editor,Success,True
1613137832259,1305,selenium_edit_page:save_edited_page,Success,True
1613137832259,4082,selenium_edit_page,Success,True
.test_1_selenium_edit_page,Total:4 Passed:4 Failed:0
1613137833622,641,selenium_create_comment:write_comment,Success,True
1613137834242,619,selenium_create_comment:save_comment,Success,True
1613137834242,1981,selenium_create_comment,Success,True
.test_1_selenium_create_comment,Total:5 Passed:5 Failed:0
1613137835255,1011,selenium_view_blog,Success,True
.test_1_selenium_view_blog,Total:6 Passed:6 Failed:0
1613137836353,1096,selenium_view_dashboard,Success,True
.test_1_selenium_view_dashboard,Total:7 Passed:7 Failed:0
1613137848459,12105,selenium_app_custom_action:view_page,Success,True
1613137848460,12105,selenium_app_custom_action,Success,True
.test_1_selenium_custom_action,Total:8 Passed:8 Failed:0
1613137848650,188,selenium_log_out,Success,True
.test_2_selenium_z_log_out,Total:9 Passed:9 Failed:0


=============================== warnings summary ===============================
../../usr/local/lib/python3.8/dist-packages/_pytest/config/__init__.py:1114
  /usr/local/lib/python3.8/dist-packages/_pytest/config/__init__.py:1114: PytestAssertRewriteWarning: Module already imported so cannot be rewritten: apiritif
    self._mark_plugins_for_rewrite(hook)

-- Docs: https://docs.pytest.org/en/stable/warnings.html
======================== 9 passed, 1 warning in 26.04s =========================
============================= test session starts ==============================
platform linux -- Python 3.8.0, pytest-6.2.2, py-1.10.0, pluggy-0.13.1
rootdir: /dc-app-performance-toolkit/app
plugins: apiritif-0.9.6
collected 9 items

selenium_ui/confluence_ui.py get driver from global
1613137848808,103,selenium_login:open_login_page,Success,True
1613137849711,782,selenium_login:login_and_view_dashboard,Success,True
1613137849711,1006,selenium_login,Success,True
.test_0_selenium_a_login,Total:10 Passed:10 Failed:0
1613137850437,709,selenium_view_page,Success,True
.test_1_selenium_view_page,Total:11 Passed:11 Failed:0
1613137851115,676,selenium_create_page:open_create_page_editor,Success,True
1613137852411,655,selenium_create_page:save_created_page,Success,True
1613137852411,1973,selenium_create_page,Success,True
.test_1_selenium_create_page,Total:12 Passed:12 Failed:0
1613137854215,1802,selenium_edit_page:open_create_page_editor,Success,True
1613137855507,1269,selenium_edit_page:save_edited_page,Success,True
1613137855507,3094,selenium_edit_page,Success,True
.test_1_selenium_edit_page,Total:13 Passed:13 Failed:0
1613137856647,698,selenium_create_comment:write_comment,Success,True
1613137857276,628,selenium_create_comment:save_comment,Success,True
1613137857276,1767,selenium_create_comment,Success,True
.test_1_selenium_create_comment,Total:14 Passed:14 Failed:0
1613137858204,926,selenium_view_blog,Success,True
.test_1_selenium_view_blog,Total:15 Passed:15 Failed:0
1613137859322,1116,selenium_view_dashboard,Success,True
.test_1_selenium_view_dashboard,Total:16 Passed:16 Failed:0
1613137871243,11919,selenium_app_custom_action:view_page,Success,True
1613137871243,11919,selenium_app_custom_action,Success,True
.test_1_selenium_custom_action,Total:17 Passed:17 Failed:0
1613137871435,190,selenium_log_out,Success,True
.test_2_selenium_z_log_out,Total:18 Passed:18 Failed:0


=============================== warnings summary ===============================
../../usr/local/lib/python3.8/dist-packages/_pytest/config/__init__.py:1114
  /usr/local/lib/python3.8/dist-packages/_pytest/config/__init__.py:1114: PytestAssertRewriteWarning: Module already imported so cannot be rewritten: apiritif
    self._mark_plugins_for_rewrite(hook)

-- Docs: https://docs.pytest.org/en/stable/warnings.html
======================== 9 passed, 1 warning in 22.74s =========================
============================= test session starts ==============================
platform linux -- Python 3.8.0, pytest-6.2.2, py-1.10.0, pluggy-0.13.1
rootdir: /dc-app-performance-toolkit/app
plugins: apiritif-0.9.6
collected 9 items

selenium_ui/confluence_ui.py get driver from global
1613137871592,103,selenium_login:open_login_page,Success,True
1613137872580,877,selenium_login:login_and_view_dashboard,Success,True
1613137872580,1092,selenium_login,Success,True
.test_0_selenium_a_login,Total:19 Passed:19 Failed:0
1613137873222,628,selenium_view_page,Success,True
.test_1_selenium_view_page,Total:20 Passed:20 Failed:0
1613137873858,634,selenium_create_page:open_create_page_editor,Success,True
1613137875108,610,selenium_create_page:save_created_page,Success,True
1613137875109,1884,selenium_create_page,Success,True
.test_1_selenium_create_page,Total:21 Passed:21 Failed:0
1613137877667,2557,selenium_edit_page:open_create_page_editor,Success,True
1613137878429,737,selenium_edit_page:save_edited_page,Success,True
1613137878430,3319,selenium_edit_page,Success,True
.test_1_selenium_edit_page,Total:22 Passed:22 Failed:0
1613137879407,646,selenium_create_comment:write_comment,Success,True
1613137880037,629,selenium_create_comment:save_comment,Success,True
1613137880037,1606,selenium_create_comment,Success,True
.test_1_selenium_create_comment,Total:23 Passed:23 Failed:0
1613137881046,1007,selenium_view_blog,Success,True
.test_1_selenium_view_blog,Total:24 Passed:24 Failed:0
1613137882142,1094,selenium_view_dashboard,Success,True
.test_1_selenium_view_dashboard,Total:25 Passed:25 Failed:0
1613137891764,9620,selenium_app_custom_action:view_page,Success,True
1613137891764,9620,selenium_app_custom_action,Success,True
.test_1_selenium_custom_action,Total:26 Passed:26 Failed:0
1613137891954,189,selenium_log_out,Success,True
.test_2_selenium_z_log_out,Total:27 Passed:27 Failed:0


=============================== warnings summary ===============================
../../usr/local/lib/python3.8/dist-packages/_pytest/config/__init__.py:1114
  /usr/local/lib/python3.8/dist-packages/_pytest/config/__init__.py:1114: PytestAssertRewriteWarning: Module already imported so cannot be rewritten: apiritif
    self._mark_plugins_for_rewrite(hook)

-- Docs: https://docs.pytest.org/en/stable/warnings.html
======================== 9 passed, 1 warning in 20.48s =========================
============================= test session starts ==============================
platform linux -- Python 3.8.0, pytest-6.2.2, py-1.10.0, pluggy-0.13.1
rootdir: /dc-app-performance-toolkit/app
plugins: apiritif-0.9.6
collected 9 items

selenium_ui/confluence_ui.py get driver from global
1613137892113,104,selenium_login:open_login_page,Success,True
1613137893035,835,selenium_login:login_and_view_dashboard,Success,True
1613137893035,1027,selenium_login,Success,True
.test_0_selenium_a_login,Total:28 Passed:28 Failed:0
1613137893720,644,selenium_view_page,Success,True
.test_1_selenium_view_page,Total:29 Passed:29 Failed:0
1613137894379,657,selenium_create_page:open_create_page_editor,Success,True
1613137895651,641,selenium_create_page:save_created_page,Success,True
1613137895651,1929,selenium_create_page,Success,True
.test_1_selenium_create_page,Total:30 Passed:30 Failed:0
1613137897227,1574,selenium_edit_page:open_create_page_editor,Success,True
1613137898027,777,selenium_edit_page:save_edited_page,Success,True
1613137898027,2374,selenium_edit_page,Success,True
.test_1_selenium_edit_page,Total:31 Passed:31 Failed:0
1613137899194,754,selenium_create_comment:write_comment,Success,True
1613137899821,627,selenium_create_comment:save_comment,Success,True
1613137899821,1793,selenium_create_comment,Success,True
.test_1_selenium_create_comment,Total:32 Passed:32 Failed:0
1613137900862,1039,selenium_view_blog,Success,True
.test_1_selenium_view_blog,Total:33 Passed:33 Failed:0
1613137902011,1147,selenium_view_dashboard,Success,True
.test_1_selenium_view_dashboard,Total:34 Passed:34 Failed:0
1613137910334,8321,selenium_app_custom_action:view_page,Success,True
1613137910334,8322,selenium_app_custom_action,Success,True
.test_1_selenium_custom_action,Total:35 Passed:35 Failed:0
1613137910520,184,selenium_log_out,Success,True
.test_2_selenium_z_log_out,Total:36 Passed:36 Failed:0


=============================== warnings summary ===============================
../../usr/local/lib/python3.8/dist-packages/_pytest/config/__init__.py:1114
  /usr/local/lib/python3.8/dist-packages/_pytest/config/__init__.py:1114: PytestAssertRewriteWarning: Module already imported so cannot be rewritten: apiritif
    self._mark_plugins_for_rewrite(hook)

-- Docs: https://docs.pytest.org/en/stable/warnings.html
======================== 9 passed, 1 warning in 18.52s =========================
============================= test session starts ==============================
platform linux -- Python 3.8.0, pytest-6.2.2, py-1.10.0, pluggy-0.13.1
rootdir: /dc-app-performance-toolkit/app
plugins: apiritif-0.9.6
collected 9 items

selenium_ui/confluence_ui.py get driver from global
1613137910681,106,selenium_login:open_login_page,Success,True
1613137911620,852,selenium_login:login_and_view_dashboard,Success,True
1613137911620,1045,selenium_login,Success,True
.test_0_selenium_a_login,Total:37 Passed:37 Failed:0
1613137912416,768,selenium_view_page,Success,True
.test_1_selenium_view_page,Total:38 Passed:38 Failed:0
1613137913123,705,selenium_create_page:open_create_page_editor,Success,True
1613137914370,607,selenium_create_page:save_created_page,Success,True
1613137914370,1952,selenium_create_page,Success,True
.test_1_selenium_create_page,Total:39 Passed:39 Failed:0
1613137917102,2730,selenium_edit_page:open_create_page_editor,Success,True
1613137918238,1111,selenium_edit_page:save_edited_page,Success,True
1613137918238,3866,selenium_edit_page,Success,True
.test_1_selenium_edit_page,Total:40 Passed:40 Failed:0
1613137919420,644,selenium_create_comment:write_comment,Success,True
1613137920045,624,selenium_create_comment:save_comment,Success,True
1613137920045,1806,selenium_create_comment,Success,True
.test_1_selenium_create_comment,Total:41 Passed:41 Failed:0
1613137920815,768,selenium_view_blog,Success,True
.test_1_selenium_view_blog,Total:42 Passed:42 Failed:0
1613137921959,1142,selenium_view_dashboard,Success,True
.test_1_selenium_view_dashboard,Total:43 Passed:43 Failed:0
1613137931278,9318,selenium_app_custom_action:view_page,Success,True
1613137931279,9318,selenium_app_custom_action,Success,True
.test_1_selenium_custom_action,Total:44 Passed:44 Failed:0
1613137931470,190,selenium_log_out,Success,True
.test_2_selenium_z_log_out,Total:45 Passed:45 Failed:0


=============================== warnings summary ===============================
../../usr/local/lib/python3.8/dist-packages/_pytest/config/__init__.py:1114
  /usr/local/lib/python3.8/dist-packages/_pytest/config/__init__.py:1114: PytestAssertRewriteWarning: Module already imported so cannot be rewritten: apiritif
    self._mark_plugins_for_rewrite(hook)

-- Docs: https://docs.pytest.org/en/stable/warnings.html
======================== 9 passed, 1 warning in 20.91s =========================
============================= test session starts ==============================
platform linux -- Python 3.8.0, pytest-6.2.2, py-1.10.0, pluggy-0.13.1
rootdir: /dc-app-performance-toolkit/app
plugins: apiritif-0.9.6
collected 9 items

selenium_ui/confluence_ui.py get driver from global
1613137931634,105,selenium_login:open_login_page,Success,True
1613137932514,750,selenium_login:login_and_view_dashboard,Success,True
1613137932515,986,selenium_login,Success,True
.test_0_selenium_a_login,Total:46 Passed:46 Failed:0
1613137933187,655,selenium_view_page,Success,True
.test_1_selenium_view_page,Total:47 Passed:47 Failed:0
1613137933796,607,selenium_create_page:open_create_page_editor,Success,True
1613137935176,689,selenium_create_page:save_created_page,Success,True
1613137935176,1987,selenium_create_page,Success,True
.test_1_selenium_create_page,Total:48 Passed:48 Failed:0
1613137936687,1510,selenium_edit_page:open_create_page_editor,Success,True
1613137937676,962,selenium_edit_page:save_edited_page,Success,True
1613137937676,2498,selenium_edit_page,Success,True
.test_1_selenium_edit_page,Total:49 Passed:49 Failed:0
1613137938827,693,selenium_create_comment:write_comment,Success,True
1613137939470,643,selenium_create_comment:save_comment,Success,True
1613137939470,1792,selenium_create_comment,Success,True
.test_1_selenium_create_comment,Total:50 Passed:50 Failed:0
1613137940512,1040,selenium_view_blog,Success,True
.test_1_selenium_view_blog,Total:51 Passed:51 Failed:0
1613137941630,1116,selenium_view_dashboard,Success,True
.test_1_selenium_view_dashboard,Total:52 Passed:52 Failed:0
1613137953079,11447,selenium_app_custom_action:view_page,Success,True
1613137953079,11447,selenium_app_custom_action,Success,True
.test_1_selenium_custom_action,Total:53 Passed:53 Failed:0
1613137953265,184,selenium_log_out,Success,True
.test_2_selenium_z_log_out,Total:54 Passed:54 Failed:0


=============================== warnings summary ===============================
../../usr/local/lib/python3.8/dist-packages/_pytest/config/__init__.py:1114
  /usr/local/lib/python3.8/dist-packages/_pytest/config/__init__.py:1114: PytestAssertRewriteWarning: Module already imported so cannot be rewritten: apiritif
    self._mark_plugins_for_rewrite(hook)

-- Docs: https://docs.pytest.org/en/stable/warnings.html
======================== 9 passed, 1 warning in 21.75s =========================
============================= test session starts ==============================
platform linux -- Python 3.8.0, pytest-6.2.2, py-1.10.0, pluggy-0.13.1
rootdir: /dc-app-performance-toolkit/app
plugins: apiritif-0.9.6
collected 9 items

selenium_ui/confluence_ui.py get driver from global
1613137953435,108,selenium_login:open_login_page,Success,True
1613137954284,763,selenium_login:login_and_view_dashboard,Success,True
1613137954284,957,selenium_login,Success,True
.test_0_selenium_a_login,Total:55 Passed:55 Failed:0
1613137955009,709,selenium_view_page,Success,True
.test_1_selenium_view_page,Total:56 Passed:56 Failed:0
1613137955631,620,selenium_create_page:open_create_page_editor,Success,True
1613137956938,671,selenium_create_page:save_created_page,Success,True
1613137956938,1928,selenium_create_page,Success,True
.test_1_selenium_create_page,Total:57 Passed:57 Failed:0
1613137959810,2870,selenium_edit_page:open_create_page_editor,Success,True
1613137960762,892,selenium_edit_page:save_edited_page,Success,True
1613137960762,3822,selenium_edit_page,Success,True
.test_1_selenium_edit_page,Total:58 Passed:58 Failed:0
1613137961812,659,selenium_create_comment:write_comment,Success,True
1613137962444,631,selenium_create_comment:save_comment,Success,True
1613137962444,1680,selenium_create_comment,Success,True
.test_1_selenium_create_comment,Total:59 Passed:59 Failed:0
1613137963220,775,selenium_view_blog,Success,True
.test_1_selenium_view_blog,Total:60 Passed:60 Failed:0
1613137964336,1114,selenium_view_dashboard,Success,True
.test_1_selenium_view_dashboard,Total:61 Passed:61 Failed:0
1613137975403,11065,selenium_app_custom_action:view_page,Success,True
1613137975403,11065,selenium_app_custom_action,Success,True
.test_1_selenium_custom_action,Total:62 Passed:62 Failed:0
1613137975587,182,selenium_log_out,Success,True
.test_2_selenium_z_log_out,Total:63 Passed:63 Failed:0


=============================== warnings summary ===============================
../../usr/local/lib/python3.8/dist-packages/_pytest/config/__init__.py:1114
  /usr/local/lib/python3.8/dist-packages/_pytest/config/__init__.py:1114: PytestAssertRewriteWarning: Module already imported so cannot be rewritten: apiritif
    self._mark_plugins_for_rewrite(hook)

-- Docs: https://docs.pytest.org/en/stable/warnings.html
======================== 9 passed, 1 warning in 22.27s =========================
============================= test session starts ==============================
platform linux -- Python 3.8.0, pytest-6.2.2, py-1.10.0, pluggy-0.13.1
rootdir: /dc-app-performance-toolkit/app
plugins: apiritif-0.9.6
collected 9 items

selenium_ui/confluence_ui.py get driver from global
1613137975745,105,selenium_login:open_login_page,Success,True
1613137976625,792,selenium_login:login_and_view_dashboard,Success,True
1613137976625,985,selenium_login,Success,True
.test_0_selenium_a_login,Total:64 Passed:64 Failed:0
1613137977324,668,selenium_view_page,Success,True
.test_1_selenium_view_page,Total:65 Passed:65 Failed:0
1613137978024,698,selenium_create_page:open_create_page_editor,Success,True
1613137979273,609,selenium_create_page:save_created_page,Success,True
1613137979273,1948,selenium_create_page,Success,True
.test_1_selenium_create_page,Total:66 Passed:66 Failed:0
1613137981424,2148,selenium_edit_page:open_create_page_editor,Success,True
1613137982300,852,selenium_edit_page:save_edited_page,Success,True
1613137982300,3025,selenium_edit_page,Success,True
.test_1_selenium_edit_page,Total:67 Passed:67 Failed:0
1613137983046,328,selenium_create_comment:write_comment,Success,True
1613137983666,619,selenium_create_comment:save_comment,Success,True
1613137983666,1364,selenium_create_comment,Success,True
.test_1_selenium_create_comment,Total:68 Passed:68 Failed:0
1613137984512,844,selenium_view_blog,Success,True
.test_1_selenium_view_blog,Total:69 Passed:69 Failed:0
1613137985647,1133,selenium_view_dashboard,Success,True
.test_1_selenium_view_dashboard,Total:70 Passed:70 Failed:0
1613137996943,11294,selenium_app_custom_action:view_page,Success,True
1613137996943,11295,selenium_app_custom_action,Success,True
.test_1_selenium_custom_action,Total:71 Passed:71 Failed:0
1613137997136,191,selenium_log_out,Success,True
.test_2_selenium_z_log_out,Total:72 Passed:72 Failed:0


=============================== warnings summary ===============================
../../usr/local/lib/python3.8/dist-packages/_pytest/config/__init__.py:1114
  /usr/local/lib/python3.8/dist-packages/_pytest/config/__init__.py:1114: PytestAssertRewriteWarning: Module already imported so cannot be rewritten: apiritif
    self._mark_plugins_for_rewrite(hook)

-- Docs: https://docs.pytest.org/en/stable/warnings.html
======================== 9 passed, 1 warning in 21.51s =========================
============================= test session starts ==============================
platform linux -- Python 3.8.0, pytest-6.2.2, py-1.10.0, pluggy-0.13.1
rootdir: /dc-app-performance-toolkit/app
plugins: apiritif-0.9.6
collected 9 items

selenium_ui/confluence_ui.py get driver from global
1613137997301,109,selenium_login:open_login_page,Success,True
1613137998205,815,selenium_login:login_and_view_dashboard,Success,True
1613137998205,1014,selenium_login,Success,True
.test_0_selenium_a_login,Total:73 Passed:73 Failed:0
1613137998955,688,selenium_view_page,Success,True
.test_1_selenium_view_page,Total:74 Passed:74 Failed:0
1613137999655,697,selenium_create_page:open_create_page_editor,Success,True
1613138001032,692,selenium_create_page:save_created_page,Success,True
1613138001032,2074,selenium_create_page,Success,True
.test_1_selenium_create_page,Total:75 Passed:75 Failed:0
1613138003192,2158,selenium_edit_page:open_create_page_editor,Success,True
1613138004065,850,selenium_edit_page:save_edited_page,Success,True
1613138004066,3032,selenium_edit_page,Success,True
.test_1_selenium_edit_page,Total:76 Passed:76 Failed:0
1613138004898,300,selenium_create_comment:write_comment,Success,True
1613138005518,619,selenium_create_comment:save_comment,Success,True
1613138005518,1451,selenium_create_comment,Success,True
.test_1_selenium_create_comment,Total:77 Passed:77 Failed:0
1613138006585,1065,selenium_view_blog,Success,True
.test_1_selenium_view_blog,Total:78 Passed:78 Failed:0
1613138007779,1192,selenium_view_dashboard,Success,True
.test_1_selenium_view_dashboard,Total:79 Passed:79 Failed:0
1613138019567,11786,selenium_app_custom_action:view_page,Success,True
1613138019567,11786,selenium_app_custom_action,Success,True
.test_1_selenium_custom_action,Total:80 Passed:80 Failed:0
1613138019757,188,selenium_log_out,Success,True
.test_2_selenium_z_log_out,Total:81 Passed:81 Failed:0


=============================== warnings summary ===============================
../../usr/local/lib/python3.8/dist-packages/_pytest/config/__init__.py:1114
  /usr/local/lib/python3.8/dist-packages/_pytest/config/__init__.py:1114: PytestAssertRewriteWarning: Module already imported so cannot be rewritten: apiritif
    self._mark_plugins_for_rewrite(hook)

-- Docs: https://docs.pytest.org/en/stable/warnings.html
======================== 9 passed, 1 warning in 22.58s =========================
============================= test session starts ==============================
platform linux -- Python 3.8.0, pytest-6.2.2, py-1.10.0, pluggy-0.13.1
rootdir: /dc-app-performance-toolkit/app
plugins: apiritif-0.9.6
collected 9 items

selenium_ui/confluence_ui.py get driver from global
1613138019920,108,selenium_login:open_login_page,Success,True
1613138020787,779,selenium_login:login_and_view_dashboard,Success,True
1613138020787,976,selenium_login,Success,True
.test_0_selenium_a_login,Total:82 Passed:82 Failed:0
1613138021536,720,selenium_view_page,Success,True
.test_1_selenium_view_page,Total:83 Passed:83 Failed:0
1613138022291,753,selenium_create_page:open_create_page_editor,Success,True
1613138023647,715,selenium_create_page:save_created_page,Success,True
1613138023647,2110,selenium_create_page,Success,True
.test_1_selenium_create_page,Total:84 Passed:84 Failed:0
1613138025802,2153,selenium_edit_page:open_create_page_editor,Success,True
1613138026612,785,selenium_edit_page:save_edited_page,Success,True
1613138026612,2963,selenium_edit_page,Success,True
.test_1_selenium_edit_page,Total:85 Passed:85 Failed:0
1613138027725,704,selenium_create_comment:write_comment,Success,True
1613138028359,633,selenium_create_comment:save_comment,Success,True
1613138028359,1745,selenium_create_comment,Success,True
.test_1_selenium_create_comment,Total:86 Passed:86 Failed:0
1613138029357,997,selenium_view_blog,Success,True
.test_1_selenium_view_blog,Total:87 Passed:87 Failed:0
1613138030535,1176,selenium_view_dashboard,Success,True
.test_1_selenium_view_dashboard,Total:88 Passed:88 Failed:0
1613138038978,8442,selenium_app_custom_action:view_page,Success,True
1613138038978,8442,selenium_app_custom_action,Success,True
.test_1_selenium_custom_action,Total:89 Passed:89 Failed:0
1613138039177,196,selenium_log_out,Success,True
.test_2_selenium_z_log_out,Total:90 Passed:90 Failed:0


=============================== warnings summary ===============================
../../usr/local/lib/python3.8/dist-packages/_pytest/config/__init__.py:1114
  /usr/local/lib/python3.8/dist-packages/_pytest/config/__init__.py:1114: PytestAssertRewriteWarning: Module already imported so cannot be rewritten: apiritif
    self._mark_plugins_for_rewrite(hook)

-- Docs: https://docs.pytest.org/en/stable/warnings.html
======================== 9 passed, 1 warning in 19.38s =========================
============================= test session starts ==============================
platform linux -- Python 3.8.0, pytest-6.2.2, py-1.10.0, pluggy-0.13.1
rootdir: /dc-app-performance-toolkit/app
plugins: apiritif-0.9.6
collected 9 items

selenium_ui/confluence_ui.py get driver from global
1613138039359,120,selenium_login:open_login_page,Success,True
1613138040250,802,selenium_login:login_and_view_dashboard,Success,True
1613138040250,1011,selenium_login,Success,True
.test_0_selenium_a_login,Total:91 Passed:91 Failed:0
1613138040788,504,selenium_view_page,Success,True
.test_1_selenium_view_page,Total:92 Passed:92 Failed:0
1613138041553,763,selenium_create_page:open_create_page_editor,Success,True
1613138042886,676,selenium_create_page:save_created_page,Success,True
1613138042886,2096,selenium_create_page,Success,True
.test_1_selenium_create_page,Total:93 Passed:93 Failed:0
1613138043946,1059,selenium_edit_page:open_create_page_editor,Success,True
1613138044754,785,selenium_edit_page:save_edited_page,Success,True
1613138044754,1867,selenium_edit_page,Success,True
.test_1_selenium_edit_page,Total:94 Passed:94 Failed:0
1613138045481,310,selenium_create_comment:write_comment,Success,True
1613138046107,625,selenium_create_comment:save_comment,Success,True
1613138046107,1351,selenium_create_comment,Success,True
.test_1_selenium_create_comment,Total:95 Passed:95 Failed:0
1613138047112,1003,selenium_view_blog,Success,True
.test_1_selenium_view_blog,Total:96 Passed:96 Failed:0
1613138048251,1137,selenium_view_dashboard,Success,True
.test_1_selenium_view_dashboard,Total:97 Passed:97 Failed:0
1613138059708,11454,selenium_app_custom_action:view_page,Success,True
1613138059708,11454,selenium_app_custom_action,Success,True
.test_1_selenium_custom_action,Total:98 Passed:98 Failed:0
1613138059908,198,selenium_log_out,Success,True
.test_2_selenium_z_log_out,Total:99 Passed:99 Failed:0


=============================== warnings summary ===============================
../../usr/local/lib/python3.8/dist-packages/_pytest/config/__init__.py:1114
  /usr/local/lib/python3.8/dist-packages/_pytest/config/__init__.py:1114: PytestAssertRewriteWarning: Module already imported so cannot be rewritten: apiritif
    self._mark_plugins_for_rewrite(hook)

-- Docs: https://docs.pytest.org/en/stable/warnings.html
======================== 9 passed, 1 warning in 20.68s =========================
============================= test session starts ==============================
platform linux -- Python 3.8.0, pytest-6.2.2, py-1.10.0, pluggy-0.13.1
rootdir: /dc-app-performance-toolkit/app
plugins: apiritif-0.9.6
collected 9 items

selenium_ui/confluence_ui.py get driver from global
1613138060125,162,selenium_login:open_login_page,Success,True
1613138061014,768,selenium_login:login_and_view_dashboard,Success,True
1613138061015,1052,selenium_login,Success,True
.test_0_selenium_a_login,Total:100 Passed:100 Failed:0
1613138061463,432,selenium_view_page,Success,True
.test_1_selenium_view_page,Total:101 Passed:101 Failed:0
1613138062084,620,selenium_create_page:open_create_page_editor,Success,True
1613138063400,680,selenium_create_page:save_created_page,Success,True
1613138063400,1936,selenium_create_page,Success,True
.test_1_selenium_create_page,Total:102 Passed:102 Failed:0
1613138065989,2587,selenium_edit_page:open_create_page_editor,Success,True
1613138066715,704,selenium_edit_page:save_edited_page,Success,True
1613138066715,3313,selenium_edit_page,Success,True
.test_1_selenium_edit_page,Total:103 Passed:103 Failed:0
1613138067704,639,selenium_create_comment:write_comment,Success,True
1613138068328,623,selenium_create_comment:save_comment,Success,True
1613138068328,1611,selenium_create_comment,Success,True
.test_1_selenium_create_comment,Total:104 Passed:104 Failed:0
1613138069187,857,selenium_view_blog,Success,True
.test_1_selenium_view_blog,Total:105 Passed:105 Failed:0
1613138070308,1119,selenium_view_dashboard,Success,True
.test_1_selenium_view_dashboard,Total:106 Passed:106 Failed:0
1613138078983,8673,selenium_app_custom_action:view_page,Success,True
1613138078983,8673,selenium_app_custom_action,Success,True
.test_1_selenium_custom_action,Total:107 Passed:107 Failed:0
1613138079174,189,selenium_log_out,Success,True
.test_2_selenium_z_log_out,Total:108 Passed:108 Failed:0


=============================== warnings summary ===============================
../../usr/local/lib/python3.8/dist-packages/_pytest/config/__init__.py:1114
  /usr/local/lib/python3.8/dist-packages/_pytest/config/__init__.py:1114: PytestAssertRewriteWarning: Module already imported so cannot be rewritten: apiritif
    self._mark_plugins_for_rewrite(hook)

-- Docs: https://docs.pytest.org/en/stable/warnings.html
======================== 9 passed, 1 warning in 19.22s =========================
============================= test session starts ==============================
platform linux -- Python 3.8.0, pytest-6.2.2, py-1.10.0, pluggy-0.13.1
rootdir: /dc-app-performance-toolkit/app
plugins: apiritif-0.9.6
collected 9 items

selenium_ui/confluence_ui.py get driver from global
1613138079370,109,selenium_login:open_login_page,Success,True
1613138080357,900,selenium_login:login_and_view_dashboard,Success,True
1613138080357,1096,selenium_login,Success,True
.test_0_selenium_a_login,Total:109 Passed:109 Failed:0
1613138080754,380,selenium_view_page,Success,True
.test_1_selenium_view_page,Total:110 Passed:110 Failed:0
1613138081443,687,selenium_create_page:open_create_page_editor,Success,True
1613138082768,647,selenium_create_page:save_created_page,Success,True
1613138082768,2011,selenium_create_page,Success,True
.test_1_selenium_create_page,Total:111 Passed:111 Failed:0
1613138083767,998,selenium_edit_page:open_create_page_editor,Success,True
1613138084552,729,selenium_edit_page:save_edited_page,Success,True
1613138084552,1782,selenium_edit_page,Success,True
.test_1_selenium_edit_page,Total:112 Passed:112 Failed:0
1613138085552,650,selenium_create_comment:write_comment,Success,True
1613138086178,625,selenium_create_comment:save_comment,Success,True
1613138086178,1624,selenium_create_comment,Success,True
.test_1_selenium_create_comment,Total:113 Passed:113 Failed:0
1613138087181,1002,selenium_view_blog,Success,True
.test_1_selenium_view_blog,Total:114 Passed:114 Failed:0
1613138088320,1137,selenium_view_dashboard,Success,True
.test_1_selenium_view_dashboard,Total:115 Passed:115 Failed:0
1613138100638,12316,selenium_app_custom_action:view_page,Success,True
1613138100638,12316,selenium_app_custom_action,Success,True
.test_1_selenium_custom_action,Total:116 Passed:116 Failed:0
1613138100837,198,selenium_log_out,Success,True
.test_2_selenium_z_log_out,Total:117 Passed:117 Failed:0


=============================== warnings summary ===============================
../../usr/local/lib/python3.8/dist-packages/_pytest/config/__init__.py:1114
  /usr/local/lib/python3.8/dist-packages/_pytest/config/__init__.py:1114: PytestAssertRewriteWarning: Module already imported so cannot be rewritten: apiritif
    self._mark_plugins_for_rewrite(hook)

-- Docs: https://docs.pytest.org/en/stable/warnings.html
======================== 9 passed, 1 warning in 21.59s =========================
============================= test session starts ==============================
platform linux -- Python 3.8.0, pytest-6.2.2, py-1.10.0, pluggy-0.13.1
rootdir: /dc-app-performance-toolkit/app
plugins: apiritif-0.9.6
collected 9 items

selenium_ui/confluence_ui.py get driver from global
1613138101041,150,selenium_login:open_login_page,Success,True
1613138101930,802,selenium_login:login_and_view_dashboard,Success,True
1613138101930,1039,selenium_login,Success,True
.test_0_selenium_a_login,Total:118 Passed:118 Failed:0
1613138102709,764,selenium_view_page,Success,True
.test_1_selenium_view_page,Total:119 Passed:119 Failed:0
1613138103372,661,selenium_create_page:open_create_page_editor,Success,True
1613138104728,681,selenium_create_page:save_created_page,Success,True
1613138104729,2018,selenium_create_page,Success,True
.test_1_selenium_create_page,Total:120 Passed:120 Failed:0
1613138106969,2238,selenium_edit_page:open_create_page_editor,Success,True
1613138108336,1343,selenium_edit_page:save_edited_page,Success,True
1613138108336,3605,selenium_edit_page,Success,True
.test_1_selenium_edit_page,Total:121 Passed:121 Failed:0
1613138109566,702,selenium_create_comment:write_comment,Success,True
1613138110194,628,selenium_create_comment:save_comment,Success,True
1613138110194,1857,selenium_create_comment,Success,True
.test_1_selenium_create_comment,Total:122 Passed:122 Failed:0
1613138111265,1069,selenium_view_blog,Success,True
.test_1_selenium_view_blog,Total:123 Passed:123 Failed:0
1613138112397,1130,selenium_view_dashboard,Success,True
.test_1_selenium_view_dashboard,Total:124 Passed:124 Failed:0
1613138121883,9484,selenium_app_custom_action:view_page,Success,True
1613138121883,9484,selenium_app_custom_action,Success,True
.test_1_selenium_custom_action,Total:125 Passed:125 Failed:0
1613138122124,239,selenium_log_out,Success,True
.test_2_selenium_z_log_out,Total:126 Passed:126 Failed:0


=============================== warnings summary ===============================
../../usr/local/lib/python3.8/dist-packages/_pytest/config/__init__.py:1114
  /usr/local/lib/python3.8/dist-packages/_pytest/config/__init__.py:1114: PytestAssertRewriteWarning: Module already imported so cannot be rewritten: apiritif
    self._mark_plugins_for_rewrite(hook)

-- Docs: https://docs.pytest.org/en/stable/warnings.html
======================== 9 passed, 1 warning in 21.24s =========================
============================= test session starts ==============================
platform linux -- Python 3.8.0, pytest-6.2.2, py-1.10.0, pluggy-0.13.1
rootdir: /dc-app-performance-toolkit/app
plugins: apiritif-0.9.6
collected 9 items

selenium_ui/confluence_ui.py get driver from global
1613138122284,107,selenium_login:open_login_page,Success,True
1613138123266,893,selenium_login:login_and_view_dashboard,Success,True
1613138123266,1089,selenium_login,Success,True
.test_0_selenium_a_login,Total:127 Passed:127 Failed:0
1613138124170,888,selenium_view_page,Success,True
.test_1_selenium_view_page,Total:128 Passed:128 Failed:0
1613138124801,629,selenium_create_page:open_create_page_editor,Success,True
1613138126128,656,selenium_create_page:save_created_page,Success,True
1613138126128,1957,selenium_create_page,Success,True
.test_1_selenium_create_page,Total:129 Passed:129 Failed:0
1613138128334,2204,selenium_edit_page:open_create_page_editor,Success,True
1613138129539,1181,selenium_edit_page:save_edited_page,Success,True
1613138129539,3409,selenium_edit_page,Success,True
.test_1_selenium_edit_page,Total:130 Passed:130 Failed:0
1613138131040,663,selenium_create_comment:write_comment,Success,True
1613138131660,620,selenium_create_comment:save_comment,Success,True
1613138131660,2120,selenium_create_comment,Success,True
.test_1_selenium_create_comment,Total:131 Passed:131 Failed:0
1613138132721,1059,selenium_view_blog,Success,True
.test_1_selenium_view_blog,Total:132 Passed:132 Failed:0
1613138133900,1177,selenium_view_dashboard,Success,True
.test_1_selenium_view_dashboard,Total:133 Passed:133 Failed:0
1613138140552,6651,selenium_app_custom_action:view_page,Success,True
1613138140552,6651,selenium_app_custom_action,Success,True
.test_1_selenium_custom_action,Total:134 Passed:134 Failed:0
1613138140740,186,selenium_log_out,Success,True
.test_2_selenium_z_log_out,Total:135 Passed:135 Failed:0


=============================== warnings summary ===============================
../../usr/local/lib/python3.8/dist-packages/_pytest/config/__init__.py:1114
  /usr/local/lib/python3.8/dist-packages/_pytest/config/__init__.py:1114: PytestAssertRewriteWarning: Module already imported so cannot be rewritten: apiritif
    self._mark_plugins_for_rewrite(hook)

-- Docs: https://docs.pytest.org/en/stable/warnings.html
======================== 9 passed, 1 warning in 18.57s =========================
============================= test session starts ==============================
platform linux -- Python 3.8.0, pytest-6.2.2, py-1.10.0, pluggy-0.13.1
rootdir: /dc-app-performance-toolkit/app
plugins: apiritif-0.9.6
collected 9 items

selenium_ui/confluence_ui.py get driver from global
1613138140906,110,selenium_login:open_login_page,Success,True
1613138141950,954,selenium_login:login_and_view_dashboard,Success,True
1613138141950,1154,selenium_login,Success,True
.test_0_selenium_a_login,Total:136 Passed:136 Failed:0
1613138142680,700,selenium_view_page,Success,True
.test_1_selenium_view_page,Total:137 Passed:137 Failed:0
1613138143378,696,selenium_create_page:open_create_page_editor,Success,True
1613138144670,610,selenium_create_page:save_created_page,Success,True
1613138144670,1989,selenium_create_page,Success,True
.test_1_selenium_create_page,Total:138 Passed:138 Failed:0
1613138146947,2275,selenium_edit_page:open_create_page_editor,Success,True
1613138147829,857,selenium_edit_page:save_edited_page,Success,True
1613138147829,3157,selenium_edit_page,Success,True
.test_1_selenium_edit_page,Total:139 Passed:139 Failed:0
1613138148985,603,selenium_create_comment:write_comment,Success,True
1613138149614,628,selenium_create_comment:save_comment,Success,True
1613138149614,1783,selenium_create_comment,Success,True
.test_1_selenium_create_comment,Total:140 Passed:140 Failed:0
1613138150405,789,selenium_view_blog,Success,True
.test_1_selenium_view_blog,Total:141 Passed:141 Failed:0
1613138151549,1142,selenium_view_dashboard,Success,True
.test_1_selenium_view_dashboard,Total:142 Passed:142 Failed:0
1613138163356,11806,selenium_app_custom_action:view_page,Success,True
1613138163356,11806,selenium_app_custom_action,Success,True
.test_1_selenium_custom_action,Total:143 Passed:143 Failed:0
1613138163550,192,selenium_log_out,Success,True
.test_2_selenium_z_log_out,Total:144 Passed:144 Failed:0


=============================== warnings summary ===============================
../../usr/local/lib/python3.8/dist-packages/_pytest/config/__init__.py:1114
  /usr/local/lib/python3.8/dist-packages/_pytest/config/__init__.py:1114: PytestAssertRewriteWarning: Module already imported so cannot be rewritten: apiritif
    self._mark_plugins_for_rewrite(hook)

-- Docs: https://docs.pytest.org/en/stable/warnings.html
======================== 9 passed, 1 warning in 22.76s =========================
============================= test session starts ==============================
platform linux -- Python 3.8.0, pytest-6.2.2, py-1.10.0, pluggy-0.13.1
rootdir: /dc-app-performance-toolkit/app
plugins: apiritif-0.9.6
collected 9 items

selenium_ui/confluence_ui.py get driver from global
1613138163713,108,selenium_login:open_login_page,Success,True
1613138164564,763,selenium_login:login_and_view_dashboard,Success,True
1613138164564,959,selenium_login,Success,True
.test_0_selenium_a_login,Total:145 Passed:145 Failed:0
1613138165143,550,selenium_view_page,Success,True
.test_1_selenium_view_page,Total:146 Passed:146 Failed:0
1613138165964,819,selenium_create_page:open_create_page_editor,Success,True
1613138167276,605,selenium_create_page:save_created_page,Success,True
1613138167276,2132,selenium_create_page,Success,True
.test_1_selenium_create_page,Total:147 Passed:147 Failed:0
1613138169975,2697,selenium_edit_page:open_create_page_editor,Success,True
1613138171040,1041,selenium_edit_page:save_edited_page,Success,True
1613138171040,3762,selenium_edit_page,Success,True
.test_1_selenium_edit_page,Total:148 Passed:148 Failed:0
1613138172237,786,selenium_create_comment:write_comment,Success,True
1613138172857,619,selenium_create_comment:save_comment,Success,True
1613138172857,1815,selenium_create_comment,Success,True
.test_1_selenium_create_comment,Total:149 Passed:149 Failed:0
1613138173777,919,selenium_view_blog,Success,True
.test_1_selenium_view_blog,Total:150 Passed:150 Failed:0
1613138174901,1122,selenium_view_dashboard,Success,True
.test_1_selenium_view_dashboard,Total:151 Passed:151 Failed:0
1613138186779,11876,selenium_app_custom_action:view_page,Success,True
1613138186779,11876,selenium_app_custom_action,Success,True
.test_1_selenium_custom_action,Total:152 Passed:152 Failed:0
1613138186968,187,selenium_log_out,Success,True
.test_2_selenium_z_log_out,Total:153 Passed:153 Failed:0


=============================== warnings summary ===============================
../../usr/local/lib/python3.8/dist-packages/_pytest/config/__init__.py:1114
  /usr/local/lib/python3.8/dist-packages/_pytest/config/__init__.py:1114: PytestAssertRewriteWarning: Module already imported so cannot be rewritten: apiritif
    self._mark_plugins_for_rewrite(hook)

-- Docs: https://docs.pytest.org/en/stable/warnings.html
======================== 9 passed, 1 warning in 23.37s =========================
============================= test session starts ==============================
platform linux -- Python 3.8.0, pytest-6.2.2, py-1.10.0, pluggy-0.13.1
rootdir: /dc-app-performance-toolkit/app
plugins: apiritif-0.9.6
collected 9 items

selenium_ui/confluence_ui.py get driver from global
1613138187144,121,selenium_login:open_login_page,Success,True
1613138187995,757,selenium_login:login_and_view_dashboard,Success,True
1613138187995,972,selenium_login,Success,True
.test_0_selenium_a_login,Total:154 Passed:154 Failed:0
1613138188480,470,selenium_view_page,Success,True
.test_1_selenium_view_page,Total:155 Passed:155 Failed:0
1613138189147,664,selenium_create_page:open_create_page_editor,Success,True
1613138190414,618,selenium_create_page:save_created_page,Success,True
1613138190414,1932,selenium_create_page,Success,True
.test_1_selenium_create_page,Total:156 Passed:156 Failed:0
1613138193274,2858,selenium_edit_page:open_create_page_editor,Success,True
1613138194333,1037,selenium_edit_page:save_edited_page,Success,True
1613138194333,3917,selenium_edit_page,Success,True
.test_1_selenium_edit_page,Total:157 Passed:157 Failed:0
1613138195482,685,selenium_create_comment:write_comment,Success,True
1613138196114,631,selenium_create_comment:save_comment,Success,True
1613138196114,1779,selenium_create_comment,Success,True
.test_1_selenium_create_comment,Total:158 Passed:158 Failed:0
1613138196829,713,selenium_view_blog,Success,True
.test_1_selenium_view_blog,Total:159 Passed:159 Failed:0
1613138197943,1111,selenium_view_dashboard,Success,True
.test_1_selenium_view_dashboard,Total:160 Passed:160 Failed:0
1613138209973,12028,selenium_app_custom_action:view_page,Success,True
1613138209973,12029,selenium_app_custom_action,Success,True
.test_1_selenium_custom_action,Total:161 Passed:161 Failed:0
1613138210167,192,selenium_log_out,Success,True
.test_2_selenium_z_log_out,Total:162 Passed:162 Failed:0


=============================== warnings summary ===============================
../../usr/local/lib/python3.8/dist-packages/_pytest/config/__init__.py:1114
  /usr/local/lib/python3.8/dist-packages/_pytest/config/__init__.py:1114: PytestAssertRewriteWarning: Module already imported so cannot be rewritten: apiritif
    self._mark_plugins_for_rewrite(hook)

-- Docs: https://docs.pytest.org/en/stable/warnings.html
======================== 9 passed, 1 warning in 23.16s =========================
============================= test session starts ==============================
platform linux -- Python 3.8.0, pytest-6.2.2, py-1.10.0, pluggy-0.13.1
rootdir: /dc-app-performance-toolkit/app
plugins: apiritif-0.9.6
collected 9 items

selenium_ui/confluence_ui.py get driver from global
1613138210329,107,selenium_login:open_login_page,Success,True
1613138211301,884,selenium_login:login_and_view_dashboard,Success,True
1613138211302,1079,selenium_login,Success,True
.test_0_selenium_a_login,Total:163 Passed:163 Failed:0
1613138212028,699,selenium_view_page,Success,True
.test_1_selenium_view_page,Total:164 Passed:164 Failed:0
1613138212858,828,selenium_create_page:open_create_page_editor,Success,True
1613138214108,616,selenium_create_page:save_created_page,Success,True
1613138214108,2079,selenium_create_page,Success,True
.test_1_selenium_create_page,Total:165 Passed:165 Failed:0
1613138216851,2741,selenium_edit_page:open_create_page_editor,Success,True
1613138217719,845,selenium_edit_page:save_edited_page,Success,True
1613138217719,3609,selenium_edit_page,Success,True
.test_1_selenium_edit_page,Total:166 Passed:166 Failed:0
1613138218475,322,selenium_create_comment:write_comment,Success,True
1613138219107,631,selenium_create_comment:save_comment,Success,True
1613138219107,1386,selenium_create_comment,Success,True
.test_1_selenium_create_comment,Total:167 Passed:167 Failed:0
1613138219909,800,selenium_view_blog,Success,True
.test_1_selenium_view_blog,Total:168 Passed:168 Failed:0
1613138221098,1186,selenium_view_dashboard,Success,True
.test_1_selenium_view_dashboard,Total:169 Passed:169 Failed:0
1613138233459,12359,selenium_app_custom_action:view_page,Success,True
1613138233459,12359,selenium_app_custom_action,Success,True
.test_1_selenium_custom_action,Total:170 Passed:170 Failed:0
1613138233647,186,selenium_log_out,Success,True
.test_2_selenium_z_log_out,Total:171 Passed:171 Failed:0


=============================== warnings summary ===============================
../../usr/local/lib/python3.8/dist-packages/_pytest/config/__init__.py:1114
  /usr/local/lib/python3.8/dist-packages/_pytest/config/__init__.py:1114: PytestAssertRewriteWarning: Module already imported so cannot be rewritten: apiritif
    self._mark_plugins_for_rewrite(hook)

-- Docs: https://docs.pytest.org/en/stable/warnings.html
======================== 9 passed, 1 warning in 23.43s =========================
============================= test session starts ==============================
platform linux -- Python 3.8.0, pytest-6.2.2, py-1.10.0, pluggy-0.13.1
rootdir: /dc-app-performance-toolkit/app
plugins: apiritif-0.9.6
collected 9 items

selenium_ui/confluence_ui.py get driver from global
1613138233808,107,selenium_login:open_login_page,Success,True
1613138234840,945,selenium_login:login_and_view_dashboard,Success,True
1613138234840,1140,selenium_login,Success,True
.test_0_selenium_a_login,Total:172 Passed:172 Failed:0
1613138235318,446,selenium_view_page,Success,True
.test_1_selenium_view_page,Total:173 Passed:173 Failed:0
1613138236134,814,selenium_create_page:open_create_page_editor,Success,True
1613138237406,624,selenium_create_page:save_created_page,Success,True
1613138237407,2086,selenium_create_page,Success,True
.test_1_selenium_create_page,Total:174 Passed:174 Failed:0
1613138239150,1742,selenium_edit_page:open_create_page_editor,Success,True
1613138239948,774,selenium_edit_page:save_edited_page,Success,True
1613138239948,2539,selenium_edit_page,Success,True
.test_1_selenium_edit_page,Total:175 Passed:175 Failed:0
1613138240996,686,selenium_create_comment:write_comment,Success,True
1613138241622,625,selenium_create_comment:save_comment,Success,True
1613138241622,1673,selenium_create_comment,Success,True
.test_1_selenium_create_comment,Total:176 Passed:176 Failed:0
1613138242542,918,selenium_view_blog,Success,True
.test_1_selenium_view_blog,Total:177 Passed:177 Failed:0
1613138243737,1192,selenium_view_dashboard,Success,True
.test_1_selenium_view_dashboard,Total:178 Passed:178 Failed:0
1613138255520,11781,selenium_app_custom_action:view_page,Success,True
1613138255520,11782,selenium_app_custom_action,Success,True
.test_1_selenium_custom_action,Total:179 Passed:179 Failed:0
1613138255715,193,selenium_log_out,Success,True
.test_2_selenium_z_log_out,Total:180 Passed:180 Failed:0


=============================== warnings summary ===============================
../../usr/local/lib/python3.8/dist-packages/_pytest/config/__init__.py:1114
  /usr/local/lib/python3.8/dist-packages/_pytest/config/__init__.py:1114: PytestAssertRewriteWarning: Module already imported so cannot be rewritten: apiritif
    self._mark_plugins_for_rewrite(hook)

-- Docs: https://docs.pytest.org/en/stable/warnings.html
======================== 9 passed, 1 warning in 22.02s =========================
============================= test session starts ==============================
platform linux -- Python 3.8.0, pytest-6.2.2, py-1.10.0, pluggy-0.13.1
rootdir: /dc-app-performance-toolkit/app
plugins: apiritif-0.9.6
collected 9 items

selenium_ui/confluence_ui.py get driver from global
1613138255888,111,selenium_login:open_login_page,Success,True
1613138256740,764,selenium_login:login_and_view_dashboard,Success,True
1613138256740,963,selenium_login,Success,True
.test_0_selenium_a_login,Total:181 Passed:181 Failed:0
1613138257630,833,selenium_view_page,Success,True
.test_1_selenium_view_page,Total:182 Passed:182 Failed:0
1613138258379,747,selenium_create_page:open_create_page_editor,Success,True
1613138259760,705,selenium_create_page:save_created_page,Success,True
1613138259760,2128,selenium_create_page,Success,True
.test_1_selenium_create_page,Total:183 Passed:183 Failed:0
1613138261831,2069,selenium_edit_page:open_create_page_editor,Success,True
1613138263263,1408,selenium_edit_page:save_edited_page,Success,True
1613138263263,3501,selenium_edit_page,Success,True
.test_1_selenium_edit_page,Total:184 Passed:184 Failed:0
1613138264183,402,selenium_create_comment:write_comment,Success,True
1613138264818,634,selenium_create_comment:save_comment,Success,True
1613138264818,1552,selenium_create_comment,Success,True
.test_1_selenium_create_comment,Total:185 Passed:185 Failed:0
1613138265905,1085,selenium_view_blog,Success,True
.test_1_selenium_view_blog,Total:186 Passed:186 Failed:0
1613138267056,1149,selenium_view_dashboard,Success,True
.test_1_selenium_view_dashboard,Total:187 Passed:187 Failed:0
1613138276118,9060,selenium_app_custom_action:view_page,Success,True
1613138276118,9060,selenium_app_custom_action,Success,True
.test_1_selenium_custom_action,Total:188 Passed:188 Failed:0
1613138276300,180,selenium_log_out,Success,True
.test_2_selenium_z_log_out,Total:189 Passed:189 Failed:0


=============================== warnings summary ===============================
../../usr/local/lib/python3.8/dist-packages/_pytest/config/__init__.py:1114
  /usr/local/lib/python3.8/dist-packages/_pytest/config/__init__.py:1114: PytestAssertRewriteWarning: Module already imported so cannot be rewritten: apiritif
    self._mark_plugins_for_rewrite(hook)

-- Docs: https://docs.pytest.org/en/stable/warnings.html
======================== 9 passed, 1 warning in 20.53s =========================
============================= test session starts ==============================
platform linux -- Python 3.8.0, pytest-6.2.2, py-1.10.0, pluggy-0.13.1
rootdir: /dc-app-performance-toolkit/app
plugins: apiritif-0.9.6
collected 9 items

selenium_ui/confluence_ui.py get driver from global
1613138276462,107,selenium_login:open_login_page,Success,True
1613138277476,927,selenium_login:login_and_view_dashboard,Success,True
1613138277476,1121,selenium_login,Success,True
.test_0_selenium_a_login,Total:190 Passed:190 Failed:0
1613138278178,675,selenium_view_page,Success,True
.test_1_selenium_view_page,Total:191 Passed:191 Failed:0
1613138278943,762,selenium_create_page:open_create_page_editor,Success,True
1613138280314,694,selenium_create_page:save_created_page,Success,True
1613138280314,2134,selenium_create_page,Success,True
.test_1_selenium_create_page,Total:192 Passed:192 Failed:0
1613138282444,2127,selenium_edit_page:open_create_page_editor,Success,True
1613138283255,751,selenium_edit_page:save_edited_page,Success,True
1613138283255,2939,selenium_edit_page,Success,True
.test_1_selenium_edit_page,Total:193 Passed:193 Failed:0
1613138284359,691,selenium_create_comment:write_comment,Success,True
1613138284983,624,selenium_create_comment:save_comment,Success,True
1613138284983,1726,selenium_create_comment,Success,True
.test_1_selenium_create_comment,Total:194 Passed:194 Failed:0
1613138285704,719,selenium_view_blog,Success,True
.test_1_selenium_view_blog,Total:195 Passed:195 Failed:0
1613138286843,1137,selenium_view_dashboard,Success,True
.test_1_selenium_view_dashboard,Total:196 Passed:196 Failed:0
1613138298067,11223,selenium_app_custom_action:view_page,Success,True
1613138298067,11223,selenium_app_custom_action,Success,True
.test_1_selenium_custom_action,Total:197 Passed:197 Failed:0
1613138298262,193,selenium_log_out,Success,True
.test_2_selenium_z_log_out,Total:198 Passed:198 Failed:0


=============================== warnings summary ===============================
../../usr/local/lib/python3.8/dist-packages/_pytest/config/__init__.py:1114
  /usr/local/lib/python3.8/dist-packages/_pytest/config/__init__.py:1114: PytestAssertRewriteWarning: Module already imported so cannot be rewritten: apiritif
    self._mark_plugins_for_rewrite(hook)

-- Docs: https://docs.pytest.org/en/stable/warnings.html
======================== 9 passed, 1 warning in 21.92s =========================
============================= test session starts ==============================
platform linux -- Python 3.8.0, pytest-6.2.2, py-1.10.0, pluggy-0.13.1
rootdir: /dc-app-performance-toolkit/app
plugins: apiritif-0.9.6
collected 9 items

selenium_ui/confluence_ui.py get driver from global
1613138298423,108,selenium_login:open_login_page,Success,True
1613138299316,807,selenium_login:login_and_view_dashboard,Success,True
1613138299316,1001,selenium_login,Success,True
.test_0_selenium_a_login,Total:199 Passed:199 Failed:0
1613138300019,670,selenium_view_page,Success,True
.test_1_selenium_view_page,Total:200 Passed:200 Failed:0
1613138300804,783,selenium_create_page:open_create_page_editor,Success,True
1613138302159,716,selenium_create_page:save_created_page,Success,True
1613138302160,2138,selenium_create_page,Success,True
.test_1_selenium_create_page,Total:201 Passed:201 Failed:0
1613138304394,2232,selenium_edit_page:open_create_page_editor,Success,True
1613138305217,795,selenium_edit_page:save_edited_page,Success,True
1613138305217,3055,selenium_edit_page,Success,True
.test_1_selenium_edit_page,Total:202 Passed:202 Failed:0
1613138306504,846,selenium_create_comment:write_comment,Success,True
1613138307122,618,selenium_create_comment:save_comment,Success,True
1613138307123,1904,selenium_create_comment,Success,True
.test_1_selenium_create_comment,Total:203 Passed:203 Failed:0
1613138308087,963,selenium_view_blog,Success,True
.test_1_selenium_view_blog,Total:204 Passed:204 Failed:0
1613138309265,1176,selenium_view_dashboard,Success,True
.test_1_selenium_view_dashboard,Total:205 Passed:205 Failed:0
1613138318810,9543,selenium_app_custom_action:view_page,Success,True
1613138318811,9543,selenium_app_custom_action,Success,True
.test_1_selenium_custom_action,Total:206 Passed:206 Failed:0
1613138319017,204,selenium_log_out,Success,True
.test_2_selenium_z_log_out,Total:207 Passed:207 Failed:0


=============================== warnings summary ===============================
../../usr/local/lib/python3.8/dist-packages/_pytest/config/__init__.py:1114
  /usr/local/lib/python3.8/dist-packages/_pytest/config/__init__.py:1114: PytestAssertRewriteWarning: Module already imported so cannot be rewritten: apiritif
    self._mark_plugins_for_rewrite(hook)

-- Docs: https://docs.pytest.org/en/stable/warnings.html
======================== 9 passed, 1 warning in 20.71s =========================
============================= test session starts ==============================
platform linux -- Python 3.8.0, pytest-6.2.2, py-1.10.0, pluggy-0.13.1
rootdir: /dc-app-performance-toolkit/app
plugins: apiritif-0.9.6
collected 9 items

selenium_ui/confluence_ui.py get driver from global
1613138319190,118,selenium_login:open_login_page,Success,True
1613138320070,793,selenium_login:login_and_view_dashboard,Success,True
1613138320071,999,selenium_login,Success,True
.test_0_selenium_a_login,Total:208 Passed:208 Failed:0
1613138320905,800,selenium_view_page,Success,True
.test_1_selenium_view_page,Total:209 Passed:209 Failed:0
1613138321732,824,selenium_create_page:open_create_page_editor,Success,True
1613138323073,698,selenium_create_page:save_created_page,Success,True
1613138323073,2166,selenium_create_page,Success,True
.test_1_selenium_create_page,Total:210 Passed:210 Failed:0
1613138325409,2333,selenium_edit_page:open_create_page_editor,Success,True
1613138326425,993,selenium_edit_page:save_edited_page,Success,True
1613138326425,3350,selenium_edit_page,Success,True
.test_1_selenium_edit_page,Total:211 Passed:211 Failed:0
1613138327751,757,selenium_create_comment:write_comment,Success,True
1613138328379,628,selenium_create_comment:save_comment,Success,True
1613138328380,1953,selenium_create_comment,Success,True
.test_1_selenium_create_comment,Total:212 Passed:212 Failed:0
1613138329500,1118,selenium_view_blog,Success,True
.test_1_selenium_view_blog,Total:213 Passed:213 Failed:0
1613138330664,1163,selenium_view_dashboard,Success,True
.test_1_selenium_view_dashboard,Total:214 Passed:214 Failed:0
1613138337089,6423,selenium_app_custom_action:view_page,Success,True
1613138337090,6423,selenium_app_custom_action,Success,True
.test_1_selenium_custom_action,Total:215 Passed:215 Failed:0
1613138337285,194,selenium_log_out,Success,True
.test_2_selenium_z_log_out,Total:216 Passed:216 Failed:0


=============================== warnings summary ===============================
../../usr/local/lib/python3.8/dist-packages/_pytest/config/__init__.py:1114
  /usr/local/lib/python3.8/dist-packages/_pytest/config/__init__.py:1114: PytestAssertRewriteWarning: Module already imported so cannot be rewritten: apiritif
    self._mark_plugins_for_rewrite(hook)

-- Docs: https://docs.pytest.org/en/stable/warnings.html
======================== 9 passed, 1 warning in 18.22s =========================
============================= test session starts ==============================
platform linux -- Python 3.8.0, pytest-6.2.2, py-1.10.0, pluggy-0.13.1
rootdir: /dc-app-performance-toolkit/app
plugins: apiritif-0.9.6
collected 9 items

selenium_ui/confluence_ui.py get driver from global
1613138337445,105,selenium_login:open_login_page,Success,True
1613138338236,704,selenium_login:login_and_view_dashboard,Success,True
1613138338236,897,selenium_login,Success,True
.test_0_selenium_a_login,Total:217 Passed:217 Failed:0
1613138339121,869,selenium_view_page,Success,True
.test_1_selenium_view_page,Total:218 Passed:218 Failed:0
1613138339853,730,selenium_create_page:open_create_page_editor,Success,True
1613138341144,647,selenium_create_page:save_created_page,Success,True
1613138341144,2021,selenium_create_page,Success,True
.test_1_selenium_create_page,Total:219 Passed:219 Failed:0
1613138342642,1496,selenium_edit_page:open_create_page_editor,Success,True
1613138343893,1228,selenium_edit_page:save_edited_page,Success,True
1613138343893,2747,selenium_edit_page,Success,True
.test_1_selenium_edit_page,Total:220 Passed:220 Failed:0
1613138345425,660,selenium_create_comment:write_comment,Success,True
1613138346053,627,selenium_create_comment:save_comment,Success,True
1613138346053,2158,selenium_create_comment,Success,True
.test_1_selenium_create_comment,Total:221 Passed:221 Failed:0
1613138346773,719,selenium_view_blog,Success,True
.test_1_selenium_view_blog,Total:222 Passed:222 Failed:0
1613138347880,1105,selenium_view_dashboard,Success,True
.test_1_selenium_view_dashboard,Total:223 Passed:223 Failed:0
1613138353793,5911,selenium_app_custom_action:view_page,Success,True
1613138353793,5911,selenium_app_custom_action,Success,True
.test_1_selenium_custom_action,Total:224 Passed:224 Failed:0
1613138353995,200,selenium_log_out,Success,True
.test_2_selenium_z_log_out,Total:225 Passed:225 Failed:0


=============================== warnings summary ===============================
../../usr/local/lib/python3.8/dist-packages/_pytest/config/__init__.py:1114
  /usr/local/lib/python3.8/dist-packages/_pytest/config/__init__.py:1114: PytestAssertRewriteWarning: Module already imported so cannot be rewritten: apiritif
    self._mark_plugins_for_rewrite(hook)

-- Docs: https://docs.pytest.org/en/stable/warnings.html
======================== 9 passed, 1 warning in 16.67s =========================
============================= test session starts ==============================
platform linux -- Python 3.8.0, pytest-6.2.2, py-1.10.0, pluggy-0.13.1
rootdir: /dc-app-performance-toolkit/app
plugins: apiritif-0.9.6
collected 9 items

selenium_ui/confluence_ui.py get driver from global
1613138354155,105,selenium_login:open_login_page,Success,True
1613138355057,812,selenium_login:login_and_view_dashboard,Success,True
1613138355057,1007,selenium_login,Success,True
.test_0_selenium_a_login,Total:226 Passed:226 Failed:0
1613138355889,808,selenium_view_page,Success,True
.test_1_selenium_view_page,Total:227 Passed:227 Failed:0
1613138356823,933,selenium_create_page:open_create_page_editor,Success,True
1613138358145,641,selenium_create_page:save_created_page,Success,True
1613138358145,2254,selenium_create_page,Success,True
.test_1_selenium_create_page,Total:228 Passed:228 Failed:0
1613138360152,2006,selenium_edit_page:open_create_page_editor,Success,True
1613138361481,1302,selenium_edit_page:save_edited_page,Success,True
1613138361481,3335,selenium_edit_page,Success,True
.test_1_selenium_edit_page,Total:229 Passed:229 Failed:0
1613138362502,420,selenium_create_comment:write_comment,Success,True
1613138363133,630,selenium_create_comment:save_comment,Success,True
1613138363133,1650,selenium_create_comment,Success,True
.test_1_selenium_create_comment,Total:230 Passed:230 Failed:0
1613138363875,740,selenium_view_blog,Success,True
.test_1_selenium_view_blog,Total:231 Passed:231 Failed:0
1613138365031,1154,selenium_view_dashboard,Success,True
.test_1_selenium_view_dashboard,Total:232 Passed:232 Failed:0
1613138375043,10010,selenium_app_custom_action:view_page,Success,True
1613138375043,10010,selenium_app_custom_action,Success,True
.test_1_selenium_custom_action,Total:233 Passed:233 Failed:0
1613138375233,188,selenium_log_out,Success,True
.test_2_selenium_z_log_out,Total:234 Passed:234 Failed:0


=============================== warnings summary ===============================
../../usr/local/lib/python3.8/dist-packages/_pytest/config/__init__.py:1114
  /usr/local/lib/python3.8/dist-packages/_pytest/config/__init__.py:1114: PytestAssertRewriteWarning: Module already imported so cannot be rewritten: apiritif
    self._mark_plugins_for_rewrite(hook)

-- Docs: https://docs.pytest.org/en/stable/warnings.html
======================== 9 passed, 1 warning in 21.19s =========================
============================= test session starts ==============================
platform linux -- Python 3.8.0, pytest-6.2.2, py-1.10.0, pluggy-0.13.1
rootdir: /dc-app-performance-toolkit/app
plugins: apiritif-0.9.6
collected 9 items

selenium_ui/confluence_ui.py get driver from global
1613138375436,107,selenium_login:open_login_page,Success,True
1613138376351,829,selenium_login:login_and_view_dashboard,Success,True
1613138376351,1023,selenium_login,Success,True
.test_0_selenium_a_login,Total:235 Passed:235 Failed:0
1613138377132,751,selenium_view_page,Success,True
.test_1_selenium_view_page,Total:236 Passed:236 Failed:0
1613138377874,739,selenium_create_page:open_create_page_editor,Success,True
1613138379131,616,selenium_create_page:save_created_page,Success,True
1613138379131,1997,selenium_create_page,Success,True
.test_1_selenium_create_page,Total:237 Passed:237 Failed:0
1613138380790,1657,selenium_edit_page:open_create_page_editor,Success,True
1613138381798,982,selenium_edit_page:save_edited_page,Success,True
1613138381798,2665,selenium_edit_page,Success,True
.test_1_selenium_edit_page,Total:238 Passed:238 Failed:0
1613138382631,379,selenium_create_comment:write_comment,Success,True
1613138383265,633,selenium_create_comment:save_comment,Success,True
1613138383265,1465,selenium_create_comment,Success,True
.test_1_selenium_create_comment,Total:239 Passed:239 Failed:0
1613138384126,859,selenium_view_blog,Success,True
.test_1_selenium_view_blog,Total:240 Passed:240 Failed:0
1613138385261,1133,selenium_view_dashboard,Success,True
.test_1_selenium_view_dashboard,Total:241 Passed:241 Failed:0
1613138396227,10964,selenium_app_custom_action:view_page,Success,True
1613138396227,10964,selenium_app_custom_action,Success,True
.test_1_selenium_custom_action,Total:242 Passed:242 Failed:0
1613138396427,198,selenium_log_out,Success,True
.test_2_selenium_z_log_out,Total:243 Passed:243 Failed:0


=============================== warnings summary ===============================
../../usr/local/lib/python3.8/dist-packages/_pytest/config/__init__.py:1114
  /usr/local/lib/python3.8/dist-packages/_pytest/config/__init__.py:1114: PytestAssertRewriteWarning: Module already imported so cannot be rewritten: apiritif
    self._mark_plugins_for_rewrite(hook)

-- Docs: https://docs.pytest.org/en/stable/warnings.html
======================== 9 passed, 1 warning in 21.11s =========================
============================= test session starts ==============================
platform linux -- Python 3.8.0, pytest-6.2.2, py-1.10.0, pluggy-0.13.1
rootdir: /dc-app-performance-toolkit/app
plugins: apiritif-0.9.6
collected 9 items

selenium_ui/confluence_ui.py get driver from global
1613138396610,123,selenium_login:open_login_page,Success,True
1613138397546,802,selenium_login:login_and_view_dashboard,Success,True
1613138397546,1059,selenium_login,Success,True
.test_0_selenium_a_login,Total:244 Passed:244 Failed:0
1613138398052,489,selenium_view_page,Success,True
.test_1_selenium_view_page,Total:245 Passed:245 Failed:0
1613138398822,769,selenium_create_page:open_create_page_editor,Success,True
1613138400045,577,selenium_create_page:save_created_page,Success,True
1613138400045,1991,selenium_create_page,Success,True
.test_1_selenium_create_page,Total:246 Passed:246 Failed:0
1613138402737,2690,selenium_edit_page:open_create_page_editor,Success,True
1613138403563,797,selenium_edit_page:save_edited_page,Success,True
1613138403563,3517,selenium_edit_page,Success,True
.test_1_selenium_edit_page,Total:247 Passed:247 Failed:0
1613138404782,736,selenium_create_comment:write_comment,Success,True
1613138405415,632,selenium_create_comment:save_comment,Success,True
1613138405415,1850,selenium_create_comment,Success,True
.test_1_selenium_create_comment,Total:248 Passed:248 Failed:0
1613138406442,1025,selenium_view_blog,Success,True
.test_1_selenium_view_blog,Total:249 Passed:249 Failed:0
1613138407593,1150,selenium_view_dashboard,Success,True
.test_1_selenium_view_dashboard,Total:250 Passed:250 Failed:0
1613138412017,4422,selenium_app_custom_action:view_page,Success,True
1613138412017,4422,selenium_app_custom_action,Success,True
.test_1_selenium_custom_action,Total:251 Passed:251 Failed:0
1613138412217,198,selenium_log_out,Success,True
.test_2_selenium_z_log_out,Total:252 Passed:252 Failed:0


=============================== warnings summary ===============================
../../usr/local/lib/python3.8/dist-packages/_pytest/config/__init__.py:1114
  /usr/local/lib/python3.8/dist-packages/_pytest/config/__init__.py:1114: PytestAssertRewriteWarning: Module already imported so cannot be rewritten: apiritif
    self._mark_plugins_for_rewrite(hook)

-- Docs: https://docs.pytest.org/en/stable/warnings.html
======================== 9 passed, 1 warning in 15.74s =========================
============================= test session starts ==============================
platform linux -- Python 3.8.0, pytest-6.2.2, py-1.10.0, pluggy-0.13.1
rootdir: /dc-app-performance-toolkit/app
plugins: apiritif-0.9.6
collected 9 items

selenium_ui/confluence_ui.py get driver from global
1613138412384,114,selenium_login:open_login_page,Success,True
1613138413574,1105,selenium_login:login_and_view_dashboard,Success,True
1613138413574,1305,selenium_login,Success,True
.test_0_selenium_a_login,Total:253 Passed:253 Failed:0
1613138414559,924,selenium_view_page,Success,True
.test_1_selenium_view_page,Total:254 Passed:254 Failed:0
1613138415250,688,selenium_create_page:open_create_page_editor,Success,True
1613138416583,691,selenium_create_page:save_created_page,Success,True
1613138416583,2022,selenium_create_page,Success,True
.test_1_selenium_create_page,Total:255 Passed:255 Failed:0
1613138418203,1617,selenium_edit_page:open_create_page_editor,Success,True
1613138419409,1183,selenium_edit_page:save_edited_page,Success,True
1613138419409,2824,selenium_edit_page,Success,True
.test_1_selenium_edit_page,Total:256 Passed:256 Failed:0
1613138421041,780,selenium_create_comment:write_comment,Success,True
1613138421676,634,selenium_create_comment:save_comment,Success,True
1613138421676,2265,selenium_create_comment,Success,True
.test_1_selenium_create_comment,Total:257 Passed:257 Failed:0
1613138422777,1099,selenium_view_blog,Success,True
.test_1_selenium_view_blog,Total:258 Passed:258 Failed:0
1613138423981,1202,selenium_view_dashboard,Success,True
.test_1_selenium_view_dashboard,Total:259 Passed:259 Failed:0
1613138435954,11972,selenium_app_custom_action:view_page,Success,True
1613138435955,11972,selenium_app_custom_action,Success,True
.test_1_selenium_custom_action,Total:260 Passed:260 Failed:0
1613138436143,187,selenium_log_out,Success,True
.test_2_selenium_z_log_out,Total:261 Passed:261 Failed:0


=============================== warnings summary ===============================
../../usr/local/lib/python3.8/dist-packages/_pytest/config/__init__.py:1114
  /usr/local/lib/python3.8/dist-packages/_pytest/config/__init__.py:1114: PytestAssertRewriteWarning: Module already imported so cannot be rewritten: apiritif
    self._mark_plugins_for_rewrite(hook)

-- Docs: https://docs.pytest.org/en/stable/warnings.html
======================== 9 passed, 1 warning in 23.88s =========================
============================= test session starts ==============================
platform linux -- Python 3.8.0, pytest-6.2.2, py-1.10.0, pluggy-0.13.1
rootdir: /dc-app-performance-toolkit/app
plugins: apiritif-0.9.6
collected 9 items

selenium_ui/confluence_ui.py get driver from global
1613138436306,108,selenium_login:open_login_page,Success,True
1613138437308,911,selenium_login:login_and_view_dashboard,Success,True
1613138437309,1111,selenium_login,Success,True
.test_0_selenium_a_login,Total:262 Passed:262 Failed:0
1613138437791,451,selenium_view_page,Success,True
.test_1_selenium_view_page,Total:263 Passed:263 Failed:0
1613138438591,798,selenium_create_page:open_create_page_editor,Success,True
1613138439880,647,selenium_create_page:save_created_page,Success,True
1613138439880,2087,selenium_create_page,Success,True
.test_1_selenium_create_page,Total:264 Passed:264 Failed:0
1613138442529,2647,selenium_edit_page:open_create_page_editor,Success,True
1613138443394,839,selenium_edit_page:save_edited_page,Success,True
1613138443394,3512,selenium_edit_page,Success,True
.test_1_selenium_edit_page,Total:265 Passed:265 Failed:0
1613138444114,351,selenium_create_comment:write_comment,Success,True
1613138444744,629,selenium_create_comment:save_comment,Success,True
1613138444744,1348,selenium_create_comment,Success,True
.test_1_selenium_create_comment,Total:266 Passed:266 Failed:0
1613138445792,1047,selenium_view_blog,Success,True
.test_1_selenium_view_blog,Total:267 Passed:267 Failed:0
1613138446918,1124,selenium_view_dashboard,Success,True
.test_1_selenium_view_dashboard,Total:268 Passed:268 Failed:0
1613138458204,11283,selenium_app_custom_action:view_page,Success,True
1613138458204,11284,selenium_app_custom_action,Success,True
.test_1_selenium_custom_action,Total:269 Passed:269 Failed:0
1613138458457,251,selenium_log_out,Success,True
.test_2_selenium_z_log_out,Total:270 Passed:270 Failed:0


=============================== warnings summary ===============================
../../usr/local/lib/python3.8/dist-packages/_pytest/config/__init__.py:1114
  /usr/local/lib/python3.8/dist-packages/_pytest/config/__init__.py:1114: PytestAssertRewriteWarning: Module already imported so cannot be rewritten: apiritif
    self._mark_plugins_for_rewrite(hook)

-- Docs: https://docs.pytest.org/en/stable/warnings.html
======================== 9 passed, 1 warning in 22.27s =========================
============================= test session starts ==============================
platform linux -- Python 3.8.0, pytest-6.2.2, py-1.10.0, pluggy-0.13.1
rootdir: /dc-app-performance-toolkit/app
plugins: apiritif-0.9.6
collected 9 items

selenium_ui/confluence_ui.py get driver from global
1613138458622,111,selenium_login:open_login_page,Success,True
1613138459453,746,selenium_login:login_and_view_dashboard,Success,True
1613138459453,943,selenium_login,Success,True
.test_0_selenium_a_login,Total:271 Passed:271 Failed:0
1613138460184,706,selenium_view_page,Success,True
.test_1_selenium_view_page,Total:272 Passed:272 Failed:0
1613138460894,708,selenium_create_page:open_create_page_editor,Success,True
1613138462175,634,selenium_create_page:save_created_page,Success,True
1613138462176,1990,selenium_create_page,Success,True
.test_1_selenium_create_page,Total:273 Passed:273 Failed:0
1613138464316,2138,selenium_edit_page:open_create_page_editor,Success,True
1613138465068,726,selenium_edit_page:save_edited_page,Success,True
1613138465068,2890,selenium_edit_page,Success,True
.test_1_selenium_edit_page,Total:274 Passed:274 Failed:0
1613138466117,576,selenium_create_comment:write_comment,Success,True
1613138466752,634,selenium_create_comment:save_comment,Success,True
1613138466752,1682,selenium_create_comment,Success,True
.test_1_selenium_create_comment,Total:275 Passed:275 Failed:0
1613138467861,1106,selenium_view_blog,Success,True
.test_1_selenium_view_blog,Total:276 Passed:276 Failed:0
1613138469036,1173,selenium_view_dashboard,Success,True
.test_1_selenium_view_dashboard,Total:277 Passed:277 Failed:0
1613138477391,8353,selenium_app_custom_action:view_page,Success,True
1613138477391,8353,selenium_app_custom_action,Success,True
.test_1_selenium_custom_action,Total:278 Passed:278 Failed:0
1613138477577,184,selenium_log_out,Success,True
.test_2_selenium_z_log_out,Total:279 Passed:279 Failed:0


=============================== warnings summary ===============================
../../usr/local/lib/python3.8/dist-packages/_pytest/config/__init__.py:1114
  /usr/local/lib/python3.8/dist-packages/_pytest/config/__init__.py:1114: PytestAssertRewriteWarning: Module already imported so cannot be rewritten: apiritif
    self._mark_plugins_for_rewrite(hook)

-- Docs: https://docs.pytest.org/en/stable/warnings.html
======================== 9 passed, 1 warning in 19.08s =========================
============================= test session starts ==============================
platform linux -- Python 3.8.0, pytest-6.2.2, py-1.10.0, pluggy-0.13.1
rootdir: /dc-app-performance-toolkit/app
plugins: apiritif-0.9.6
collected 9 items

selenium_ui/confluence_ui.py get driver from global
1613138477743,104,selenium_login:open_login_page,Success,True
1613138478667,838,selenium_login:login_and_view_dashboard,Success,True
1613138478668,1029,selenium_login,Success,True
.test_0_selenium_a_login,Total:280 Passed:280 Failed:0
1613138479377,693,selenium_view_page,Success,True
.test_1_selenium_view_page,Total:281 Passed:281 Failed:0
1613138480171,792,selenium_create_page:open_create_page_editor,Success,True
1613138481541,720,selenium_create_page:save_created_page,Success,True
1613138481541,2163,selenium_create_page,Success,True
.test_1_selenium_create_page,Total:282 Passed:282 Failed:0
1613138483708,2165,selenium_edit_page:open_create_page_editor,Success,True
1613138484514,782,selenium_edit_page:save_edited_page,Success,True
1613138484514,2971,selenium_edit_page,Success,True
.test_1_selenium_edit_page,Total:283 Passed:283 Failed:0
1613138485287,320,selenium_create_comment:write_comment,Success,True
1613138485911,624,selenium_create_comment:save_comment,Success,True
1613138485911,1394,selenium_create_comment,Success,True
.test_1_selenium_create_comment,Total:284 Passed:284 Failed:0
1613138486859,946,selenium_view_blog,Success,True
.test_1_selenium_view_blog,Total:285 Passed:285 Failed:0
1613138488115,1255,selenium_view_dashboard,Success,True
.test_1_selenium_view_dashboard,Total:286 Passed:286 Failed:0
1613138499953,11835,selenium_app_custom_action:view_page,Success,True
1613138499953,11836,selenium_app_custom_action,Success,True
.test_1_selenium_custom_action,Total:287 Passed:287 Failed:0
1613138500163,208,selenium_log_out,Success,True
.test_2_selenium_z_log_out,Total:288 Passed:288 Failed:0


=============================== warnings summary ===============================
../../usr/local/lib/python3.8/dist-packages/_pytest/config/__init__.py:1114
  /usr/local/lib/python3.8/dist-packages/_pytest/config/__init__.py:1114: PytestAssertRewriteWarning: Module already imported so cannot be rewritten: apiritif
    self._mark_plugins_for_rewrite(hook)

-- Docs: https://docs.pytest.org/en/stable/warnings.html
======================== 9 passed, 1 warning in 22.54s =========================
============================= test session starts ==============================
platform linux -- Python 3.8.0, pytest-6.2.2, py-1.10.0, pluggy-0.13.1
rootdir: /dc-app-performance-toolkit/app
plugins: apiritif-0.9.6
collected 9 items

selenium_ui/confluence_ui.py get driver from global
1613138500327,109,selenium_login:open_login_page,Success,True
1613138501343,927,selenium_login:login_and_view_dashboard,Success,True
1613138501343,1125,selenium_login,Success,True
.test_0_selenium_a_login,Total:289 Passed:289 Failed:0
1613138502135,762,selenium_view_page,Success,True
.test_1_selenium_view_page,Total:290 Passed:290 Failed:0
1613138502822,685,selenium_create_page:open_create_page_editor,Success,True
1613138504113,652,selenium_create_page:save_created_page,Success,True
1613138504113,1977,selenium_create_page,Success,True
.test_1_selenium_create_page,Total:291 Passed:291 Failed:0
1613138506746,2631,selenium_edit_page:open_create_page_editor,Success,True
1613138507486,716,selenium_edit_page:save_edited_page,Success,True
1613138507486,3371,selenium_edit_page,Success,True
.test_1_selenium_edit_page,Total:292 Passed:292 Failed:0
1613138508231,304,selenium_create_comment:write_comment,Success,True
1613138508858,626,selenium_create_comment:save_comment,Success,True
1613138508858,1370,selenium_create_comment,Success,True
.test_1_selenium_create_comment,Total:293 Passed:293 Failed:0
1613138509609,749,selenium_view_blog,Success,True
.test_1_selenium_view_blog,Total:294 Passed:294 Failed:0
1613138510764,1153,selenium_view_dashboard,Success,True
.test_1_selenium_view_dashboard,Total:295 Passed:295 Failed:0
1613138521776,11010,selenium_app_custom_action:view_page,Success,True
1613138521776,11010,selenium_app_custom_action,Success,True
.test_1_selenium_custom_action,Total:296 Passed:296 Failed:0
1613138521978,200,selenium_log_out,Success,True
.test_2_selenium_z_log_out,Total:297 Passed:297 Failed:0


=============================== warnings summary ===============================
../../usr/local/lib/python3.8/dist-packages/_pytest/config/__init__.py:1114
  /usr/local/lib/python3.8/dist-packages/_pytest/config/__init__.py:1114: PytestAssertRewriteWarning: Module already imported so cannot be rewritten: apiritif
    self._mark_plugins_for_rewrite(hook)

-- Docs: https://docs.pytest.org/en/stable/warnings.html
======================== 9 passed, 1 warning in 21.77s =========================
============================= test session starts ==============================
platform linux -- Python 3.8.0, pytest-6.2.2, py-1.10.0, pluggy-0.13.1
rootdir: /dc-app-performance-toolkit/app
plugins: apiritif-0.9.6
collected 9 items

selenium_ui/confluence_ui.py get driver from global
1613138522144,112,selenium_login:open_login_page,Success,True
1613138523044,811,selenium_login:login_and_view_dashboard,Success,True
1613138523044,1012,selenium_login,Success,True
.test_0_selenium_a_login,Total:298 Passed:298 Failed:0
1613138523539,478,selenium_view_page,Success,True
.test_1_selenium_view_page,Total:299 Passed:299 Failed:0
[...]
.test_2_selenium_z_log_out,Total:1116 Passed:1116 Failed:0


=============================== warnings summary ===============================
../../usr/local/lib/python3.8/dist-packages/_pytest/config/__init__.py:1114
  /usr/local/lib/python3.8/dist-packages/_pytest/config/__init__.py:1114: PytestAssertRewriteWarning: Module already imported so cannot be rewritten: apiritif
    self._mark_plugins_for_rewrite(hook)

-- Docs: https://docs.pytest.org/en/stable/warnings.html
======================== 9 passed, 1 warning in 21.48s =========================
============================= test session starts ==============================
platform linux -- Python 3.8.0, pytest-6.2.2, py-1.10.0, pluggy-0.13.1
rootdir: /dc-app-performance-toolkit/app
plugins: apiritif-0.9.6
collected 9 items

selenium_ui/confluence_ui.py get driver from global
1613140372553,110,selenium_login:open_login_page,Success,True
1613140373446,770,selenium_login:login_and_view_dashboard,Success,True
1613140373446,1003,selenium_login,Success,True
.test_0_selenium_a_login,Total:1117 Passed:1117 Failed:0
1613140374122,658,selenium_view_page,Success,True
.test_1_selenium_view_page,Total:1118 Passed:1118 Failed:0
1613140374824,700,selenium_create_page:open_create_page_editor,Success,True
1613140376141,679,selenium_create_page:save_created_page,Success,True
1613140376141,2017,selenium_create_page,Success,True
.test_1_selenium_create_page,Total:1119 Passed:1119 Failed:0
1613140377749,1606,selenium_edit_page:open_create_page_editor,Success,True
1613140378494,722,selenium_edit_page:save_edited_page,Success,True
1613140378494,2351,selenium_edit_page,Success,True
.test_1_selenium_edit_page,Total:1120 Passed:1120 Failed:0
1613140379626,751,selenium_create_comment:write_comment,Success,True
1613140380247,620,selenium_create_comment:save_comment,Success,True
1613140380247,1751,selenium_create_comment,Success,True
.test_1_selenium_create_comment,Total:1121 Passed:1121 Failed:0
1613140381244,995,selenium_view_blog,Success,True
.test_1_selenium_view_blog,Total:1122 Passed:1122 Failed:0
1613140382536,1291,selenium_view_dashboard,Success,True
.test_1_selenium_view_dashboard,Total:1123 Passed:1123 Failed:0
1613140394018,11479,selenium_app_custom_action:view_page,Success,True
1613140394018,11480,selenium_app_custom_action,Success,True
.test_1_selenium_custom_action,Total:1124 Passed:1124 Failed:0
1613140394218,198,selenium_log_out,Success,True
.test_2_selenium_z_log_out,Total:1125 Passed:1125 Failed:0


=============================== warnings summary ===============================
../../usr/local/lib/python3.8/dist-packages/_pytest/config/__init__.py:1114
  /usr/local/lib/python3.8/dist-packages/_pytest/config/__init__.py:1114: PytestAssertRewriteWarning: Module already imported so cannot be rewritten: apiritif
    self._mark_plugins_for_rewrite(hook)

-- Docs: https://docs.pytest.org/en/stable/warnings.html
======================== 9 passed, 1 warning in 21.79s =========================
============================= test session starts ==============================
platform linux -- Python 3.8.0, pytest-6.2.2, py-1.10.0, pluggy-0.13.1
rootdir: /dc-app-performance-toolkit/app
plugins: apiritif-0.9.6
collected 9 items

selenium_ui/confluence_ui.py get driver from global
1613140394380,108,selenium_login:open_login_page,Success,True
1613140395239,772,selenium_login:login_and_view_dashboard,Success,True
1613140395240,968,selenium_login,Success,True
.test_0_selenium_a_login,Total:1126 Passed:1126 Failed:0
1613140395951,683,selenium_view_page,Success,True
.test_1_selenium_view_page,Total:1127 Passed:1127 Failed:0
1613140396725,772,selenium_create_page:open_create_page_editor,Success,True
1613140398059,695,selenium_create_page:save_created_page,Success,True
1613140398059,2106,selenium_create_page,Success,True
.test_1_selenium_create_page,Total:1128 Passed:1128 Failed:0
1613140399142,1081,selenium_edit_page:open_create_page_editor,Success,True
1613140399916,752,selenium_edit_page:save_edited_page,Success,True
1613140399917,1856,selenium_edit_page,Success,True
.test_1_selenium_edit_page,Total:1129 Passed:1129 Failed:0
1613140401093,751,selenium_create_comment:write_comment,Success,True
1613140401716,623,selenium_create_comment:save_comment,Success,True
1613140401716,1798,selenium_create_comment,Success,True
.test_1_selenium_create_comment,Total:1130 Passed:1130 Failed:0
1613140402476,758,selenium_view_blog,Success,True
.test_1_selenium_view_blog,Total:1131 Passed:1131 Failed:0
1613140403634,1156,selenium_view_dashboard,Success,True
.test_1_selenium_view_dashboard,Total:1132 Passed:1132 Failed:0
1613140411626,7990,selenium_app_custom_action:view_page,Success,True
1613140411626,7990,selenium_app_custom_action,Success,True
.test_1_selenium_custom_action,Total:1133 Passed:1133 Failed:0
1613140411818,190,selenium_log_out,Success,True
.test_2_selenium_z_log_out,Total:1134 Passed:1134 Failed:0


=============================== warnings summary ===============================
../../usr/local/lib/python3.8/dist-packages/_pytest/config/__init__.py:1114
  /usr/local/lib/python3.8/dist-packages/_pytest/config/__init__.py:1114: PytestAssertRewriteWarning: Module already imported so cannot be rewritten: apiritif
    self._mark_plugins_for_rewrite(hook)

-- Docs: https://docs.pytest.org/en/stable/warnings.html
======================== 9 passed, 1 warning in 17.56s =========================
============================= test session starts ==============================
platform linux -- Python 3.8.0, pytest-6.2.2, py-1.10.0, pluggy-0.13.1
rootdir: /dc-app-performance-toolkit/app
plugins: apiritif-0.9.6
collected 9 items

selenium_ui/confluence_ui.py get driver from global
1613140411985,107,selenium_login:open_login_page,Success,True
1613140412853,778,selenium_login:login_and_view_dashboard,Success,True
1613140412853,975,selenium_login,Success,True
.test_0_selenium_a_login,Total:1135 Passed:1135 Failed:0
1613140413612,744,selenium_view_page,Success,True
.test_1_selenium_view_page,Total:1136 Passed:1136 Failed:0
1613140414475,861,selenium_create_page:open_create_page_editor,Success,True
1613140415738,613,selenium_create_page:save_created_page,Success,True
1613140415738,2124,selenium_create_page,Success,True
.test_1_selenium_create_page,Total:1137 Passed:1137 Failed:0
1613140417853,2113,selenium_edit_page:open_create_page_editor,Success,True
1613140418976,1098,selenium_edit_page:save_edited_page,Success,True
1613140418976,3236,selenium_edit_page,Success,True
.test_1_selenium_edit_page,Total:1138 Passed:1138 Failed:0
1613140420112,681,selenium_create_comment:write_comment,Success,True
1613140420741,628,selenium_create_comment:save_comment,Success,True
1613140420741,1764,selenium_create_comment,Success,True
.test_1_selenium_create_comment,Total:1139 Passed:1139 Failed:0
1613140421482,738,selenium_view_blog,Success,True
.test_1_selenium_view_blog,Total:1140 Passed:1140 Failed:0
1613140422652,1168,selenium_view_dashboard,Success,True
.test_1_selenium_view_dashboard,Total:1141 Passed:1141 Failed:0
1613140431624,8970,selenium_app_custom_action:view_page,Success,True
1613140431624,8970,selenium_app_custom_action,Success,True
.test_1_selenium_custom_action,Total:1142 Passed:1142 Failed:0
1613140431817,191,selenium_log_out,Success,True
.test_2_selenium_z_log_out,Total:1143 Passed:1143 Failed:0


=============================== warnings summary ===============================
../../usr/local/lib/python3.8/dist-packages/_pytest/config/__init__.py:1114
  /usr/local/lib/python3.8/dist-packages/_pytest/config/__init__.py:1114: PytestAssertRewriteWarning: Module already imported so cannot be rewritten: apiritif
    self._mark_plugins_for_rewrite(hook)

-- Docs: https://docs.pytest.org/en/stable/warnings.html
======================== 9 passed, 1 warning in 19.95s =========================
============================= test session starts ==============================
platform linux -- Python 3.8.0, pytest-6.2.2, py-1.10.0, pluggy-0.13.1
rootdir: /dc-app-performance-toolkit/app
plugins: apiritif-0.9.6
collected 9 items

selenium_ui/confluence_ui.py get driver from global
1613140431991,108,selenium_login:open_login_page,Success,True
1613140432932,838,selenium_login:login_and_view_dashboard,Success,True
1613140432932,1049,selenium_login,Success,True
.test_0_selenium_a_login,Total:1144 Passed:1144 Failed:0
1613140433402,454,selenium_view_page,Success,True
.test_1_selenium_view_page,Total:1145 Passed:1145 Failed:0
1613140434115,711,selenium_create_page:open_create_page_editor,Success,True
1613140435382,623,selenium_create_page:save_created_page,Success,True
1613140435382,1978,selenium_create_page,Success,True
.test_1_selenium_create_page,Total:1146 Passed:1146 Failed:0
1613140437965,2582,selenium_edit_page:open_create_page_editor,Success,True
1613140438687,699,selenium_edit_page:save_edited_page,Success,True
1613140438687,3304,selenium_edit_page,Success,True
.test_1_selenium_edit_page,Total:1147 Passed:1147 Failed:0
1613140439667,633,selenium_create_comment:write_comment,Success,True
1613140440296,628,selenium_create_comment:save_comment,Success,True
1613140440296,1607,selenium_create_comment,Success,True
.test_1_selenium_create_comment,Total:1148 Passed:1148 Failed:0
1613140441018,720,selenium_view_blog,Success,True
.test_1_selenium_view_blog,Total:1149 Passed:1149 Failed:0
1613140442157,1137,selenium_view_dashboard,Success,True
.test_1_selenium_view_dashboard,Total:1150 Passed:1150 Failed:0
1613140454515,12356,selenium_app_custom_action:view_page,Success,True
1613140454515,12357,selenium_app_custom_action,Success,True
.test_1_selenium_custom_action,Total:1151 Passed:1151 Failed:0
1613140454703,186,selenium_log_out,Success,True
.test_2_selenium_z_log_out,Total:1152 Passed:1152 Failed:0


=============================== warnings summary ===============================
../../usr/local/lib/python3.8/dist-packages/_pytest/config/__init__.py:1114
  /usr/local/lib/python3.8/dist-packages/_pytest/config/__init__.py:1114: PytestAssertRewriteWarning: Module already imported so cannot be rewritten: apiritif
    self._mark_plugins_for_rewrite(hook)

-- Docs: https://docs.pytest.org/en/stable/warnings.html
======================== 9 passed, 1 warning in 22.83s =========================
============================= test session starts ==============================
platform linux -- Python 3.8.0, pytest-6.2.2, py-1.10.0, pluggy-0.13.1
rootdir: /dc-app-performance-toolkit/app
plugins: apiritif-0.9.6
collected 9 items

selenium_ui/confluence_ui.py get driver from global
1613140454876,118,selenium_login:open_login_page,Success,True
1613140455737,772,selenium_login:login_and_view_dashboard,Success,True
1613140455737,979,selenium_login,Success,True
.test_0_selenium_a_login,Total:1153 Passed:1153 Failed:0
1613140456192,436,selenium_view_page,Success,True
.test_1_selenium_view_page,Total:1154 Passed:1154 Failed:0
1613140456923,729,selenium_create_page:open_create_page_editor,Success,True
1613140458247,681,selenium_create_page:save_created_page,Success,True
1613140458247,2054,selenium_create_page,Success,True
.test_1_selenium_create_page,Total:1155 Passed:1155 Failed:0
1613140460409,2160,selenium_edit_page:open_create_page_editor,Success,True
1613140461150,718,selenium_edit_page:save_edited_page,Success,True
1613140461150,2901,selenium_edit_page,Success,True
.test_1_selenium_edit_page,Total:1156 Passed:1156 Failed:0
1613140461844,327,selenium_create_comment:write_comment,Success,True
1613140462481,637,selenium_create_comment:save_comment,Success,True
1613140462481,1329,selenium_create_comment,Success,True
.test_1_selenium_create_comment,Total:1157 Passed:1157 Failed:0
1613140463340,857,selenium_view_blog,Success,True
.test_1_selenium_view_blog,Total:1158 Passed:1158 Failed:0
1613140464471,1129,selenium_view_dashboard,Success,True
.test_1_selenium_view_dashboard,Total:1159 Passed:1159 Failed:0
1613140469112,4639,selenium_app_custom_action:view_page,Success,True
1613140469112,4639,selenium_app_custom_action,Success,True
.test_1_selenium_custom_action,Total:1160 Passed:1160 Failed:0
1613140469309,195,selenium_log_out,Success,True
.test_2_selenium_z_log_out,Total:1161 Passed:1161 Failed:0


=============================== warnings summary ===============================
../../usr/local/lib/python3.8/dist-packages/_pytest/config/__init__.py:1114
  /usr/local/lib/python3.8/dist-packages/_pytest/config/__init__.py:1114: PytestAssertRewriteWarning: Module already imported so cannot be rewritten: apiritif
    self._mark_plugins_for_rewrite(hook)

-- Docs: https://docs.pytest.org/en/stable/warnings.html
======================== 9 passed, 1 warning in 14.56s =========================
============================= test session starts ==============================
platform linux -- Python 3.8.0, pytest-6.2.2, py-1.10.0, pluggy-0.13.1
rootdir: /dc-app-performance-toolkit/app
plugins: apiritif-0.9.6
collected 9 items

selenium_ui/confluence_ui.py get driver from global
1613140469476,107,selenium_login:open_login_page,Success,True
1613140470357,793,selenium_login:login_and_view_dashboard,Success,True
1613140470357,988,selenium_login,Success,True
.test_0_selenium_a_login,Total:1162 Passed:1162 Failed:0
1613140471408,1032,selenium_view_page,Success,True
.test_1_selenium_view_page,Total:1163 Passed:1163 Failed:0
1613140472191,781,selenium_create_page:open_create_page_editor,Success,True
1613140473489,655,selenium_create_page:save_created_page,Success,True
1613140473489,2079,selenium_create_page,Success,True
.test_1_selenium_create_page,Total:1164 Passed:1164 Failed:0
1613140474521,1030,selenium_edit_page:open_create_page_editor,Success,True
1613140475818,1273,selenium_edit_page:save_edited_page,Success,True
1613140475818,2327,selenium_edit_page,Success,True
.test_1_selenium_edit_page,Total:1165 Passed:1165 Failed:0
1613140477477,787,selenium_create_comment:write_comment,Success,True
1613140478101,624,selenium_create_comment:save_comment,Success,True
1613140478101,2281,selenium_create_comment,Success,True
.test_1_selenium_create_comment,Total:1166 Passed:1166 Failed:0
1613140479004,901,selenium_view_blog,Success,True
.test_1_selenium_view_blog,Total:1167 Passed:1167 Failed:0
1613140480143,1137,selenium_view_dashboard,Success,True
.test_1_selenium_view_dashboard,Total:1168 Passed:1168 Failed:0
1613140487815,7670,selenium_app_custom_action:view_page,Success,True
1613140487815,7670,selenium_app_custom_action,Success,True
.test_1_selenium_custom_action,Total:1169 Passed:1169 Failed:0
1613140488016,199,selenium_log_out,Success,True
.test_2_selenium_z_log_out,Total:1170 Passed:1170 Failed:0


=============================== warnings summary ===============================
../../usr/local/lib/python3.8/dist-packages/_pytest/config/__init__.py:1114
  /usr/local/lib/python3.8/dist-packages/_pytest/config/__init__.py:1114: PytestAssertRewriteWarning: Module already imported so cannot be rewritten: apiritif
    self._mark_plugins_for_rewrite(hook)

-- Docs: https://docs.pytest.org/en/stable/warnings.html
======================== 9 passed, 1 warning in 18.66s =========================
============================= test session starts ==============================
platform linux -- Python 3.8.0, pytest-6.2.2, py-1.10.0, pluggy-0.13.1
rootdir: /dc-app-performance-toolkit/app
plugins: apiritif-0.9.6
collected 9 items

selenium_ui/confluence_ui.py get driver from global
1613140488186,117,selenium_login:open_login_page,Success,True
1613140489107,824,selenium_login:login_and_view_dashboard,Success,True
1613140489107,1038,selenium_login,Success,True
.test_0_selenium_a_login,Total:1171 Passed:1171 Failed:0
1613140489860,736,selenium_view_page,Success,True
.test_1_selenium_view_page,Total:1172 Passed:1172 Failed:0
1613140490622,759,selenium_create_page:open_create_page_editor,Success,True
1613140491901,645,selenium_create_page:save_created_page,Success,True
1613140491901,2039,selenium_create_page,Success,True
.test_1_selenium_create_page,Total:1173 Passed:1173 Failed:0
1613140493458,1554,selenium_edit_page:open_create_page_editor,Success,True
1613140494534,1053,selenium_edit_page:save_edited_page,Success,True
1613140494534,2631,selenium_edit_page,Success,True
.test_1_selenium_edit_page,Total:1174 Passed:1174 Failed:0
1613140495514,379,selenium_create_comment:write_comment,Success,True
1613140496148,634,selenium_create_comment:save_comment,Success,True
1613140496148,1612,selenium_create_comment,Success,True
.test_1_selenium_create_comment,Total:1175 Passed:1175 Failed:0
1613140496907,757,selenium_view_blog,Success,True
.test_1_selenium_view_blog,Total:1176 Passed:1176 Failed:0
1613140498036,1128,selenium_view_dashboard,Success,True
.test_1_selenium_view_dashboard,Total:1177 Passed:1177 Failed:0
1613140504741,6702,selenium_app_custom_action:view_page,Success,True
1613140504741,6703,selenium_app_custom_action,Success,True
.test_1_selenium_custom_action,Total:1178 Passed:1178 Failed:0
1613140504970,228,selenium_log_out,Success,True
.test_2_selenium_z_log_out,Total:1179 Passed:1179 Failed:0


=============================== warnings summary ===============================
../../usr/local/lib/python3.8/dist-packages/_pytest/config/__init__.py:1114
  /usr/local/lib/python3.8/dist-packages/_pytest/config/__init__.py:1114: PytestAssertRewriteWarning: Module already imported so cannot be rewritten: apiritif
    self._mark_plugins_for_rewrite(hook)

-- Docs: https://docs.pytest.org/en/stable/warnings.html
======================== 9 passed, 1 warning in 16.91s =========================
============================= test session starts ==============================
platform linux -- Python 3.8.0, pytest-6.2.2, py-1.10.0, pluggy-0.13.1
rootdir: /dc-app-performance-toolkit/app
plugins: apiritif-0.9.6
collected 9 items

selenium_ui/confluence_ui.py get driver from global
1613140505133,107,selenium_login:open_login_page,Success,True
1613140506043,813,selenium_login:login_and_view_dashboard,Success,True
1613140506043,1017,selenium_login,Success,True
.test_0_selenium_a_login,Total:1180 Passed:1180 Failed:0
1613140506700,638,selenium_view_page,Success,True
.test_1_selenium_view_page,Total:1181 Passed:1181 Failed:0
1613140507445,743,selenium_create_page:open_create_page_editor,Success,True
1613140508793,683,selenium_create_page:save_created_page,Success,True
1613140508793,2091,selenium_create_page,Success,True
.test_1_selenium_create_page,Total:1182 Passed:1182 Failed:0
1613140511461,2666,selenium_edit_page:open_create_page_editor,Success,True
1613140512204,720,selenium_edit_page:save_edited_page,Success,True
1613140512204,3410,selenium_edit_page,Success,True
.test_1_selenium_edit_page,Total:1183 Passed:1183 Failed:0
1613140512927,317,selenium_create_comment:write_comment,Success,True
1613140513565,638,selenium_create_comment:save_comment,Success,True
1613140513565,1359,selenium_create_comment,Success,True
.test_1_selenium_create_comment,Total:1184 Passed:1184 Failed:0
1613140514952,1385,selenium_view_blog,Success,True
.test_1_selenium_view_blog,Total:1185 Passed:1185 Failed:0
1613140516127,1172,selenium_view_dashboard,Success,True
.test_1_selenium_view_dashboard,Total:1186 Passed:1186 Failed:0
1613140525796,9667,selenium_app_custom_action:view_page,Success,True
1613140525797,9668,selenium_app_custom_action,Success,True
.test_1_selenium_custom_action,Total:1187 Passed:1187 Failed:0
1613140525990,192,selenium_log_out,Success,True
.test_2_selenium_z_log_out,Total:1188 Passed:1188 Failed:0


=============================== warnings summary ===============================
../../usr/local/lib/python3.8/dist-packages/_pytest/config/__init__.py:1114
  /usr/local/lib/python3.8/dist-packages/_pytest/config/__init__.py:1114: PytestAssertRewriteWarning: Module already imported so cannot be rewritten: apiritif
    self._mark_plugins_for_rewrite(hook)

-- Docs: https://docs.pytest.org/en/stable/warnings.html
======================== 9 passed, 1 warning in 20.98s =========================
