============================= test session starts ==============================
platform linux -- Python 3.8.0, pytest-6.1.1, py-1.9.0, pluggy-0.13.1
rootdir: /dc-app-performance-toolkit/app
plugins: apiritif-0.9.5
collected 8 items

selenium_ui/confluence_ui.py first driver inits
1604736780254,790,selenium_login:open_login_page,Success,True
1604736781414,1072,selenium_login:login_and_view_dashboard,Success,True
1604736781414,1951,selenium_login,Success,True
.test_0_selenium_a_login,Total:1 Passed:1 Failed:0
1604736782833,1404,selenium_view_page,Success,True
.test_1_selenium_view_page,Total:2 Passed:2 Failed:0
1604736785944,3109,selenium_create_page:open_create_page_editor,Success,True
1604736786692,595,selenium_create_page:save_created_page,Success,True
1604736786692,3857,selenium_create_page,Success,True
.test_1_selenium_create_page,Total:3 Passed:3 Failed:0
1604736789572,2879,selenium_edit_page:open_create_page_editor,Success,True
1604736790380,787,selenium_edit_page:save_edited_page,Success,True
1604736790380,3686,selenium_edit_page,Success,True
.test_1_selenium_edit_page,Total:4 Passed:4 Failed:0
1604736793501,2809,selenium_create_comment:write_comment,Success,True
1604736794122,620,selenium_create_comment:save_comment,Success,True
1604736794122,3740,selenium_create_comment,Success,True
.test_1_selenium_create_comment,Total:5 Passed:5 Failed:0
1604736795153,1029,selenium_view_blog,Success,True
.test_1_selenium_view_blog,Total:6 Passed:6 Failed:0
1604736797955,2801,selenium_view_dashboard,Success,True
.test_1_selenium_view_dashboard,Total:7 Passed:7 Failed:0
1604736798223,266,selenium_log_out,Success,True
.test_2_selenium_z_log_out,Total:8 Passed:8 Failed:0


=============================== warnings summary ===============================
../../usr/local/lib/python3.8/dist-packages/_pytest/config/__init__.py:1114
  /usr/local/lib/python3.8/dist-packages/_pytest/config/__init__.py:1114: PytestAssertRewriteWarning: Module already imported so cannot be rewritten: apiritif
    self._mark_plugins_for_rewrite(hook)

-- Docs: https://docs.pytest.org/en/stable/warnings.html
======================== 8 passed, 1 warning in 19.89s =========================
============================= test session starts ==============================
platform linux -- Python 3.8.0, pytest-6.1.1, py-1.9.0, pluggy-0.13.1
rootdir: /dc-app-performance-toolkit/app
plugins: apiritif-0.9.5
collected 8 items

selenium_ui/confluence_ui.py get driver from global
1604736798452,164,selenium_login:open_login_page,Success,True
1604736799341,806,selenium_login:login_and_view_dashboard,Success,True
1604736799341,1054,selenium_login,Success,True
.test_0_selenium_a_login,Total:9 Passed:9 Failed:0
1604736800148,792,selenium_view_page,Success,True
.test_1_selenium_view_page,Total:10 Passed:10 Failed:0
1604736801018,869,selenium_create_page:open_create_page_editor,Success,True
1604736802268,571,selenium_create_page:save_created_page,Success,True
1604736802268,2118,selenium_create_page,Success,True
.test_1_selenium_create_page,Total:11 Passed:11 Failed:0
1604736804126,1857,selenium_edit_page:open_create_page_editor,Success,True
1604736805078,931,selenium_edit_page:save_edited_page,Success,True
1604736805078,2809,selenium_edit_page,Success,True
.test_1_selenium_edit_page,Total:12 Passed:12 Failed:0
1604736807123,1680,selenium_create_comment:write_comment,Success,True
1604736807744,620,selenium_create_comment:save_comment,Success,True
1604736807744,2664,selenium_create_comment,Success,True
.test_1_selenium_create_comment,Total:13 Passed:13 Failed:0
1604736808271,526,selenium_view_blog,Success,True
.test_1_selenium_view_blog,Total:14 Passed:14 Failed:0
1604736811118,2845,selenium_view_dashboard,Success,True
.test_1_selenium_view_dashboard,Total:15 Passed:15 Failed:0
1604736811336,216,selenium_log_out,Success,True
.test_2_selenium_z_log_out,Total:16 Passed:16 Failed:0


=============================== warnings summary ===============================
../../usr/local/lib/python3.8/dist-packages/_pytest/config/__init__.py:1114
  /usr/local/lib/python3.8/dist-packages/_pytest/config/__init__.py:1114: PytestAssertRewriteWarning: Module already imported so cannot be rewritten: apiritif
    self._mark_plugins_for_rewrite(hook)

-- Docs: https://docs.pytest.org/en/stable/warnings.html
======================== 8 passed, 1 warning in 13.06s =========================
============================= test session starts ==============================
platform linux -- Python 3.8.0, pytest-6.1.1, py-1.9.0, pluggy-0.13.1
rootdir: /dc-app-performance-toolkit/app
plugins: apiritif-0.9.5
collected 8 items

selenium_ui/confluence_ui.py get driver from global
1604736811550,164,selenium_login:open_login_page,Success,True
1604736812437,803,selenium_login:login_and_view_dashboard,Success,True
1604736812438,1051,selenium_login,Success,True
.test_0_selenium_a_login,Total:17 Passed:17 Failed:0
1604736812813,360,selenium_view_page,Success,True
.test_1_selenium_view_page,Total:18 Passed:18 Failed:0
1604736813943,1128,selenium_create_page:open_create_page_editor,Success,True
1604736815434,801,selenium_create_page:save_created_page,Success,True
1604736815434,2619,selenium_create_page,Success,True
.test_1_selenium_create_page,Total:19 Passed:19 Failed:0
1604736818260,2824,selenium_edit_page:open_create_page_editor,Success,True
1604736819002,721,selenium_edit_page:save_edited_page,Success,True
1604736819002,3566,selenium_edit_page,Success,True
.test_1_selenium_edit_page,Total:20 Passed:20 Failed:0
1604736820149,824,selenium_create_comment:write_comment,Success,True
1604736820776,626,selenium_create_comment:save_comment,Success,True
1604736820776,1772,selenium_create_comment,Success,True
.test_1_selenium_create_comment,Total:21 Passed:21 Failed:0
1604736821301,523,selenium_view_blog,Success,True
.test_1_selenium_view_blog,Total:22 Passed:22 Failed:0
1604736824077,2774,selenium_view_dashboard,Success,True
.test_1_selenium_view_dashboard,Total:23 Passed:23 Failed:0
1604736824298,220,selenium_log_out,Success,True
.test_2_selenium_z_log_out,Total:24 Passed:24 Failed:0


=============================== warnings summary ===============================
../../usr/local/lib/python3.8/dist-packages/_pytest/config/__init__.py:1114
  /usr/local/lib/python3.8/dist-packages/_pytest/config/__init__.py:1114: PytestAssertRewriteWarning: Module already imported so cannot be rewritten: apiritif
    self._mark_plugins_for_rewrite(hook)

-- Docs: https://docs.pytest.org/en/stable/warnings.html
======================== 8 passed, 1 warning in 12.92s =========================
============================= test session starts ==============================
platform linux -- Python 3.8.0, pytest-6.1.1, py-1.9.0, pluggy-0.13.1
rootdir: /dc-app-performance-toolkit/app
plugins: apiritif-0.9.5
collected 8 items

selenium_ui/confluence_ui.py get driver from global
1604736824515,167,selenium_login:open_login_page,Success,True
1604736825415,816,selenium_login:login_and_view_dashboard,Success,True
1604736825416,1067,selenium_login,Success,True
.test_0_selenium_a_login,Total:25 Passed:25 Failed:0
1604736826013,583,selenium_view_page,Success,True
.test_1_selenium_view_page,Total:26 Passed:26 Failed:0
1604736826925,911,selenium_create_page:open_create_page_editor,Success,True
1604736828153,592,selenium_create_page:save_created_page,Success,True
1604736828153,2138,selenium_create_page,Success,True
.test_1_selenium_create_page,Total:27 Passed:27 Failed:0
1604736830482,2328,selenium_edit_page:open_create_page_editor,Success,True
1604736831690,1186,selenium_edit_page:save_edited_page,Success,True
1604736831690,3535,selenium_edit_page,Success,True
.test_1_selenium_edit_page,Total:28 Passed:28 Failed:0
1604736835135,3003,selenium_create_comment:write_comment,Success,True
1604736835775,640,selenium_create_comment:save_comment,Success,True
1604736835775,4084,selenium_create_comment,Success,True
.test_1_selenium_create_comment,Total:29 Passed:29 Failed:0
1604736836440,662,selenium_view_blog,Success,True
.test_1_selenium_view_blog,Total:30 Passed:30 Failed:0
1604736839225,2784,selenium_view_dashboard,Success,True
.test_1_selenium_view_dashboard,Total:31 Passed:31 Failed:0
1604736839448,221,selenium_log_out,Success,True
.test_2_selenium_z_log_out,Total:32 Passed:32 Failed:0


=============================== warnings summary ===============================
../../usr/local/lib/python3.8/dist-packages/_pytest/config/__init__.py:1114
  /usr/local/lib/python3.8/dist-packages/_pytest/config/__init__.py:1114: PytestAssertRewriteWarning: Module already imported so cannot be rewritten: apiritif
    self._mark_plugins_for_rewrite(hook)

-- Docs: https://docs.pytest.org/en/stable/warnings.html
======================== 8 passed, 1 warning in 15.11s =========================
============================= test session starts ==============================
platform linux -- Python 3.8.0, pytest-6.1.1, py-1.9.0, pluggy-0.13.1
rootdir: /dc-app-performance-toolkit/app
plugins: apiritif-0.9.5
collected 8 items

selenium_ui/confluence_ui.py get driver from global
1604736839663,163,selenium_login:open_login_page,Success,True
1604736840636,891,selenium_login:login_and_view_dashboard,Success,True
1604736840637,1136,selenium_login,Success,True
.test_0_selenium_a_login,Total:33 Passed:33 Failed:0
1604736841316,664,selenium_view_page,Success,True
.test_1_selenium_view_page,Total:34 Passed:34 Failed:0
1604736842186,868,selenium_create_page:open_create_page_editor,Success,True
1604736843632,746,selenium_create_page:save_created_page,Success,True
1604736843632,2315,selenium_create_page,Success,True
.test_1_selenium_create_page,Total:35 Passed:35 Failed:0
1604736845325,1691,selenium_edit_page:open_create_page_editor,Success,True
1604736846146,799,selenium_edit_page:save_edited_page,Success,True
1604736846146,2512,selenium_edit_page,Success,True
.test_1_selenium_edit_page,Total:36 Passed:36 Failed:0
1604736847253,772,selenium_create_comment:write_comment,Success,True
1604736847880,627,selenium_create_comment:save_comment,Success,True
1604736847880,1732,selenium_create_comment,Success,True
.test_1_selenium_create_comment,Total:37 Passed:37 Failed:0
1604736848541,659,selenium_view_blog,Success,True
.test_1_selenium_view_blog,Total:38 Passed:38 Failed:0
1604736851356,2814,selenium_view_dashboard,Success,True
.test_1_selenium_view_dashboard,Total:39 Passed:39 Failed:0
1604736851581,223,selenium_log_out,Success,True
.test_2_selenium_z_log_out,Total:40 Passed:40 Failed:0


=============================== warnings summary ===============================
../../usr/local/lib/python3.8/dist-packages/_pytest/config/__init__.py:1114
  /usr/local/lib/python3.8/dist-packages/_pytest/config/__init__.py:1114: PytestAssertRewriteWarning: Module already imported so cannot be rewritten: apiritif
    self._mark_plugins_for_rewrite(hook)

-- Docs: https://docs.pytest.org/en/stable/warnings.html
======================== 8 passed, 1 warning in 12.09s =========================
============================= test session starts ==============================
platform linux -- Python 3.8.0, pytest-6.1.1, py-1.9.0, pluggy-0.13.1
rootdir: /dc-app-performance-toolkit/app
plugins: apiritif-0.9.5
collected 8 items

selenium_ui/confluence_ui.py get driver from global
1604736851797,165,selenium_login:open_login_page,Success,True
1604736852762,880,selenium_login:login_and_view_dashboard,Success,True
1604736852762,1131,selenium_login,Success,True
.test_0_selenium_a_login,Total:41 Passed:41 Failed:0
1604736853404,628,selenium_view_page,Success,True
.test_1_selenium_view_page,Total:42 Passed:42 Failed:0
1604736854324,918,selenium_create_page:open_create_page_editor,Success,True
1604736855592,635,selenium_create_page:save_created_page,Success,True
1604736855592,2186,selenium_create_page,Success,True
.test_1_selenium_create_page,Total:43 Passed:43 Failed:0
1604736858512,2918,selenium_edit_page:open_create_page_editor,Success,True
1604736859460,927,selenium_edit_page:save_edited_page,Success,True
1604736859460,3867,selenium_edit_page,Success,True
.test_1_selenium_edit_page,Total:44 Passed:44 Failed:0
1604736862718,2872,selenium_create_comment:write_comment,Success,True
1604736863346,627,selenium_create_comment:save_comment,Success,True
1604736863346,3884,selenium_create_comment,Success,True
.test_1_selenium_create_comment,Total:45 Passed:45 Failed:0
1604736864085,738,selenium_view_blog,Success,True
.test_1_selenium_view_blog,Total:46 Passed:46 Failed:0
1604736866946,2859,selenium_view_dashboard,Success,True
.test_1_selenium_view_dashboard,Total:47 Passed:47 Failed:0
1604736867161,214,selenium_log_out,Success,True
.test_2_selenium_z_log_out,Total:48 Passed:48 Failed:0


=============================== warnings summary ===============================
../../usr/local/lib/python3.8/dist-packages/_pytest/config/__init__.py:1114
  /usr/local/lib/python3.8/dist-packages/_pytest/config/__init__.py:1114: PytestAssertRewriteWarning: Module already imported so cannot be rewritten: apiritif
    self._mark_plugins_for_rewrite(hook)

-- Docs: https://docs.pytest.org/en/stable/warnings.html
======================== 8 passed, 1 warning in 15.54s =========================
============================= test session starts ==============================
platform linux -- Python 3.8.0, pytest-6.1.1, py-1.9.0, pluggy-0.13.1
rootdir: /dc-app-performance-toolkit/app
plugins: apiritif-0.9.5
collected 8 items

selenium_ui/confluence_ui.py get driver from global
1604736867398,184,selenium_login:open_login_page,Success,True
1604736868371,888,selenium_login:login_and_view_dashboard,Success,True
1604736868371,1158,selenium_login,Success,True
.test_0_selenium_a_login,Total:49 Passed:49 Failed:0
1604736868830,443,selenium_view_page,Success,True
.test_1_selenium_view_page,Total:50 Passed:50 Failed:0
1604736869700,868,selenium_create_page:open_create_page_editor,Success,True
1604736870970,634,selenium_create_page:save_created_page,Success,True
1604736870970,2139,selenium_create_page,Success,True
.test_1_selenium_create_page,Total:51 Passed:51 Failed:0
1604736873678,2707,selenium_edit_page:open_create_page_editor,Success,True
1604736875067,1366,selenium_edit_page:save_edited_page,Success,True
1604736875067,4096,selenium_edit_page,Success,True
.test_1_selenium_edit_page,Total:52 Passed:52 Failed:0
1604736876323,833,selenium_create_comment:write_comment,Success,True
1604736876950,626,selenium_create_comment:save_comment,Success,True
1604736876950,1881,selenium_create_comment,Success,True
.test_1_selenium_create_comment,Total:53 Passed:53 Failed:0
1604736877571,620,selenium_view_blog,Success,True
.test_1_selenium_view_blog,Total:54 Passed:54 Failed:0
1604736880781,3208,selenium_view_dashboard,Success,True
.test_1_selenium_view_dashboard,Total:55 Passed:55 Failed:0
1604736880997,213,selenium_log_out,Success,True
.test_2_selenium_z_log_out,Total:56 Passed:56 Failed:0


=============================== warnings summary ===============================
../../usr/local/lib/python3.8/dist-packages/_pytest/config/__init__.py:1114
  /usr/local/lib/python3.8/dist-packages/_pytest/config/__init__.py:1114: PytestAssertRewriteWarning: Module already imported so cannot be rewritten: apiritif
    self._mark_plugins_for_rewrite(hook)

-- Docs: https://docs.pytest.org/en/stable/warnings.html
======================== 8 passed, 1 warning in 13.79s =========================
============================= test session starts ==============================
platform linux -- Python 3.8.0, pytest-6.1.1, py-1.9.0, pluggy-0.13.1
rootdir: /dc-app-performance-toolkit/app
plugins: apiritif-0.9.5
collected 8 items

selenium_ui/confluence_ui.py get driver from global
1604736881206,159,selenium_login:open_login_page,Success,True
1604736882216,921,selenium_login:login_and_view_dashboard,Success,True
1604736882216,1169,selenium_login,Success,True
.test_0_selenium_a_login,Total:57 Passed:57 Failed:0
1604736882579,347,selenium_view_page,Success,True
.test_1_selenium_view_page,Total:58 Passed:58 Failed:0
1604736883500,920,selenium_create_page:open_create_page_editor,Success,True
1604736884780,630,selenium_create_page:save_created_page,Success,True
1604736884781,2200,selenium_create_page,Success,True
.test_1_selenium_create_page,Total:59 Passed:59 Failed:0
1604736886570,1788,selenium_edit_page:open_create_page_editor,Success,True
1604736887324,731,selenium_edit_page:save_edited_page,Success,True
1604736887324,2542,selenium_edit_page,Success,True
.test_1_selenium_edit_page,Total:60 Passed:60 Failed:0
1604736888465,805,selenium_create_comment:write_comment,Success,True
1604736889094,628,selenium_create_comment:save_comment,Success,True
1604736889094,1767,selenium_create_comment,Success,True
.test_1_selenium_create_comment,Total:61 Passed:61 Failed:0
1604736890266,1170,selenium_view_blog,Success,True
.test_1_selenium_view_blog,Total:62 Passed:62 Failed:0
1604736893125,2857,selenium_view_dashboard,Success,True
.test_1_selenium_view_dashboard,Total:63 Passed:63 Failed:0
1604736893337,210,selenium_log_out,Success,True
.test_2_selenium_z_log_out,Total:64 Passed:64 Failed:0


=============================== warnings summary ===============================
../../usr/local/lib/python3.8/dist-packages/_pytest/config/__init__.py:1114
  /usr/local/lib/python3.8/dist-packages/_pytest/config/__init__.py:1114: PytestAssertRewriteWarning: Module already imported so cannot be rewritten: apiritif
    self._mark_plugins_for_rewrite(hook)

-- Docs: https://docs.pytest.org/en/stable/warnings.html
======================== 8 passed, 1 warning in 12.30s =========================
============================= test session starts ==============================
platform linux -- Python 3.8.0, pytest-6.1.1, py-1.9.0, pluggy-0.13.1
rootdir: /dc-app-performance-toolkit/app
plugins: apiritif-0.9.5
collected 8 items

selenium_ui/confluence_ui.py get driver from global
1604736893548,159,selenium_login:open_login_page,Success,True
1604736894446,813,selenium_login:login_and_view_dashboard,Success,True
1604736894447,1058,selenium_login,Success,True
.test_0_selenium_a_login,Total:65 Passed:65 Failed:0
1604736894852,391,selenium_view_page,Success,True
.test_1_selenium_view_page,Total:66 Passed:66 Failed:0
1604736895767,913,selenium_create_page:open_create_page_editor,Success,True
1604736897076,634,selenium_create_page:save_created_page,Success,True
1604736897076,2222,selenium_create_page,Success,True
.test_1_selenium_create_page,Total:67 Passed:67 Failed:0
1604736899896,2819,selenium_edit_page:open_create_page_editor,Success,True
1604736900635,717,selenium_edit_page:save_edited_page,Success,True
1604736900635,3557,selenium_edit_page,Success,True
.test_1_selenium_edit_page,Total:68 Passed:68 Failed:0
1604736901843,842,selenium_create_comment:write_comment,Success,True
1604736902474,630,selenium_create_comment:save_comment,Success,True
1604736902474,1837,selenium_create_comment,Success,True
.test_1_selenium_create_comment,Total:69 Passed:69 Failed:0
1604736903101,626,selenium_view_blog,Success,True
.test_1_selenium_view_blog,Total:70 Passed:70 Failed:0
1604736905994,2891,selenium_view_dashboard,Success,True
.test_1_selenium_view_dashboard,Total:71 Passed:71 Failed:0
1604736906214,218,selenium_log_out,Success,True
.test_2_selenium_z_log_out,Total:72 Passed:72 Failed:0


=============================== warnings summary ===============================
../../usr/local/lib/python3.8/dist-packages/_pytest/config/__init__.py:1114
  /usr/local/lib/python3.8/dist-packages/_pytest/config/__init__.py:1114: PytestAssertRewriteWarning: Module already imported so cannot be rewritten: apiritif
    self._mark_plugins_for_rewrite(hook)

-- Docs: https://docs.pytest.org/en/stable/warnings.html
======================== 8 passed, 1 warning in 12.84s =========================
============================= test session starts ==============================
platform linux -- Python 3.8.0, pytest-6.1.1, py-1.9.0, pluggy-0.13.1
rootdir: /dc-app-performance-toolkit/app
plugins: apiritif-0.9.5
collected 8 items

selenium_ui/confluence_ui.py get driver from global
1604736906425,160,selenium_login:open_login_page,Success,True
1604736907461,949,selenium_login:login_and_view_dashboard,Success,True
1604736907461,1195,selenium_login,Success,True
.test_0_selenium_a_login,Total:73 Passed:73 Failed:0
1604736908163,688,selenium_view_page,Success,True
.test_1_selenium_view_page,Total:74 Passed:74 Failed:0
1604736909032,867,selenium_create_page:open_create_page_editor,Success,True
1604736910329,620,selenium_create_page:save_created_page,Success,True
1604736910329,2164,selenium_create_page,Success,True
.test_1_selenium_create_page,Total:75 Passed:75 Failed:0
1604736912045,1714,selenium_edit_page:open_create_page_editor,Success,True
1604736912942,876,selenium_edit_page:save_edited_page,Success,True
1604736912942,2612,selenium_edit_page,Success,True
.test_1_selenium_edit_page,Total:76 Passed:76 Failed:0
1604736914060,785,selenium_create_comment:write_comment,Success,True
1604736914685,625,selenium_create_comment:save_comment,Success,True
1604736914685,1742,selenium_create_comment,Success,True
.test_1_selenium_create_comment,Total:77 Passed:77 Failed:0
1604736915290,603,selenium_view_blog,Success,True
.test_1_selenium_view_blog,Total:78 Passed:78 Failed:0
1604736918172,2879,selenium_view_dashboard,Success,True
.test_1_selenium_view_dashboard,Total:79 Passed:79 Failed:0
1604736918399,226,selenium_log_out,Success,True
.test_2_selenium_z_log_out,Total:80 Passed:80 Failed:0


=============================== warnings summary ===============================
../../usr/local/lib/python3.8/dist-packages/_pytest/config/__init__.py:1114
  /usr/local/lib/python3.8/dist-packages/_pytest/config/__init__.py:1114: PytestAssertRewriteWarning: Module already imported so cannot be rewritten: apiritif
    self._mark_plugins_for_rewrite(hook)

-- Docs: https://docs.pytest.org/en/stable/warnings.html
======================== 8 passed, 1 warning in 12.14s =========================
============================= test session starts ==============================
platform linux -- Python 3.8.0, pytest-6.1.1, py-1.9.0, pluggy-0.13.1
rootdir: /dc-app-performance-toolkit/app
plugins: apiritif-0.9.5
collected 8 items

selenium_ui/confluence_ui.py get driver from global
1604736918610,160,selenium_login:open_login_page,Success,True
1604736919510,814,selenium_login:login_and_view_dashboard,Success,True
1604736919510,1060,selenium_login,Success,True
.test_0_selenium_a_login,Total:81 Passed:81 Failed:0
1604736920303,778,selenium_view_page,Success,True
.test_1_selenium_view_page,Total:82 Passed:82 Failed:0
1604736921220,915,selenium_create_page:open_create_page_editor,Success,True
1604736922477,613,selenium_create_page:save_created_page,Success,True
1604736922477,2172,selenium_create_page,Success,True
.test_1_selenium_create_page,Total:83 Passed:83 Failed:0
1604736925315,2836,selenium_edit_page:open_create_page_editor,Success,True
1604736926661,1324,selenium_edit_page:save_edited_page,Success,True
1604736926661,4183,selenium_edit_page,Success,True
.test_1_selenium_edit_page,Total:84 Passed:84 Failed:0
1604736928160,783,selenium_create_comment:write_comment,Success,True
1604736928783,622,selenium_create_comment:save_comment,Success,True
1604736928783,2120,selenium_create_comment,Success,True
.test_1_selenium_create_comment,Total:85 Passed:85 Failed:0
1604736929318,534,selenium_view_blog,Success,True
.test_1_selenium_view_blog,Total:86 Passed:86 Failed:0
1604736932158,2838,selenium_view_dashboard,Success,True
.test_1_selenium_view_dashboard,Total:87 Passed:87 Failed:0
1604736932378,218,selenium_log_out,Success,True
.test_2_selenium_z_log_out,Total:88 Passed:88 Failed:0


=============================== warnings summary ===============================
../../usr/local/lib/python3.8/dist-packages/_pytest/config/__init__.py:1114
  /usr/local/lib/python3.8/dist-packages/_pytest/config/__init__.py:1114: PytestAssertRewriteWarning: Module already imported so cannot be rewritten: apiritif
    self._mark_plugins_for_rewrite(hook)

-- Docs: https://docs.pytest.org/en/stable/warnings.html
======================== 8 passed, 1 warning in 13.94s =========================
============================= test session starts ==============================
platform linux -- Python 3.8.0, pytest-6.1.1, py-1.9.0, pluggy-0.13.1
rootdir: /dc-app-performance-toolkit/app
plugins: apiritif-0.9.5
collected 8 items

selenium_ui/confluence_ui.py get driver from global
1604736932594,166,selenium_login:open_login_page,Success,True
1604736933476,799,selenium_login:login_and_view_dashboard,Success,True
1604736933477,1048,selenium_login,Success,True
.test_0_selenium_a_login,Total:89 Passed:89 Failed:0
1604736933872,381,selenium_view_page,Success,True
.test_1_selenium_view_page,Total:90 Passed:90 Failed:0
1604736934740,867,selenium_create_page:open_create_page_editor,Success,True
1604736936243,862,selenium_create_page:save_created_page,Success,True
1604736936243,2370,selenium_create_page,Success,True
.test_1_selenium_create_page,Total:91 Passed:91 Failed:0
1604736937963,1718,selenium_edit_page:open_create_page_editor,Success,True
1604736938868,883,selenium_edit_page:save_edited_page,Success,True
1604736938868,2623,selenium_edit_page,Success,True
.test_1_selenium_edit_page,Total:92 Passed:92 Failed:0
1604736940004,778,selenium_create_comment:write_comment,Success,True
1604736940624,619,selenium_create_comment:save_comment,Success,True
1604736940624,1754,selenium_create_comment,Success,True
.test_1_selenium_create_comment,Total:93 Passed:93 Failed:0
1604736941154,529,selenium_view_blog,Success,True
.test_1_selenium_view_blog,Total:94 Passed:94 Failed:0
1604736943992,2836,selenium_view_dashboard,Success,True
.test_1_selenium_view_dashboard,Total:95 Passed:95 Failed:0
1604736944217,224,selenium_log_out,Success,True
.test_2_selenium_z_log_out,Total:96 Passed:96 Failed:0


=============================== warnings summary ===============================
../../usr/local/lib/python3.8/dist-packages/_pytest/config/__init__.py:1114
  /usr/local/lib/python3.8/dist-packages/_pytest/config/__init__.py:1114: PytestAssertRewriteWarning: Module already imported so cannot be rewritten: apiritif
    self._mark_plugins_for_rewrite(hook)

-- Docs: https://docs.pytest.org/en/stable/warnings.html
======================== 8 passed, 1 warning in 11.80s =========================
============================= test session starts ==============================
platform linux -- Python 3.8.0, pytest-6.1.1, py-1.9.0, pluggy-0.13.1
rootdir: /dc-app-performance-toolkit/app
plugins: apiritif-0.9.5
collected 8 items

selenium_ui/confluence_ui.py get driver from global
1604736944428,160,selenium_login:open_login_page,Success,True
1604736945329,815,selenium_login:login_and_view_dashboard,Success,True
1604736945329,1061,selenium_login,Success,True
.test_0_selenium_a_login,Total:97 Passed:97 Failed:0
1604736945726,381,selenium_view_page,Success,True
.test_1_selenium_view_page,Total:98 Passed:98 Failed:0
1604736946703,976,selenium_create_page:open_create_page_editor,Success,True
1604736948120,760,selenium_create_page:save_created_page,Success,True
1604736948120,2393,selenium_create_page,Success,True
.test_1_selenium_create_page,Total:99 Passed:99 Failed:0
1604736949894,1772,selenium_edit_page:open_create_page_editor,Success,True
1604736950729,800,selenium_edit_page:save_edited_page,Success,True
1604736950729,2606,selenium_edit_page,Success,True
.test_1_selenium_edit_page,Total:100 Passed:100 Failed:0
1604736951902,815,selenium_create_comment:write_comment,Success,True
1604736952536,633,selenium_create_comment:save_comment,Success,True
1604736952536,1805,selenium_create_comment,Success,True
.test_1_selenium_create_comment,Total:101 Passed:101 Failed:0
1604736953209,671,selenium_view_blog,Success,True
.test_1_selenium_view_blog,Total:102 Passed:102 Failed:0
1604736956107,2896,selenium_view_dashboard,Success,True
.test_1_selenium_view_dashboard,Total:103 Passed:103 Failed:0
1604736956324,216,selenium_log_out,Success,True
.test_2_selenium_z_log_out,Total:104 Passed:104 Failed:0


=============================== warnings summary ===============================
../../usr/local/lib/python3.8/dist-packages/_pytest/config/__init__.py:1114
  /usr/local/lib/python3.8/dist-packages/_pytest/config/__init__.py:1114: PytestAssertRewriteWarning: Module already imported so cannot be rewritten: apiritif
    self._mark_plugins_for_rewrite(hook)

-- Docs: https://docs.pytest.org/en/stable/warnings.html
======================== 8 passed, 1 warning in 12.07s =========================
============================= test session starts ==============================
platform linux -- Python 3.8.0, pytest-6.1.1, py-1.9.0, pluggy-0.13.1
rootdir: /dc-app-performance-toolkit/app
plugins: apiritif-0.9.5
collected 8 items

selenium_ui/confluence_ui.py get driver from global
1604736956540,158,selenium_login:open_login_page,Success,True
1604736957502,876,selenium_login:login_and_view_dashboard,Success,True
1604736957502,1121,selenium_login,Success,True
.test_0_selenium_a_login,Total:105 Passed:105 Failed:0
1604736957880,362,selenium_view_page,Success,True
.test_1_selenium_view_page,Total:106 Passed:106 Failed:0
1604736958758,876,selenium_create_page:open_create_page_editor,Success,True
1604736960025,585,selenium_create_page:save_created_page,Success,True
1604736960025,2143,selenium_create_page,Success,True
.test_1_selenium_create_page,Total:107 Passed:107 Failed:0
1604736962820,2793,selenium_edit_page:open_create_page_editor,Success,True
1604736963702,858,selenium_edit_page:save_edited_page,Success,True
1604736963702,3675,selenium_edit_page,Success,True
.test_1_selenium_edit_page,Total:108 Passed:108 Failed:0
1604736964833,785,selenium_create_comment:write_comment,Success,True
1604736965460,626,selenium_create_comment:save_comment,Success,True
1604736965460,1757,selenium_create_comment,Success,True
.test_1_selenium_create_comment,Total:109 Passed:109 Failed:0
1604736965943,481,selenium_view_blog,Success,True
.test_1_selenium_view_blog,Total:110 Passed:110 Failed:0
1604736968828,2883,selenium_view_dashboard,Success,True
.test_1_selenium_view_dashboard,Total:111 Passed:111 Failed:0
1604736969055,225,selenium_log_out,Success,True
.test_2_selenium_z_log_out,Total:112 Passed:112 Failed:0


=============================== warnings summary ===============================
../../usr/local/lib/python3.8/dist-packages/_pytest/config/__init__.py:1114
  /usr/local/lib/python3.8/dist-packages/_pytest/config/__init__.py:1114: PytestAssertRewriteWarning: Module already imported so cannot be rewritten: apiritif
    self._mark_plugins_for_rewrite(hook)

-- Docs: https://docs.pytest.org/en/stable/warnings.html
======================== 8 passed, 1 warning in 12.68s =========================
============================= test session starts ==============================
platform linux -- Python 3.8.0, pytest-6.1.1, py-1.9.0, pluggy-0.13.1
rootdir: /dc-app-performance-toolkit/app
plugins: apiritif-0.9.5
collected 8 items

selenium_ui/confluence_ui.py get driver from global
1604736969273,167,selenium_login:open_login_page,Success,True
1604736970157,797,selenium_login:login_and_view_dashboard,Success,True
1604736970157,1052,selenium_login,Success,True
.test_0_selenium_a_login,Total:113 Passed:113 Failed:0
1604736970541,370,selenium_view_page,Success,True
.test_1_selenium_view_page,Total:114 Passed:114 Failed:0
1604736971406,862,selenium_create_page:open_create_page_editor,Success,True
1604736973170,1130,selenium_create_page:save_created_page,Success,True
1604736973170,2627,selenium_create_page,Success,True
.test_1_selenium_create_page,Total:115 Passed:115 Failed:0
1604736974906,1734,selenium_edit_page:open_create_page_editor,Success,True
1604736975857,929,selenium_edit_page:save_edited_page,Success,True
1604736975857,2686,selenium_edit_page,Success,True
.test_1_selenium_edit_page,Total:116 Passed:116 Failed:0
1604736976993,784,selenium_create_comment:write_comment,Success,True
1604736977615,622,selenium_create_comment:save_comment,Success,True
1604736977615,1756,selenium_create_comment,Success,True
.test_1_selenium_create_comment,Total:117 Passed:117 Failed:0
1604736978132,516,selenium_view_blog,Success,True
.test_1_selenium_view_blog,Total:118 Passed:118 Failed:0
1604736981417,3283,selenium_view_dashboard,Success,True
.test_1_selenium_view_dashboard,Total:119 Passed:119 Failed:0
1604736981640,221,selenium_log_out,Success,True
.test_2_selenium_z_log_out,Total:120 Passed:120 Failed:0


=============================== warnings summary ===============================
../../usr/local/lib/python3.8/dist-packages/_pytest/config/__init__.py:1114
  /usr/local/lib/python3.8/dist-packages/_pytest/config/__init__.py:1114: PytestAssertRewriteWarning: Module already imported so cannot be rewritten: apiritif
    self._mark_plugins_for_rewrite(hook)

-- Docs: https://docs.pytest.org/en/stable/warnings.html
======================== 8 passed, 1 warning in 12.54s =========================
============================= test session starts ==============================
platform linux -- Python 3.8.0, pytest-6.1.1, py-1.9.0, pluggy-0.13.1
rootdir: /dc-app-performance-toolkit/app
plugins: apiritif-0.9.5
collected 8 items

selenium_ui/confluence_ui.py get driver from global
1604736981884,167,selenium_login:open_login_page,Success,True
1604736982803,834,selenium_login:login_and_view_dashboard,Success,True
1604736982803,1086,selenium_login,Success,True
.test_0_selenium_a_login,Total:121 Passed:121 Failed:0
1604736983566,749,selenium_view_page,Success,True
.test_1_selenium_view_page,Total:122 Passed:122 Failed:0
1604736984442,874,selenium_create_page:open_create_page_editor,Success,True
1604736985713,618,selenium_create_page:save_created_page,Success,True
1604736985713,2145,selenium_create_page,Success,True
.test_1_selenium_create_page,Total:123 Passed:123 Failed:0
1604736988036,2322,selenium_edit_page:open_create_page_editor,Success,True
1604736988933,874,selenium_edit_page:save_edited_page,Success,True
1604736988933,3218,selenium_edit_page,Success,True
.test_1_selenium_edit_page,Total:124 Passed:124 Failed:0
1604736990129,824,selenium_create_comment:write_comment,Success,True
1604736990755,625,selenium_create_comment:save_comment,Success,True
1604736990755,1821,selenium_create_comment,Success,True
.test_1_selenium_create_comment,Total:125 Passed:125 Failed:0
1604736991319,563,selenium_view_blog,Success,True
.test_1_selenium_view_blog,Total:126 Passed:126 Failed:0
1604736994516,3194,selenium_view_dashboard,Success,True
.test_1_selenium_view_dashboard,Total:127 Passed:127 Failed:0
1604736994747,229,selenium_log_out,Success,True
.test_2_selenium_z_log_out,Total:128 Passed:128 Failed:0


=============================== warnings summary ===============================
../../usr/local/lib/python3.8/dist-packages/_pytest/config/__init__.py:1114
  /usr/local/lib/python3.8/dist-packages/_pytest/config/__init__.py:1114: PytestAssertRewriteWarning: Module already imported so cannot be rewritten: apiritif
    self._mark_plugins_for_rewrite(hook)

-- Docs: https://docs.pytest.org/en/stable/warnings.html
======================== 8 passed, 1 warning in 13.04s =========================
============================= test session starts ==============================
platform linux -- Python 3.8.0, pytest-6.1.1, py-1.9.0, pluggy-0.13.1
rootdir: /dc-app-performance-toolkit/app
plugins: apiritif-0.9.5
collected 8 items

selenium_ui/confluence_ui.py get driver from global
1604736994965,168,selenium_login:open_login_page,Success,True
1604736996137,1084,selenium_login:login_and_view_dashboard,Success,True
1604736996137,1339,selenium_login,Success,True
.test_0_selenium_a_login,Total:129 Passed:129 Failed:0
1604736996660,509,selenium_view_page,Success,True
.test_1_selenium_view_page,Total:130 Passed:130 Failed:0
1604736997591,929,selenium_create_page:open_create_page_editor,Success,True
1604736999017,710,selenium_create_page:save_created_page,Success,True
1604736999017,2355,selenium_create_page,Success,True
.test_1_selenium_create_page,Total:131 Passed:131 Failed:0
1604737001126,2108,selenium_edit_page:open_create_page_editor,Success,True
1604737002449,1302,selenium_edit_page:save_edited_page,Success,True
1604737002449,3431,selenium_edit_page,Success,True
.test_1_selenium_edit_page,Total:132 Passed:132 Failed:0
1604737004674,1790,selenium_create_comment:write_comment,Success,True
1604737005309,634,selenium_create_comment:save_comment,Success,True
1604737005309,2858,selenium_create_comment,Success,True
.test_1_selenium_create_comment,Total:133 Passed:133 Failed:0
1604737006010,700,selenium_view_blog,Success,True
.test_1_selenium_view_blog,Total:134 Passed:134 Failed:0
1604737009221,3209,selenium_view_dashboard,Success,True
.test_1_selenium_view_dashboard,Total:135 Passed:135 Failed:0
1604737009444,221,selenium_log_out,Success,True
.test_2_selenium_z_log_out,Total:136 Passed:136 Failed:0


=============================== warnings summary ===============================
../../usr/local/lib/python3.8/dist-packages/_pytest/config/__init__.py:1114
  /usr/local/lib/python3.8/dist-packages/_pytest/config/__init__.py:1114: PytestAssertRewriteWarning: Module already imported so cannot be rewritten: apiritif
    self._mark_plugins_for_rewrite(hook)

-- Docs: https://docs.pytest.org/en/stable/warnings.html
======================== 8 passed, 1 warning in 14.66s =========================
============================= test session starts ==============================
platform linux -- Python 3.8.0, pytest-6.1.1, py-1.9.0, pluggy-0.13.1
rootdir: /dc-app-performance-toolkit/app
plugins: apiritif-0.9.5
collected 8 items

selenium_ui/confluence_ui.py get driver from global
1604737009659,164,selenium_login:open_login_page,Success,True
1604737010721,976,selenium_login:login_and_view_dashboard,Success,True
1604737010721,1226,selenium_login,Success,True
.test_0_selenium_a_login,Total:137 Passed:137 Failed:0
1604737011476,740,selenium_view_page,Success,True
.test_1_selenium_view_page,Total:138 Passed:138 Failed:0
1604737012349,871,selenium_create_page:open_create_page_editor,Success,True
1604737014356,804,selenium_create_page:save_created_page,Success,True
1604737014356,2878,selenium_create_page,Success,True
.test_1_selenium_create_page,Total:139 Passed:139 Failed:0
1604737016704,2347,selenium_edit_page:open_create_page_editor,Success,True
1604737018239,1513,selenium_edit_page:save_edited_page,Success,True
1604737018239,3881,selenium_edit_page,Success,True
.test_1_selenium_edit_page,Total:140 Passed:140 Failed:0
1604737019539,848,selenium_create_comment:write_comment,Success,True
1604737020166,626,selenium_create_comment:save_comment,Success,True
1604737020166,1925,selenium_create_comment,Success,True
.test_1_selenium_create_comment,Total:141 Passed:141 Failed:0
1604737021076,908,selenium_view_blog,Success,True
.test_1_selenium_view_blog,Total:142 Passed:142 Failed:0
1604737024779,3701,selenium_view_dashboard,Success,True
.test_1_selenium_view_dashboard,Total:143 Passed:143 Failed:0
1604737025002,222,selenium_log_out,Success,True
.test_2_selenium_z_log_out,Total:144 Passed:144 Failed:0


=============================== warnings summary ===============================
../../usr/local/lib/python3.8/dist-packages/_pytest/config/__init__.py:1114
  /usr/local/lib/python3.8/dist-packages/_pytest/config/__init__.py:1114: PytestAssertRewriteWarning: Module already imported so cannot be rewritten: apiritif
    self._mark_plugins_for_rewrite(hook)

-- Docs: https://docs.pytest.org/en/stable/warnings.html
======================== 8 passed, 1 warning in 15.52s =========================
============================= test session starts ==============================
platform linux -- Python 3.8.0, pytest-6.1.1, py-1.9.0, pluggy-0.13.1
rootdir: /dc-app-performance-toolkit/app
plugins: apiritif-0.9.5
collected 8 items

selenium_ui/confluence_ui.py get driver from global
1604737025228,165,selenium_login:open_login_page,Success,True
1604737026368,1053,selenium_login:login_and_view_dashboard,Success,True
1604737026368,1305,selenium_login,Success,True
.test_0_selenium_a_login,Total:145 Passed:145 Failed:0
1604737026944,561,selenium_view_page,Success,True
.test_1_selenium_view_page,Total:146 Passed:146 Failed:0
1604737027835,889,selenium_create_page:open_create_page_editor,Success,True
1604737029164,644,selenium_create_page:save_created_page,Success,True
1604737029164,2219,selenium_create_page,Success,True
.test_1_selenium_create_page,Total:147 Passed:147 Failed:0
1604737030895,1728,selenium_edit_page:open_create_page_editor,Success,True
1604737031822,872,selenium_edit_page:save_edited_page,Success,True
1604737031822,2656,selenium_edit_page,Success,True
.test_1_selenium_edit_page,Total:148 Passed:148 Failed:0
1604737032992,808,selenium_create_comment:write_comment,Success,True
1604737033619,627,selenium_create_comment:save_comment,Success,True
1604737033620,1795,selenium_create_comment,Success,True
.test_1_selenium_create_comment,Total:149 Passed:149 Failed:0
1604737034284,662,selenium_view_blog,Success,True
.test_1_selenium_view_blog,Total:150 Passed:150 Failed:0
1604737037500,3214,selenium_view_dashboard,Success,True
.test_1_selenium_view_dashboard,Total:151 Passed:151 Failed:0
1604737037713,212,selenium_log_out,Success,True
.test_2_selenium_z_log_out,Total:152 Passed:152 Failed:0


=============================== warnings summary ===============================
../../usr/local/lib/python3.8/dist-packages/_pytest/config/__init__.py:1114
  /usr/local/lib/python3.8/dist-packages/_pytest/config/__init__.py:1114: PytestAssertRewriteWarning: Module already imported so cannot be rewritten: apiritif
    self._mark_plugins_for_rewrite(hook)

-- Docs: https://docs.pytest.org/en/stable/warnings.html
======================== 8 passed, 1 warning in 12.66s =========================
============================= test session starts ==============================
platform linux -- Python 3.8.0, pytest-6.1.1, py-1.9.0, pluggy-0.13.1
rootdir: /dc-app-performance-toolkit/app
plugins: apiritif-0.9.5
collected 8 items

selenium_ui/confluence_ui.py get driver from global
1604737037924,160,selenium_login:open_login_page,Success,True
1604737038868,859,selenium_login:login_and_view_dashboard,Success,True
1604737038869,1105,selenium_login,Success,True
.test_0_selenium_a_login,Total:153 Passed:153 Failed:0
1604737039618,735,selenium_view_page,Success,True
.test_1_selenium_view_page,Total:154 Passed:154 Failed:0
1604737040494,874,selenium_create_page:open_create_page_editor,Success,True
1604737042258,1118,selenium_create_page:save_created_page,Success,True
1604737042258,2638,selenium_create_page,Success,True
.test_1_selenium_create_page,Total:155 Passed:155 Failed:0
1604737044777,2517,selenium_edit_page:open_create_page_editor,Success,True
1604737046269,1470,selenium_edit_page:save_edited_page,Success,True
1604737046269,4009,selenium_edit_page,Success,True
.test_1_selenium_edit_page,Total:156 Passed:156 Failed:0
1604737047590,854,selenium_create_comment:write_comment,Success,True
1604737048221,630,selenium_create_comment:save_comment,Success,True
1604737048221,1950,selenium_create_comment,Success,True
.test_1_selenium_create_comment,Total:157 Passed:157 Failed:0
1604737048814,591,selenium_view_blog,Success,True
.test_1_selenium_view_blog,Total:158 Passed:158 Failed:0
1604737052116,3300,selenium_view_dashboard,Success,True
.test_1_selenium_view_dashboard,Total:159 Passed:159 Failed:0
1604737052337,220,selenium_log_out,Success,True
.test_2_selenium_z_log_out,Total:160 Passed:160 Failed:0


=============================== warnings summary ===============================
../../usr/local/lib/python3.8/dist-packages/_pytest/config/__init__.py:1114
  /usr/local/lib/python3.8/dist-packages/_pytest/config/__init__.py:1114: PytestAssertRewriteWarning: Module already imported so cannot be rewritten: apiritif
    self._mark_plugins_for_rewrite(hook)

-- Docs: https://docs.pytest.org/en/stable/warnings.html
======================== 8 passed, 1 warning in 14.58s =========================
============================= test session starts ==============================
platform linux -- Python 3.8.0, pytest-6.1.1, py-1.9.0, pluggy-0.13.1
rootdir: /dc-app-performance-toolkit/app
plugins: apiritif-0.9.5
collected 8 items

selenium_ui/confluence_ui.py get driver from global
1604737052581,193,selenium_login:open_login_page,Success,True
1604737053858,1187,selenium_login:login_and_view_dashboard,Success,True
1604737053858,1469,selenium_login,Success,True
.test_0_selenium_a_login,Total:161 Passed:161 Failed:0
1604737054256,384,selenium_view_page,Success,True
.test_1_selenium_view_page,Total:162 Passed:162 Failed:0
1604737055138,880,selenium_create_page:open_create_page_editor,Success,True
1604737056524,737,selenium_create_page:save_created_page,Success,True
1604737056524,2266,selenium_create_page,Success,True
.test_1_selenium_create_page,Total:163 Passed:163 Failed:0
1604737059299,2773,selenium_edit_page:open_create_page_editor,Success,True
1604737060231,908,selenium_edit_page:save_edited_page,Success,True
1604737060231,3705,selenium_edit_page,Success,True
.test_1_selenium_edit_page,Total:164 Passed:164 Failed:0
1604737061375,773,selenium_create_comment:write_comment,Success,True
1604737062000,624,selenium_create_comment:save_comment,Success,True
1604737062000,1767,selenium_create_comment,Success,True
.test_1_selenium_create_comment,Total:165 Passed:165 Failed:0
1604737062587,585,selenium_view_blog,Success,True
.test_1_selenium_view_blog,Total:166 Passed:166 Failed:0
1604737065956,3367,selenium_view_dashboard,Success,True
.test_1_selenium_view_dashboard,Total:167 Passed:167 Failed:0
1604737066172,214,selenium_log_out,Success,True
.test_2_selenium_z_log_out,Total:168 Passed:168 Failed:0


=============================== warnings summary ===============================
../../usr/local/lib/python3.8/dist-packages/_pytest/config/__init__.py:1114
  /usr/local/lib/python3.8/dist-packages/_pytest/config/__init__.py:1114: PytestAssertRewriteWarning: Module already imported so cannot be rewritten: apiritif
    self._mark_plugins_for_rewrite(hook)

-- Docs: https://docs.pytest.org/en/stable/warnings.html
======================== 8 passed, 1 warning in 13.79s =========================
============================= test session starts ==============================
platform linux -- Python 3.8.0, pytest-6.1.1, py-1.9.0, pluggy-0.13.1
rootdir: /dc-app-performance-toolkit/app
plugins: apiritif-0.9.5
collected 8 items

selenium_ui/confluence_ui.py get driver from global
1604737066394,163,selenium_login:open_login_page,Success,True
1604737067334,858,selenium_login:login_and_view_dashboard,Success,True
1604737067334,1103,selenium_login,Success,True
.test_0_selenium_a_login,Total:169 Passed:169 Failed:0
1604737068282,933,selenium_view_page,Success,True
.test_1_selenium_view_page,Total:170 Passed:170 Failed:0
1604737069195,912,selenium_create_page:open_create_page_editor,Success,True
1604737070459,607,selenium_create_page:save_created_page,Success,True
1604737070459,2175,selenium_create_page,Success,True
.test_1_selenium_create_page,Total:171 Passed:171 Failed:0
1604737073235,2775,selenium_edit_page:open_create_page_editor,Success,True
1604737074091,832,selenium_edit_page:save_edited_page,Success,True
1604737074091,3630,selenium_edit_page,Success,True
.test_1_selenium_edit_page,Total:172 Passed:172 Failed:0
1604737075766,1336,selenium_create_comment:write_comment,Success,True
1604737076404,637,selenium_create_comment:save_comment,Success,True
1604737076404,2312,selenium_create_comment,Success,True
.test_1_selenium_create_comment,Total:173 Passed:173 Failed:0
1604737077228,822,selenium_view_blog,Success,True
.test_1_selenium_view_blog,Total:174 Passed:174 Failed:0
1604737080952,3723,selenium_view_dashboard,Success,True
.test_1_selenium_view_dashboard,Total:175 Passed:175 Failed:0
1604737081170,216,selenium_log_out,Success,True
.test_2_selenium_z_log_out,Total:176 Passed:176 Failed:0


=============================== warnings summary ===============================
../../usr/local/lib/python3.8/dist-packages/_pytest/config/__init__.py:1114
  /usr/local/lib/python3.8/dist-packages/_pytest/config/__init__.py:1114: PytestAssertRewriteWarning: Module already imported so cannot be rewritten: apiritif
    self._mark_plugins_for_rewrite(hook)

-- Docs: https://docs.pytest.org/en/stable/warnings.html
======================== 8 passed, 1 warning in 14.95s =========================
============================= test session starts ==============================
platform linux -- Python 3.8.0, pytest-6.1.1, py-1.9.0, pluggy-0.13.1
rootdir: /dc-app-performance-toolkit/app
plugins: apiritif-0.9.5
collected 8 items

selenium_ui/confluence_ui.py get driver from global
1604737081387,165,selenium_login:open_login_page,Success,True
1604737082271,798,selenium_login:login_and_view_dashboard,Success,True
1604737082271,1050,selenium_login,Success,True
.test_0_selenium_a_login,Total:177 Passed:177 Failed:0
1604737083063,773,selenium_view_page,Success,True
.test_1_selenium_view_page,Total:178 Passed:178 Failed:0
1604737084026,961,selenium_create_page:open_create_page_editor,Success,True
1604737085232,573,selenium_create_page:save_created_page,Success,True
1604737085232,2167,selenium_create_page,Success,True
.test_1_selenium_create_page,Total:179 Passed:179 Failed:0
1604737087043,1809,selenium_edit_page:open_create_page_editor,Success,True
1604737088252,1186,selenium_edit_page:save_edited_page,Success,True
1604737088252,3019,selenium_edit_page,Success,True
.test_1_selenium_edit_page,Total:180 Passed:180 Failed:0
1604737089805,849,selenium_create_comment:write_comment,Success,True
1604737090442,635,selenium_create_comment:save_comment,Success,True
1604737090442,2188,selenium_create_comment,Success,True
.test_1_selenium_create_comment,Total:181 Passed:181 Failed:0
1604737091043,600,selenium_view_blog,Success,True
.test_1_selenium_view_blog,Total:182 Passed:182 Failed:0
1604737094310,3265,selenium_view_dashboard,Success,True
.test_1_selenium_view_dashboard,Total:183 Passed:183 Failed:0
1604737094530,219,selenium_log_out,Success,True
.test_2_selenium_z_log_out,Total:184 Passed:184 Failed:0


=============================== warnings summary ===============================
../../usr/local/lib/python3.8/dist-packages/_pytest/config/__init__.py:1114
  /usr/local/lib/python3.8/dist-packages/_pytest/config/__init__.py:1114: PytestAssertRewriteWarning: Module already imported so cannot be rewritten: apiritif
    self._mark_plugins_for_rewrite(hook)

-- Docs: https://docs.pytest.org/en/stable/warnings.html
======================== 8 passed, 1 warning in 13.32s =========================
============================= test session starts ==============================
platform linux -- Python 3.8.0, pytest-6.1.1, py-1.9.0, pluggy-0.13.1
rootdir: /dc-app-performance-toolkit/app
plugins: apiritif-0.9.5
collected 8 items

selenium_ui/confluence_ui.py get driver from global
1604737094744,163,selenium_login:open_login_page,Success,True
1604737095703,870,selenium_login:login_and_view_dashboard,Success,True
1604737095703,1121,selenium_login,Success,True
.test_0_selenium_a_login,Total:185 Passed:185 Failed:0
1604737096109,389,selenium_view_page,Success,True
.test_1_selenium_view_page,Total:186 Passed:186 Failed:0
1604737097045,934,selenium_create_page:open_create_page_editor,Success,True
1604737098363,631,selenium_create_page:save_created_page,Success,True
1604737098363,2252,selenium_create_page,Success,True
.test_1_selenium_create_page,Total:187 Passed:187 Failed:0
1604737100168,1804,selenium_edit_page:open_create_page_editor,Success,True
1604737101069,879,selenium_edit_page:save_edited_page,Success,True
1604737101069,2705,selenium_edit_page,Success,True
.test_1_selenium_edit_page,Total:188 Passed:188 Failed:0
1604737102207,780,selenium_create_comment:write_comment,Success,True
1604737102837,630,selenium_create_comment:save_comment,Success,True
1604737102837,1766,selenium_create_comment,Success,True
.test_1_selenium_create_comment,Total:189 Passed:189 Failed:0
1604737103574,735,selenium_view_blog,Success,True
.test_1_selenium_view_blog,Total:190 Passed:190 Failed:0
1604737106470,2895,selenium_view_dashboard,Success,True
.test_1_selenium_view_dashboard,Total:191 Passed:191 Failed:0
1604737106685,213,selenium_log_out,Success,True
.test_2_selenium_z_log_out,Total:192 Passed:192 Failed:0


=============================== warnings summary ===============================
../../usr/local/lib/python3.8/dist-packages/_pytest/config/__init__.py:1114
  /usr/local/lib/python3.8/dist-packages/_pytest/config/__init__.py:1114: PytestAssertRewriteWarning: Module already imported so cannot be rewritten: apiritif
    self._mark_plugins_for_rewrite(hook)

-- Docs: https://docs.pytest.org/en/stable/warnings.html
======================== 8 passed, 1 warning in 12.11s =========================
============================= test session starts ==============================
platform linux -- Python 3.8.0, pytest-6.1.1, py-1.9.0, pluggy-0.13.1
rootdir: /dc-app-performance-toolkit/app
plugins: apiritif-0.9.5
collected 8 items

selenium_ui/confluence_ui.py get driver from global
1604737106907,163,selenium_login:open_login_page,Success,True
1604737107839,845,selenium_login:login_and_view_dashboard,Success,True
1604737107839,1095,selenium_login,Success,True
.test_0_selenium_a_login,Total:193 Passed:193 Failed:0
1604737108691,836,selenium_view_page,Success,True
.test_1_selenium_view_page,Total:194 Passed:194 Failed:0
1604737109661,968,selenium_create_page:open_create_page_editor,Success,True
1604737111056,732,selenium_create_page:save_created_page,Success,True
1604737111056,2363,selenium_create_page,Success,True
.test_1_selenium_create_page,Total:195 Passed:195 Failed:0
1604737114425,3367,selenium_edit_page:open_create_page_editor,Success,True
1604737115984,1536,selenium_edit_page:save_edited_page,Success,True
1604737115984,4926,selenium_edit_page,Success,True
.test_1_selenium_edit_page,Total:196 Passed:196 Failed:0
1604737117822,1342,selenium_create_comment:write_comment,Success,True
1604737118461,639,selenium_create_comment:save_comment,Success,True
1604737118461,2476,selenium_create_comment,Success,True
.test_1_selenium_create_comment,Total:197 Passed:197 Failed:0
1604737119275,812,selenium_view_blog,Success,True
.test_1_selenium_view_blog,Total:198 Passed:198 Failed:0
1604737122469,3192,selenium_view_dashboard,Success,True
.test_1_selenium_view_dashboard,Total:199 Passed:199 Failed:0
1604737122702,231,selenium_log_out,Success,True
.test_2_selenium_z_log_out,Total:200 Passed:200 Failed:0


=============================== warnings summary ===============================
../../usr/local/lib/python3.8/dist-packages/_pytest/config/__init__.py:1114
  /usr/local/lib/python3.8/dist-packages/_pytest/config/__init__.py:1114: PytestAssertRewriteWarning: Module already imported so cannot be rewritten: apiritif
    self._mark_plugins_for_rewrite(hook)

-- Docs: https://docs.pytest.org/en/stable/warnings.html
======================== 8 passed, 1 warning in 15.97s =========================
============================= test session starts ==============================
platform linux -- Python 3.8.0, pytest-6.1.1, py-1.9.0, pluggy-0.13.1
rootdir: /dc-app-performance-toolkit/app
plugins: apiritif-0.9.5
collected 8 items

selenium_ui/confluence_ui.py get driver from global
1604737122910,157,selenium_login:open_login_page,Success,True
1604737123869,873,selenium_login:login_and_view_dashboard,Success,True
1604737123869,1116,selenium_login,Success,True
.test_0_selenium_a_login,Total:201 Passed:201 Failed:0
1604737124701,817,selenium_view_page,Success,True
.test_1_selenium_view_page,Total:202 Passed:202 Failed:0
1604737125597,895,selenium_create_page:open_create_page_editor,Success,True
1604737126801,567,selenium_create_page:save_created_page,Success,True
1604737126801,2099,selenium_create_page,Success,True
.test_1_selenium_create_page,Total:203 Passed:203 Failed:0
1604737128540,1737,selenium_edit_page:open_create_page_editor,Success,True
1604737129780,1220,selenium_edit_page:save_edited_page,Success,True
1604737129781,2978,selenium_edit_page,Success,True
.test_1_selenium_edit_page,Total:204 Passed:204 Failed:0
1604737131408,801,selenium_create_comment:write_comment,Success,True
1604737132030,622,selenium_create_comment:save_comment,Success,True
1604737132030,2248,selenium_create_comment,Success,True
.test_1_selenium_create_comment,Total:205 Passed:205 Failed:0
1604737132810,778,selenium_view_blog,Success,True
.test_1_selenium_view_blog,Total:206 Passed:206 Failed:0
1604737136303,3491,selenium_view_dashboard,Success,True
.test_1_selenium_view_dashboard,Total:207 Passed:207 Failed:0
1604737136521,217,selenium_log_out,Success,True
.test_2_selenium_z_log_out,Total:208 Passed:208 Failed:0


=============================== warnings summary ===============================
../../usr/local/lib/python3.8/dist-packages/_pytest/config/__init__.py:1114
  /usr/local/lib/python3.8/dist-packages/_pytest/config/__init__.py:1114: PytestAssertRewriteWarning: Module already imported so cannot be rewritten: apiritif
    self._mark_plugins_for_rewrite(hook)

-- Docs: https://docs.pytest.org/en/stable/warnings.html
======================== 8 passed, 1 warning in 13.78s =========================
============================= test session starts ==============================
platform linux -- Python 3.8.0, pytest-6.1.1, py-1.9.0, pluggy-0.13.1
rootdir: /dc-app-performance-toolkit/app
plugins: apiritif-0.9.5
collected 8 items

selenium_ui/confluence_ui.py get driver from global
1604737136736,157,selenium_login:open_login_page,Success,True
1604737137644,823,selenium_login:login_and_view_dashboard,Success,True
1604737137644,1065,selenium_login,Success,True
.test_0_selenium_a_login,Total:209 Passed:209 Failed:0
1604737138029,370,selenium_view_page,Success,True
.test_1_selenium_view_page,Total:210 Passed:210 Failed:0
1604737138941,911,selenium_create_page:open_create_page_editor,Success,True
1604737140301,711,selenium_create_page:save_created_page,Success,True
1604737140301,2271,selenium_create_page,Success,True
.test_1_selenium_create_page,Total:211 Passed:211 Failed:0
1604737141592,1289,selenium_edit_page:open_create_page_editor,Success,True
1604737142343,726,selenium_edit_page:save_edited_page,Success,True
1604737142343,2040,selenium_edit_page,Success,True
.test_1_selenium_edit_page,Total:212 Passed:212 Failed:0
1604737143496,791,selenium_create_comment:write_comment,Success,True
1604737144121,624,selenium_create_comment:save_comment,Success,True
1604737144121,1776,selenium_create_comment,Success,True
.test_1_selenium_create_comment,Total:213 Passed:213 Failed:0
1604737144711,588,selenium_view_blog,Success,True
.test_1_selenium_view_blog,Total:214 Passed:214 Failed:0
1604737147908,3195,selenium_view_dashboard,Success,True
.test_1_selenium_view_dashboard,Total:215 Passed:215 Failed:0
1604737148124,215,selenium_log_out,Success,True
.test_2_selenium_z_log_out,Total:216 Passed:216 Failed:0


=============================== warnings summary ===============================
../../usr/local/lib/python3.8/dist-packages/_pytest/config/__init__.py:1114
  /usr/local/lib/python3.8/dist-packages/_pytest/config/__init__.py:1114: PytestAssertRewriteWarning: Module already imported so cannot be rewritten: apiritif
    self._mark_plugins_for_rewrite(hook)

-- Docs: https://docs.pytest.org/en/stable/warnings.html
======================== 8 passed, 1 warning in 11.56s =========================
============================= test session starts ==============================
platform linux -- Python 3.8.0, pytest-6.1.1, py-1.9.0, pluggy-0.13.1
rootdir: /dc-app-performance-toolkit/app
plugins: apiritif-0.9.5
collected 8 items

selenium_ui/confluence_ui.py get driver from global
1604737148346,172,selenium_login:open_login_page,Success,True
1604737149341,896,selenium_login:login_and_view_dashboard,Success,True
1604737149341,1168,selenium_login,Success,True
.test_0_selenium_a_login,Total:217 Passed:217 Failed:0
1604737149871,513,selenium_view_page,Success,True
.test_1_selenium_view_page,Total:218 Passed:218 Failed:0
1604737150775,902,selenium_create_page:open_create_page_editor,Success,True
1604737152217,751,selenium_create_page:save_created_page,Success,True
1604737152217,2345,selenium_create_page,Success,True
.test_1_selenium_create_page,Total:219 Passed:219 Failed:0
1604737155022,2803,selenium_edit_page:open_create_page_editor,Success,True
1604737155949,903,selenium_edit_page:save_edited_page,Success,True
1604737155949,3730,selenium_edit_page,Success,True
.test_1_selenium_edit_page,Total:220 Passed:220 Failed:0
1604737157098,791,selenium_create_comment:write_comment,Success,True
1604737157724,625,selenium_create_comment:save_comment,Success,True
1604737157724,1774,selenium_create_comment,Success,True
.test_1_selenium_create_comment,Total:221 Passed:221 Failed:0
1604737159765,2039,selenium_view_blog,Success,True
.test_1_selenium_view_blog,Total:222 Passed:222 Failed:0
1604737163106,3340,selenium_view_dashboard,Success,True
.test_1_selenium_view_dashboard,Total:223 Passed:223 Failed:0
1604737163328,220,selenium_log_out,Success,True
.test_2_selenium_z_log_out,Total:224 Passed:224 Failed:0


=============================== warnings summary ===============================
../../usr/local/lib/python3.8/dist-packages/_pytest/config/__init__.py:1114
  /usr/local/lib/python3.8/dist-packages/_pytest/config/__init__.py:1114: PytestAssertRewriteWarning: Module already imported so cannot be rewritten: apiritif
    self._mark_plugins_for_rewrite(hook)

-- Docs: https://docs.pytest.org/en/stable/warnings.html
======================== 8 passed, 1 warning in 15.16s =========================
============================= test session starts ==============================
platform linux -- Python 3.8.0, pytest-6.1.1, py-1.9.0, pluggy-0.13.1
rootdir: /dc-app-performance-toolkit/app
plugins: apiritif-0.9.5
collected 8 items

selenium_ui/confluence_ui.py get driver from global
1604737163544,165,selenium_login:open_login_page,Success,True
1604737164433,807,selenium_login:login_and_view_dashboard,Success,True
1604737164433,1055,selenium_login,Success,True
.test_0_selenium_a_login,Total:225 Passed:225 Failed:0
1604737165201,752,selenium_view_page,Success,True
.test_1_selenium_view_page,Total:226 Passed:226 Failed:0
1604737166111,909,selenium_create_page:open_create_page_editor,Success,True
1604737167474,648,selenium_create_page:save_created_page,Success,True
1604737167474,2272,selenium_create_page,Success,True
.test_1_selenium_create_page,Total:227 Passed:227 Failed:0
1604737170300,2824,selenium_edit_page:open_create_page_editor,Success,True
1604737171560,1238,selenium_edit_page:save_edited_page,Success,True
1604737171560,4085,selenium_edit_page,Success,True
.test_1_selenium_edit_page,Total:228 Passed:228 Failed:0
1604737173043,799,selenium_create_comment:write_comment,Success,True
1604737173665,622,selenium_create_comment:save_comment,Success,True
1604737173665,2103,selenium_create_comment,Success,True
.test_1_selenium_create_comment,Total:229 Passed:229 Failed:0
1604737174232,565,selenium_view_blog,Success,True
.test_1_selenium_view_blog,Total:230 Passed:230 Failed:0
1604737177092,2858,selenium_view_dashboard,Success,True
.test_1_selenium_view_dashboard,Total:231 Passed:231 Failed:0
1604737177306,212,selenium_log_out,Success,True
.test_2_selenium_z_log_out,Total:232 Passed:232 Failed:0


=============================== warnings summary ===============================
../../usr/local/lib/python3.8/dist-packages/_pytest/config/__init__.py:1114
  /usr/local/lib/python3.8/dist-packages/_pytest/config/__init__.py:1114: PytestAssertRewriteWarning: Module already imported so cannot be rewritten: apiritif
    self._mark_plugins_for_rewrite(hook)

-- Docs: https://docs.pytest.org/en/stable/warnings.html
======================== 8 passed, 1 warning in 13.94s =========================
============================= test session starts ==============================
platform linux -- Python 3.8.0, pytest-6.1.1, py-1.9.0, pluggy-0.13.1
rootdir: /dc-app-performance-toolkit/app
plugins: apiritif-0.9.5
collected 8 items

selenium_ui/confluence_ui.py get driver from global
1604737177515,158,selenium_login:open_login_page,Success,True
1604737178413,812,selenium_login:login_and_view_dashboard,Success,True
1604737178413,1056,selenium_login,Success,True
.test_0_selenium_a_login,Total:233 Passed:233 Failed:0
1604737178909,482,selenium_view_page,Success,True
.test_1_selenium_view_page,Total:234 Passed:234 Failed:0
1604737179758,848,selenium_create_page:open_create_page_editor,Success,True
1604737181012,570,selenium_create_page:save_created_page,Success,True
1604737181012,2102,selenium_create_page,Success,True
.test_1_selenium_create_page,Total:235 Passed:235 Failed:0
1604737184444,3431,selenium_edit_page:open_create_page_editor,Success,True
1604737185680,1212,selenium_edit_page:save_edited_page,Success,True
1604737185680,4666,selenium_edit_page,Success,True
.test_1_selenium_edit_page,Total:236 Passed:236 Failed:0
1604737186928,839,selenium_create_comment:write_comment,Success,True
1604737187566,637,selenium_create_comment:save_comment,Success,True
1604737187566,1885,selenium_create_comment,Success,True
.test_1_selenium_create_comment,Total:237 Passed:237 Failed:0
1604737188274,706,selenium_view_blog,Success,True
.test_1_selenium_view_blog,Total:238 Passed:238 Failed:0
1604737191571,3295,selenium_view_dashboard,Success,True
.test_1_selenium_view_dashboard,Total:239 Passed:239 Failed:0
1604737191788,216,selenium_log_out,Success,True
.test_2_selenium_z_log_out,Total:240 Passed:240 Failed:0


=============================== warnings summary ===============================
../../usr/local/lib/python3.8/dist-packages/_pytest/config/__init__.py:1114
  /usr/local/lib/python3.8/dist-packages/_pytest/config/__init__.py:1114: PytestAssertRewriteWarning: Module already imported so cannot be rewritten: apiritif
    self._mark_plugins_for_rewrite(hook)

-- Docs: https://docs.pytest.org/en/stable/warnings.html
======================== 8 passed, 1 warning in 14.44s =========================
============================= test session starts ==============================
platform linux -- Python 3.8.0, pytest-6.1.1, py-1.9.0, pluggy-0.13.1
rootdir: /dc-app-performance-toolkit/app
plugins: apiritif-0.9.5
collected 8 items

selenium_ui/confluence_ui.py get driver from global
1604737192023,156,selenium_login:open_login_page,Success,True
1604737192924,810,selenium_login:login_and_view_dashboard,Success,True
1604737192924,1057,selenium_login,Success,True
.test_0_selenium_a_login,Total:241 Passed:241 Failed:0
1604737193441,502,selenium_view_page,Success,True
.test_1_selenium_view_page,Total:242 Passed:242 Failed:0
1604737194331,888,selenium_create_page:open_create_page_editor,Success,True
1604737195572,604,selenium_create_page:save_created_page,Success,True
1604737195573,2130,selenium_create_page,Success,True
.test_1_selenium_create_page,Total:243 Passed:243 Failed:0
1604737198913,3338,selenium_edit_page:open_create_page_editor,Success,True
1604737199898,964,selenium_edit_page:save_edited_page,Success,True
1604737199898,4324,selenium_edit_page,Success,True
.test_1_selenium_edit_page,Total:244 Passed:244 Failed:0
1604737201149,837,selenium_create_comment:write_comment,Success,True
1604737201781,631,selenium_create_comment:save_comment,Success,True
1604737201781,1880,selenium_create_comment,Success,True
.test_1_selenium_create_comment,Total:245 Passed:245 Failed:0
1604737202596,813,selenium_view_blog,Success,True
.test_1_selenium_view_blog,Total:246 Passed:246 Failed:0
1604737205528,2930,selenium_view_dashboard,Success,True
.test_1_selenium_view_dashboard,Total:247 Passed:247 Failed:0
1604737205749,219,selenium_log_out,Success,True
.test_2_selenium_z_log_out,Total:248 Passed:248 Failed:0


=============================== warnings summary ===============================
../../usr/local/lib/python3.8/dist-packages/_pytest/config/__init__.py:1114
  /usr/local/lib/python3.8/dist-packages/_pytest/config/__init__.py:1114: PytestAssertRewriteWarning: Module already imported so cannot be rewritten: apiritif
    self._mark_plugins_for_rewrite(hook)

-- Docs: https://docs.pytest.org/en/stable/warnings.html
======================== 8 passed, 1 warning in 13.89s =========================
============================= test session starts ==============================
platform linux -- Python 3.8.0, pytest-6.1.1, py-1.9.0, pluggy-0.13.1
rootdir: /dc-app-performance-toolkit/app
plugins: apiritif-0.9.5
collected 8 items

selenium_ui/confluence_ui.py get driver from global
1604737205967,160,selenium_login:open_login_page,Success,True
1604737206965,913,selenium_login:login_and_view_dashboard,Success,True
1604737206965,1158,selenium_login,Success,True
.test_0_selenium_a_login,Total:249 Passed:249 Failed:0
1604737207847,867,selenium_view_page,Success,True
.test_1_selenium_view_page,Total:250 Passed:250 Failed:0
1604737208696,847,selenium_create_page:open_create_page_editor,Success,True
1604737210069,702,selenium_create_page:save_created_page,Success,True
1604737210069,2220,selenium_create_page,Success,True
.test_1_selenium_create_page,Total:251 Passed:251 Failed:0
1604737213040,2969,selenium_edit_page:open_create_page_editor,Success,True
1604737214601,1535,selenium_edit_page:save_edited_page,Success,True
1604737214601,4531,selenium_edit_page,Success,True
.test_1_selenium_edit_page,Total:252 Passed:252 Failed:0
1604737215948,853,selenium_create_comment:write_comment,Success,True
1604737216576,627,selenium_create_comment:save_comment,Success,True
1604737216576,1973,selenium_create_comment,Success,True
.test_1_selenium_create_comment,Total:253 Passed:253 Failed:0
1604737217208,630,selenium_view_blog,Success,True
.test_1_selenium_view_blog,Total:254 Passed:254 Failed:0
1604737220125,2915,selenium_view_dashboard,Success,True
.test_1_selenium_view_dashboard,Total:255 Passed:255 Failed:0
1604737220338,211,selenium_log_out,Success,True
.test_2_selenium_z_log_out,Total:256 Passed:256 Failed:0


=============================== warnings summary ===============================
../../usr/local/lib/python3.8/dist-packages/_pytest/config/__init__.py:1114
  /usr/local/lib/python3.8/dist-packages/_pytest/config/__init__.py:1114: PytestAssertRewriteWarning: Module already imported so cannot be rewritten: apiritif
    self._mark_plugins_for_rewrite(hook)

-- Docs: https://docs.pytest.org/en/stable/warnings.html
======================== 8 passed, 1 warning in 14.54s =========================
============================= test session starts ==============================
platform linux -- Python 3.8.0, pytest-6.1.1, py-1.9.0, pluggy-0.13.1
rootdir: /dc-app-performance-toolkit/app
plugins: apiritif-0.9.5
collected 8 items

selenium_ui/confluence_ui.py get driver from global
1604737220560,164,selenium_login:open_login_page,Success,True
1604737221500,852,selenium_login:login_and_view_dashboard,Success,True
1604737221500,1104,selenium_login,Success,True
.test_0_selenium_a_login,Total:257 Passed:257 Failed:0
1604737221878,361,selenium_view_page,Success,True
.test_1_selenium_view_page,Total:258 Passed:258 Failed:0
1604737222807,927,selenium_create_page:open_create_page_editor,Success,True
1604737224616,1115,selenium_create_page:save_created_page,Success,True
1604737224616,2736,selenium_create_page,Success,True
.test_1_selenium_create_page,Total:259 Passed:259 Failed:0
1604737226371,1753,selenium_edit_page:open_create_page_editor,Success,True
1604737227180,787,selenium_edit_page:save_edited_page,Success,True
1604737227180,2562,selenium_edit_page,Success,True
.test_1_selenium_edit_page,Total:260 Passed:260 Failed:0
1604737228309,774,selenium_create_comment:write_comment,Success,True
1604737228932,622,selenium_create_comment:save_comment,Success,True
1604737228932,1751,selenium_create_comment,Success,True
.test_1_selenium_create_comment,Total:261 Passed:261 Failed:0
1604737229431,497,selenium_view_blog,Success,True
.test_1_selenium_view_blog,Total:262 Passed:262 Failed:0
1604737232418,2985,selenium_view_dashboard,Success,True
.test_1_selenium_view_dashboard,Total:263 Passed:263 Failed:0
1604737232635,215,selenium_log_out,Success,True
.test_2_selenium_z_log_out,Total:264 Passed:264 Failed:0


=============================== warnings summary ===============================
../../usr/local/lib/python3.8/dist-packages/_pytest/config/__init__.py:1114
  /usr/local/lib/python3.8/dist-packages/_pytest/config/__init__.py:1114: PytestAssertRewriteWarning: Module already imported so cannot be rewritten: apiritif
    self._mark_plugins_for_rewrite(hook)

-- Docs: https://docs.pytest.org/en/stable/warnings.html
======================== 8 passed, 1 warning in 12.25s =========================
============================= test session starts ==============================
platform linux -- Python 3.8.0, pytest-6.1.1, py-1.9.0, pluggy-0.13.1
rootdir: /dc-app-performance-toolkit/app
plugins: apiritif-0.9.5
collected 8 items

selenium_ui/confluence_ui.py get driver from global
1604737232848,158,selenium_login:open_login_page,Success,True
1604737233731,795,selenium_login:login_and_view_dashboard,Success,True
1604737233731,1041,selenium_login,Success,True
.test_0_selenium_a_login,Total:265 Passed:265 Failed:0
1604737234151,405,selenium_view_page,Success,True
.test_1_selenium_view_page,Total:266 Passed:266 Failed:0
1604737235019,866,selenium_create_page:open_create_page_editor,Success,True
1604737236467,747,selenium_create_page:save_created_page,Success,True
1604737236467,2315,selenium_create_page,Success,True
.test_1_selenium_create_page,Total:267 Passed:267 Failed:0
1604737239231,2762,selenium_edit_page:open_create_page_editor,Success,True
1604737240160,907,selenium_edit_page:save_edited_page,Success,True
1604737240160,3691,selenium_edit_page,Success,True
.test_1_selenium_edit_page,Total:268 Passed:268 Failed:0
1604737241248,764,selenium_create_comment:write_comment,Success,True
1604737241869,621,selenium_create_comment:save_comment,Success,True
1604737241869,1707,selenium_create_comment,Success,True
.test_1_selenium_create_comment,Total:269 Passed:269 Failed:0
1604737242379,508,selenium_view_blog,Success,True
.test_1_selenium_view_blog,Total:270 Passed:270 Failed:0
1604737245263,2882,selenium_view_dashboard,Success,True
.test_1_selenium_view_dashboard,Total:271 Passed:271 Failed:0
1604737245480,215,selenium_log_out,Success,True
.test_2_selenium_z_log_out,Total:272 Passed:272 Failed:0


=============================== warnings summary ===============================
../../usr/local/lib/python3.8/dist-packages/_pytest/config/__init__.py:1114
  /usr/local/lib/python3.8/dist-packages/_pytest/config/__init__.py:1114: PytestAssertRewriteWarning: Module already imported so cannot be rewritten: apiritif
    self._mark_plugins_for_rewrite(hook)

-- Docs: https://docs.pytest.org/en/stable/warnings.html
======================== 8 passed, 1 warning in 12.80s =========================
============================= test session starts ==============================
platform linux -- Python 3.8.0, pytest-6.1.1, py-1.9.0, pluggy-0.13.1
rootdir: /dc-app-performance-toolkit/app
plugins: apiritif-0.9.5
collected 8 items

selenium_ui/confluence_ui.py get driver from global
1604737245691,160,selenium_login:open_login_page,Success,True
1604737246624,848,selenium_login:login_and_view_dashboard,Success,True
1604737246624,1093,selenium_login,Success,True
.test_0_selenium_a_login,Total:273 Passed:273 Failed:0
1604737247031,392,selenium_view_page,Success,True
.test_1_selenium_view_page,Total:274 Passed:274 Failed:0
1604737247995,963,selenium_create_page:open_create_page_editor,Success,True
1604737249275,640,selenium_create_page:save_created_page,Success,True
1604737249275,2243,selenium_create_page,Success,True
.test_1_selenium_create_page,Total:275 Passed:275 Failed:0
1604737252092,2815,selenium_edit_page:open_create_page_editor,Success,True
1604737252896,781,selenium_edit_page:save_edited_page,Success,True
1604737252896,3618,selenium_edit_page,Success,True
.test_1_selenium_edit_page,Total:276 Passed:276 Failed:0
1604737254131,853,selenium_create_comment:write_comment,Success,True
1604737254771,640,selenium_create_comment:save_comment,Success,True
1604737254771,1874,selenium_create_comment,Success,True
.test_1_selenium_create_comment,Total:277 Passed:277 Failed:0
1604737255388,615,selenium_view_blog,Success,True
.test_1_selenium_view_blog,Total:278 Passed:278 Failed:0
1604737258674,3284,selenium_view_dashboard,Success,True
.test_1_selenium_view_dashboard,Total:279 Passed:279 Failed:0
1604737258890,215,selenium_log_out,Success,True
.test_2_selenium_z_log_out,Total:280 Passed:280 Failed:0


=============================== warnings summary ===============================
../../usr/local/lib/python3.8/dist-packages/_pytest/config/__init__.py:1114
  /usr/local/lib/python3.8/dist-packages/_pytest/config/__init__.py:1114: PytestAssertRewriteWarning: Module already imported so cannot be rewritten: apiritif
    self._mark_plugins_for_rewrite(hook)

-- Docs: https://docs.pytest.org/en/stable/warnings.html
======================== 8 passed, 1 warning in 13.37s =========================
============================= test session starts ==============================
platform linux -- Python 3.8.0, pytest-6.1.1, py-1.9.0, pluggy-0.13.1
rootdir: /dc-app-performance-toolkit/app
plugins: apiritif-0.9.5
collected 8 items

selenium_ui/confluence_ui.py get driver from global
1604737259102,161,selenium_login:open_login_page,Success,True
1604737260047,860,selenium_login:login_and_view_dashboard,Success,True
1604737260047,1107,selenium_login,Success,True
.test_0_selenium_a_login,Total:281 Passed:281 Failed:0
1604737260572,508,selenium_view_page,Success,True
.test_1_selenium_view_page,Total:282 Passed:282 Failed:0
1604737261479,905,selenium_create_page:open_create_page_editor,Success,True
1604737262771,640,selenium_create_page:save_created_page,Success,True
1604737262771,2197,selenium_create_page,Success,True
.test_1_selenium_create_page,Total:283 Passed:283 Failed:0
1604737264994,2222,selenium_edit_page:open_create_page_editor,Success,True
1604737266277,1260,selenium_edit_page:save_edited_page,Success,True
1604737266277,3504,selenium_edit_page,Success,True
.test_1_selenium_edit_page,Total:284 Passed:284 Failed:0
1604737268015,1285,selenium_create_comment:write_comment,Success,True
1604737268674,658,selenium_create_comment:save_comment,Success,True
1604737268674,2396,selenium_create_comment,Success,True
.test_1_selenium_create_comment,Total:285 Passed:285 Failed:0
1604737270079,1403,selenium_view_blog,Success,True
.test_1_selenium_view_blog,Total:286 Passed:286 Failed:0
1604737273336,3255,selenium_view_dashboard,Success,True
.test_1_selenium_view_dashboard,Total:287 Passed:287 Failed:0
1604737273558,220,selenium_log_out,Success,True
.test_2_selenium_z_log_out,Total:288 Passed:288 Failed:0


=============================== warnings summary ===============================
../../usr/local/lib/python3.8/dist-packages/_pytest/config/__init__.py:1114
  /usr/local/lib/python3.8/dist-packages/_pytest/config/__init__.py:1114: PytestAssertRewriteWarning: Module already imported so cannot be rewritten: apiritif
    self._mark_plugins_for_rewrite(hook)

-- Docs: https://docs.pytest.org/en/stable/warnings.html
======================== 8 passed, 1 warning in 14.63s =========================
============================= test session starts ==============================
platform linux -- Python 3.8.0, pytest-6.1.1, py-1.9.0, pluggy-0.13.1
rootdir: /dc-app-performance-toolkit/app
plugins: apiritif-0.9.5
collected 8 items

[...]
rootdir: /dc-app-performance-toolkit/app
plugins: apiritif-0.9.5
collected 8 items

selenium_ui/confluence_ui.py get driver from global
1604739367919,162,selenium_login:open_login_page,Success,True
1604739368847,843,selenium_login:login_and_view_dashboard,Success,True
1604739368847,1090,selenium_login,Success,True
.test_0_selenium_a_login,Total:1553 Passed:1553 Failed:0
1604739369244,382,selenium_view_page,Success,True
.test_1_selenium_view_page,Total:1554 Passed:1554 Failed:0
1604739370126,880,selenium_create_page:open_create_page_editor,Success,True
1604739371370,610,selenium_create_page:save_created_page,Success,True
1604739371370,2125,selenium_create_page,Success,True
.test_1_selenium_create_page,Total:1555 Passed:1555 Failed:0
1604739374195,2823,selenium_edit_page:open_create_page_editor,Success,True
1604739375069,852,selenium_edit_page:save_edited_page,Success,True
1604739375069,3697,selenium_edit_page,Success,True
.test_1_selenium_edit_page,Total:1556 Passed:1556 Failed:0
1604739376189,782,selenium_create_comment:write_comment,Success,True
1604739376812,622,selenium_create_comment:save_comment,Success,True
1604739376812,1741,selenium_create_comment,Success,True
.test_1_selenium_create_comment,Total:1557 Passed:1557 Failed:0
1604739377618,805,selenium_view_blog,Success,True
.test_1_selenium_view_blog,Total:1558 Passed:1558 Failed:0
1604739381305,3685,selenium_view_dashboard,Success,True
.test_1_selenium_view_dashboard,Total:1559 Passed:1559 Failed:0
1604739381537,230,selenium_log_out,Success,True
.test_2_selenium_z_log_out,Total:1560 Passed:1560 Failed:0


=============================== warnings summary ===============================
../../usr/local/lib/python3.8/dist-packages/_pytest/config/__init__.py:1114
  /usr/local/lib/python3.8/dist-packages/_pytest/config/__init__.py:1114: PytestAssertRewriteWarning: Module already imported so cannot be rewritten: apiritif
    self._mark_plugins_for_rewrite(hook)

-- Docs: https://docs.pytest.org/en/stable/warnings.html
======================== 8 passed, 1 warning in 13.79s =========================
============================= test session starts ==============================
platform linux -- Python 3.8.0, pytest-6.1.1, py-1.9.0, pluggy-0.13.1
rootdir: /dc-app-performance-toolkit/app
plugins: apiritif-0.9.5
collected 8 items

selenium_ui/confluence_ui.py get driver from global
1604739381756,161,selenium_login:open_login_page,Success,True
1604739382727,878,selenium_login:login_and_view_dashboard,Success,True
1604739382727,1132,selenium_login,Success,True
.test_0_selenium_a_login,Total:1561 Passed:1561 Failed:0
1604739383134,393,selenium_view_page,Success,True
.test_1_selenium_view_page,Total:1562 Passed:1562 Failed:0
1604739384066,930,selenium_create_page:open_create_page_editor,Success,True
1604739385488,760,selenium_create_page:save_created_page,Success,True
1604739385488,2352,selenium_create_page,Success,True
.test_1_selenium_create_page,Total:1563 Passed:1563 Failed:0
1604739387287,1797,selenium_edit_page:open_create_page_editor,Success,True
1604739388189,878,selenium_edit_page:save_edited_page,Success,True
1604739388189,2700,selenium_edit_page,Success,True
.test_1_selenium_edit_page,Total:1564 Passed:1564 Failed:0
1604739389417,860,selenium_create_comment:write_comment,Success,True
1604739390061,643,selenium_create_comment:save_comment,Success,True
1604739390061,1870,selenium_create_comment,Success,True
.test_1_selenium_create_comment,Total:1565 Passed:1565 Failed:0
1604739390652,589,selenium_view_blog,Success,True
.test_1_selenium_view_blog,Total:1566 Passed:1566 Failed:0
1604739394043,3389,selenium_view_dashboard,Success,True
.test_1_selenium_view_dashboard,Total:1567 Passed:1567 Failed:0
1604739394261,217,selenium_log_out,Success,True
.test_2_selenium_z_log_out,Total:1568 Passed:1568 Failed:0


=============================== warnings summary ===============================
../../usr/local/lib/python3.8/dist-packages/_pytest/config/__init__.py:1114
  /usr/local/lib/python3.8/dist-packages/_pytest/config/__init__.py:1114: PytestAssertRewriteWarning: Module already imported so cannot be rewritten: apiritif
    self._mark_plugins_for_rewrite(hook)

-- Docs: https://docs.pytest.org/en/stable/warnings.html
======================== 8 passed, 1 warning in 12.68s =========================
============================= test session starts ==============================
platform linux -- Python 3.8.0, pytest-6.1.1, py-1.9.0, pluggy-0.13.1
rootdir: /dc-app-performance-toolkit/app
plugins: apiritif-0.9.5
collected 8 items

selenium_ui/confluence_ui.py get driver from global
1604739394479,167,selenium_login:open_login_page,Success,True
1604739395397,832,selenium_login:login_and_view_dashboard,Success,True
1604739395397,1085,selenium_login,Success,True
.test_0_selenium_a_login,Total:1569 Passed:1569 Failed:0
1604739395823,411,selenium_view_page,Success,True
.test_1_selenium_view_page,Total:1570 Passed:1570 Failed:0
1604739396724,899,selenium_create_page:open_create_page_editor,Success,True
1604739398083,652,selenium_create_page:save_created_page,Success,True
1604739398083,2258,selenium_create_page,Success,True
.test_1_selenium_create_page,Total:1571 Passed:1571 Failed:0
1604739400912,2827,selenium_edit_page:open_create_page_editor,Success,True
1604739401900,966,selenium_edit_page:save_edited_page,Success,True
1604739401900,3815,selenium_edit_page,Success,True
.test_1_selenium_edit_page,Total:1572 Passed:1572 Failed:0
1604739403044,773,selenium_create_comment:write_comment,Success,True
1604739403674,630,selenium_create_comment:save_comment,Success,True
1604739403674,1773,selenium_create_comment,Success,True
.test_1_selenium_create_comment,Total:1573 Passed:1573 Failed:0
1604739404205,529,selenium_view_blog,Success,True
.test_1_selenium_view_blog,Total:1574 Passed:1574 Failed:0
1604739407062,2856,selenium_view_dashboard,Success,True
.test_1_selenium_view_dashboard,Total:1575 Passed:1575 Failed:0
1604739407277,213,selenium_log_out,Success,True
.test_2_selenium_z_log_out,Total:1576 Passed:1576 Failed:0


=============================== warnings summary ===============================
../../usr/local/lib/python3.8/dist-packages/_pytest/config/__init__.py:1114
  /usr/local/lib/python3.8/dist-packages/_pytest/config/__init__.py:1114: PytestAssertRewriteWarning: Module already imported so cannot be rewritten: apiritif
    self._mark_plugins_for_rewrite(hook)

-- Docs: https://docs.pytest.org/en/stable/warnings.html
======================== 8 passed, 1 warning in 12.97s =========================
============================= test session starts ==============================
platform linux -- Python 3.8.0, pytest-6.1.1, py-1.9.0, pluggy-0.13.1
rootdir: /dc-app-performance-toolkit/app
plugins: apiritif-0.9.5
collected 8 items

selenium_ui/confluence_ui.py get driver from global
1604739407497,163,selenium_login:open_login_page,Success,True
1604739408399,817,selenium_login:login_and_view_dashboard,Success,True
1604739408399,1065,selenium_login,Success,True
.test_0_selenium_a_login,Total:1577 Passed:1577 Failed:0
1604739408761,347,selenium_view_page,Success,True
.test_1_selenium_view_page,Total:1578 Passed:1578 Failed:0
1604739409610,847,selenium_create_page:open_create_page_editor,Success,True
1604739410934,604,selenium_create_page:save_created_page,Success,True
1604739410934,2171,selenium_create_page,Success,True
.test_1_selenium_create_page,Total:1579 Passed:1579 Failed:0
1604739413756,2821,selenium_edit_page:open_create_page_editor,Success,True
1604739414551,773,selenium_edit_page:save_edited_page,Success,True
1604739414551,3616,selenium_edit_page,Success,True
.test_1_selenium_edit_page,Total:1580 Passed:1580 Failed:0
1604739415727,816,selenium_create_comment:write_comment,Success,True
1604739416349,622,selenium_create_comment:save_comment,Success,True
1604739416349,1796,selenium_create_comment,Success,True
.test_1_selenium_create_comment,Total:1581 Passed:1581 Failed:0
1604739416980,629,selenium_view_blog,Success,True
.test_1_selenium_view_blog,Total:1582 Passed:1582 Failed:0
1604739420194,3212,selenium_view_dashboard,Success,True
.test_1_selenium_view_dashboard,Total:1583 Passed:1583 Failed:0
1604739420408,213,selenium_log_out,Success,True
.test_2_selenium_z_log_out,Total:1584 Passed:1584 Failed:0


=============================== warnings summary ===============================
../../usr/local/lib/python3.8/dist-packages/_pytest/config/__init__.py:1114
  /usr/local/lib/python3.8/dist-packages/_pytest/config/__init__.py:1114: PytestAssertRewriteWarning: Module already imported so cannot be rewritten: apiritif
    self._mark_plugins_for_rewrite(hook)

-- Docs: https://docs.pytest.org/en/stable/warnings.html
======================== 8 passed, 1 warning in 13.08s =========================
============================= test session starts ==============================
platform linux -- Python 3.8.0, pytest-6.1.1, py-1.9.0, pluggy-0.13.1
rootdir: /dc-app-performance-toolkit/app
plugins: apiritif-0.9.5
collected 8 items

selenium_ui/confluence_ui.py get driver from global
1604739420623,164,selenium_login:open_login_page,Success,True
1604739421653,941,selenium_login:login_and_view_dashboard,Success,True
1604739421653,1194,selenium_login,Success,True
.test_0_selenium_a_login,Total:1585 Passed:1585 Failed:0
1604739422031,361,selenium_view_page,Success,True
.test_1_selenium_view_page,Total:1586 Passed:1586 Failed:0
1604739423030,998,selenium_create_page:open_create_page_editor,Success,True
1604739424395,698,selenium_create_page:save_created_page,Success,True
1604739424395,2363,selenium_create_page,Success,True
.test_1_selenium_create_page,Total:1587 Passed:1587 Failed:0
1604739426169,1772,selenium_edit_page:open_create_page_editor,Success,True
1604739426992,800,selenium_edit_page:save_edited_page,Success,True
1604739426992,2595,selenium_edit_page,Success,True
.test_1_selenium_edit_page,Total:1588 Passed:1588 Failed:0
1604739428177,800,selenium_create_comment:write_comment,Success,True
1604739428808,630,selenium_create_comment:save_comment,Success,True
1604739428808,1815,selenium_create_comment,Success,True
.test_1_selenium_create_comment,Total:1589 Passed:1589 Failed:0
1604739429590,780,selenium_view_blog,Success,True
.test_1_selenium_view_blog,Total:1590 Passed:1590 Failed:0
1604739433442,3850,selenium_view_dashboard,Success,True
.test_1_selenium_view_dashboard,Total:1591 Passed:1591 Failed:0
1604739433662,219,selenium_log_out,Success,True
.test_2_selenium_z_log_out,Total:1592 Passed:1592 Failed:0


=============================== warnings summary ===============================
../../usr/local/lib/python3.8/dist-packages/_pytest/config/__init__.py:1114
  /usr/local/lib/python3.8/dist-packages/_pytest/config/__init__.py:1114: PytestAssertRewriteWarning: Module already imported so cannot be rewritten: apiritif
    self._mark_plugins_for_rewrite(hook)

-- Docs: https://docs.pytest.org/en/stable/warnings.html
======================== 8 passed, 1 warning in 13.21s =========================
============================= test session starts ==============================
platform linux -- Python 3.8.0, pytest-6.1.1, py-1.9.0, pluggy-0.13.1
rootdir: /dc-app-performance-toolkit/app
plugins: apiritif-0.9.5
collected 8 items

selenium_ui/confluence_ui.py get driver from global
1604739433885,172,selenium_login:open_login_page,Success,True
1604739434813,844,selenium_login:login_and_view_dashboard,Success,True
1604739434814,1100,selenium_login,Success,True
.test_0_selenium_a_login,Total:1593 Passed:1593 Failed:0
1604739435275,447,selenium_view_page,Success,True
.test_1_selenium_view_page,Total:1594 Passed:1594 Failed:0
1604739436183,906,selenium_create_page:open_create_page_editor,Success,True
1604739437468,624,selenium_create_page:save_created_page,Success,True
1604739437468,2191,selenium_create_page,Success,True
.test_1_selenium_create_page,Total:1595 Passed:1595 Failed:0
1604739440601,3131,selenium_edit_page:open_create_page_editor,Success,True
1604739442320,1693,selenium_edit_page:save_edited_page,Success,True
1604739442320,4850,selenium_edit_page,Success,True
.test_1_selenium_edit_page,Total:1596 Passed:1596 Failed:0
1604739443677,865,selenium_create_comment:write_comment,Success,True
1604739444315,637,selenium_create_comment:save_comment,Success,True
1604739444315,1993,selenium_create_comment,Success,True
.test_1_selenium_create_comment,Total:1597 Passed:1597 Failed:0
1604739445082,766,selenium_view_blog,Success,True
.test_1_selenium_view_blog,Total:1598 Passed:1598 Failed:0
1604739448286,3203,selenium_view_dashboard,Success,True
.test_1_selenium_view_dashboard,Total:1599 Passed:1599 Failed:0
1604739448509,221,selenium_log_out,Success,True
.test_2_selenium_z_log_out,Total:1600 Passed:1600 Failed:0


=============================== warnings summary ===============================
../../usr/local/lib/python3.8/dist-packages/_pytest/config/__init__.py:1114
  /usr/local/lib/python3.8/dist-packages/_pytest/config/__init__.py:1114: PytestAssertRewriteWarning: Module already imported so cannot be rewritten: apiritif
    self._mark_plugins_for_rewrite(hook)

-- Docs: https://docs.pytest.org/en/stable/warnings.html
======================== 8 passed, 1 warning in 14.80s =========================
============================= test session starts ==============================
platform linux -- Python 3.8.0, pytest-6.1.1, py-1.9.0, pluggy-0.13.1
rootdir: /dc-app-performance-toolkit/app
plugins: apiritif-0.9.5
collected 8 items

selenium_ui/confluence_ui.py get driver from global
1604739448725,165,selenium_login:open_login_page,Success,True
1604739449710,899,selenium_login:login_and_view_dashboard,Success,True
1604739449710,1150,selenium_login,Success,True
.test_0_selenium_a_login,Total:1601 Passed:1601 Failed:0
1604739450625,899,selenium_view_page,Success,True
.test_1_selenium_view_page,Total:1602 Passed:1602 Failed:0
1604739451580,952,selenium_create_page:open_create_page_editor,Success,True
1604739452867,630,selenium_create_page:save_created_page,Success,True
1604739452867,2239,selenium_create_page,Success,True
.test_1_selenium_create_page,Total:1603 Passed:1603 Failed:0
1604739454651,1783,selenium_edit_page:open_create_page_editor,Success,True
1604739455902,1228,selenium_edit_page:save_edited_page,Success,True
1604739455902,3034,selenium_edit_page,Success,True
.test_1_selenium_edit_page,Total:1604 Passed:1604 Failed:0
1604739457632,910,selenium_create_comment:write_comment,Success,True
1604739458229,597,selenium_create_comment:save_comment,Success,True
1604739458229,2325,selenium_create_comment,Success,True
.test_1_selenium_create_comment,Total:1605 Passed:1605 Failed:0
1604739458827,596,selenium_view_blog,Success,True
.test_1_selenium_view_blog,Total:1606 Passed:1606 Failed:0
1604739462061,3232,selenium_view_dashboard,Success,True
.test_1_selenium_view_dashboard,Total:1607 Passed:1607 Failed:0
1604739462277,214,selenium_log_out,Success,True
.test_2_selenium_z_log_out,Total:1608 Passed:1608 Failed:0


=============================== warnings summary ===============================
../../usr/local/lib/python3.8/dist-packages/_pytest/config/__init__.py:1114
  /usr/local/lib/python3.8/dist-packages/_pytest/config/__init__.py:1114: PytestAssertRewriteWarning: Module already imported so cannot be rewritten: apiritif
    self._mark_plugins_for_rewrite(hook)

-- Docs: https://docs.pytest.org/en/stable/warnings.html
======================== 8 passed, 1 warning in 13.73s =========================
============================= test session starts ==============================
platform linux -- Python 3.8.0, pytest-6.1.1, py-1.9.0, pluggy-0.13.1
rootdir: /dc-app-performance-toolkit/app
plugins: apiritif-0.9.5
collected 8 items

selenium_ui/confluence_ui.py get driver from global
1604739462493,165,selenium_login:open_login_page,Success,True
1604739463384,806,selenium_login:login_and_view_dashboard,Success,True
1604739463384,1057,selenium_login,Success,True
.test_0_selenium_a_login,Total:1609 Passed:1609 Failed:0
1604739463749,349,selenium_view_page,Success,True
.test_1_selenium_view_page,Total:1610 Passed:1610 Failed:0
1604739464682,931,selenium_create_page:open_create_page_editor,Success,True
1604739466098,746,selenium_create_page:save_created_page,Success,True
1604739466098,2348,selenium_create_page,Success,True
.test_1_selenium_create_page,Total:1611 Passed:1611 Failed:0
1604739468929,2829,selenium_edit_page:open_create_page_editor,Success,True
1604739469630,679,selenium_edit_page:save_edited_page,Success,True
1604739469630,3530,selenium_edit_page,Success,True
.test_1_selenium_edit_page,Total:1612 Passed:1612 Failed:0
1604739470753,794,selenium_create_comment:write_comment,Success,True
1604739471379,626,selenium_create_comment:save_comment,Success,True
1604739471379,1748,selenium_create_comment,Success,True
.test_1_selenium_create_comment,Total:1613 Passed:1613 Failed:0
1604739472036,655,selenium_view_blog,Success,True
.test_1_selenium_view_blog,Total:1614 Passed:1614 Failed:0
1604739475382,3344,selenium_view_dashboard,Success,True
.test_1_selenium_view_dashboard,Total:1615 Passed:1615 Failed:0
1604739475596,212,selenium_log_out,Success,True
.test_2_selenium_z_log_out,Total:1616 Passed:1616 Failed:0


=============================== warnings summary ===============================
../../usr/local/lib/python3.8/dist-packages/_pytest/config/__init__.py:1114
  /usr/local/lib/python3.8/dist-packages/_pytest/config/__init__.py:1114: PytestAssertRewriteWarning: Module already imported so cannot be rewritten: apiritif
    self._mark_plugins_for_rewrite(hook)

-- Docs: https://docs.pytest.org/en/stable/warnings.html
======================== 8 passed, 1 warning in 13.28s =========================
============================= test session starts ==============================
platform linux -- Python 3.8.0, pytest-6.1.1, py-1.9.0, pluggy-0.13.1
rootdir: /dc-app-performance-toolkit/app
plugins: apiritif-0.9.5
collected 8 items

selenium_ui/confluence_ui.py get driver from global
1604739475815,168,selenium_login:open_login_page,Success,True
1604739476791,890,selenium_login:login_and_view_dashboard,Success,True
1604739476791,1144,selenium_login,Success,True
.test_0_selenium_a_login,Total:1617 Passed:1617 Failed:0
1604739477510,704,selenium_view_page,Success,True
.test_1_selenium_view_page,Total:1618 Passed:1618 Failed:0
1604739478413,902,selenium_create_page:open_create_page_editor,Success,True
1604739479707,588,selenium_create_page:save_created_page,Success,True
1604739479707,2196,selenium_create_page,Success,True
.test_1_selenium_create_page,Total:1619 Passed:1619 Failed:0
1604739481673,1964,selenium_edit_page:open_create_page_editor,Success,True
1604739482953,1258,selenium_edit_page:save_edited_page,Success,True
1604739482953,3244,selenium_edit_page,Success,True
.test_1_selenium_edit_page,Total:1620 Passed:1620 Failed:0
1604739484468,828,selenium_create_comment:write_comment,Success,True
1604739485057,588,selenium_create_comment:save_comment,Success,True
1604739485057,2103,selenium_create_comment,Success,True
.test_1_selenium_create_comment,Total:1621 Passed:1621 Failed:0
1604739485607,548,selenium_view_blog,Success,True
.test_1_selenium_view_blog,Total:1622 Passed:1622 Failed:0
1604739488535,2926,selenium_view_dashboard,Success,True
.test_1_selenium_view_dashboard,Total:1623 Passed:1623 Failed:0
1604739488754,217,selenium_log_out,Success,True
.test_2_selenium_z_log_out,Total:1624 Passed:1624 Failed:0


=============================== warnings summary ===============================
../../usr/local/lib/python3.8/dist-packages/_pytest/config/__init__.py:1114
  /usr/local/lib/python3.8/dist-packages/_pytest/config/__init__.py:1114: PytestAssertRewriteWarning: Module already imported so cannot be rewritten: apiritif
    self._mark_plugins_for_rewrite(hook)

-- Docs: https://docs.pytest.org/en/stable/warnings.html
======================== 8 passed, 1 warning in 13.12s =========================
